2016-01-26 17:14:25 - 信息:林文印Error:单据信息不存在!
2016-01-26 17:14:39 - 信息:林文印Error:单据信息不存在!
2016-01-26 17:14:49 - 信息:读取微信配置Config成功
2016-01-26 17:14:49 - 信息:获取AccessToken成功！keyValue:5 AccessToken：YkB7vnf9BUO8XjQiY24ZCv76bXInFUowuOpR3Qhr8YjabDnH0d9I0-KR4i8omQeLwkEb5M70e-QwmrX-eu86siB4E6kzSk8FbdOJTtRbFV0BIGcACASZX
2016-01-26 17:21:37 - 信息:林文印Error:单据信息不存在!
2016-01-26 17:22:34 - 信息:林文印Error:单据信息不存在!
2016-01-26 17:26:05 - 信息:{"BillDetail":[{"Name":"寮娴缂","sl":"1","je":"8.00"}],
"AllPay":"8.00"}
2016-01-26 17:30:33 - 信息:{"BillDetail":[{"Name":"寮娴缂","sl":"1","je":"8.00"}],
"AllPay":"8.00"}
2016-01-26 17:31:04 - 信息:{"BillDetail":[{"Name":"寮娴缂","sl":"1","je":"8.00"}],
"AllPay":"8.00"}
2016-01-26 17:31:26 - 日志错误：正在中止线程。
2016-01-26 17:32:22 - 信息:{"BillDetail":[{"Name":"寮娴缂","sl":"1","je":"8.00"}],
"AllPay":"8.00"}
2016-01-26 17:42:03 - 信息:林文印Error:单据信息不存在!
2016-01-26 18:02:56 - 日志错误：正在中止线程。
2016-01-27 08:48:49 - 信息:林文印Error:单据信息不存在!
2016-01-27 08:48:55 - 信息:{"BillDetail":"[{"Name":"百香绿茶","sl":"1","je":"12"},{"Name":"美式咖啡","sl":"2","je":"20"},{"Name":"芒果沙冰","sl":"1","je":"30"}]",
"UserName":"林文印",
"AllPay":"67"}
2016-01-27 08:50:12 - 信息:{"BillDetail":"[{"Name":"百香绿茶","sl":"1","je":"12"},{"Name":"美式咖啡","sl":"2","je":"20"},{"Name":"芒果沙冰","sl":"1","je":"30"}]",
"UserName":"林文印",
"AllPay":"67"}
2016-01-27 08:53:41 - 信息:{"BillDetail":"[{"Name":"百香绿茶","sl":"1","je":"12"},{"Name":"美式咖啡","sl":"2","je":"20"},{"Name":"芒果沙冰","sl":"1","je":"30"}]",
"UserName":"林文印",
"AllPay":"67"}
2016-01-27 08:54:21 - 信息:{"BillDetail":"[{"Name":"百香绿茶","sl":"1","je":"12"},{"Name":"美式咖啡","sl":"2","je":"20"},{"Name":"芒果沙冰","sl":"1","je":"30"}]",
"UserName":"林文印",
"AllPay":"67"}
2016-01-27 08:55:19 - 信息:{"BillDetail":"[{"Name":"百香绿茶","sl":"1","je":"12"},{"Name":"美式咖啡","sl":"2","je":"20"},{"Name":"芒果沙冰","sl":"1","je":"30"}]",
"UserName":"林文印",
"AllPay":"67"}
2016-01-27 08:59:24 - 信息:{"BillDetail":"[{"Name":"寮娴缂","sl":"1","je":"8.00"}]",
"UserName":"林文印",
"AllPay":"8.00"}
2016-01-27 09:10:01 - 日志错误：正在中止线程。
