【2016-9-28 9:30:39】  创建卡券 { 
                            "card": {
                               "card_type": "GENERAL_COUPON",
                               "general_coupon": {
                                   "base_info": {
                                       "logo_url": "https://mmbiz.qlogo.cn/mmbiz_jpg/ricQmKND28iaB9aR747G31jxKvOLs8LKoCYzmVIIor2MbNZ1hHGAjLib2xibUibKumzOIuYJqDagIiaQo6BvO3qlIPBQ/0?wx_fmt=jpeg",
                                       "brand_name":"利郎轻商务",
                                       "code_type":"CODE_TYPE_TEXT",
                                       "title": "测试券4",
                                       "sub_title": "轻商务",
                                       "color": "Color081",
                                       "notice": "请让营业员扫码销券",
                                       "service_phone": "",
                                       "description": "使用须知",
                                       "date_info": {
                                           "type": "DATE_TYPE_FIX_TIME_RANGE",
                                           "begin_timestamp": 1472659200 ,
                                           "end_timestamp": 1475251140
                                       },
                                       "sku": {
                                           "quantity": 50
                                       },
                                       "get_limit": 50,
                                       "use_custom_code": false,  
                                       "bind_openid":true,                                     
                                       "can_share": false,
                                       "can_give_friend": false,                                       
                                       "custom_url_name": "",
                                       "custom_url": "",
                                       "custom_url_sub_title": "",
                                       "promotion_url_name": "",
                                       "promotion_url": "",
                                       "promotion_url_sub_title":"",
                                       "source": "LILANZ"
                                   },
                                   "default_detail":"优惠说明" 
                                }
                             }
                            }提交结果：{"errcode":0,"errmsg":"ok","card_id":"p8SpZv0m8eeFqE6EjPu53OWTdU4U"}
【2016-9-28 10:01:09】  更新卡券 {
                              "card_id":"parMEtzhGlkIkxogB05BvBLuTmno",
                              "general_coupon": {
                                       "base_info": {
                                           "color": "Color010",
                                           "notice": "使用提醒",
                                           "service_phone": "",
                                           "description": "使用说明处",                                           
                                           "date_info": {
                                               "type": "DATE_TYPE_FIX_TIME_RANGE",
                                               "begin_timestamp": 1472659200,
                                               "end_timestamp": 1475506200
                                           },
                                           "get_limit": 20, 
                                           "can_give_friend":true,                                                                                                                                  
                                           "custom_url_name": "外链入口名",
                                           "custom_url": "http://www.lilanz.com",
                                           "custom_url_sub_title": "外链提示语",
                                           "promotion_url_name": "营销入口名",
                                           "promotion_url": "http://www.lilanz.com",
                                           "promotion_url_sub_title":"营销提示语"
                                       }
                                    }
                                }提交结果：{"errcode":40100,"errmsg":"invalid DateInfo, Make Sure OldDateInfoType==NewDateInfoType && NewBeginTime<=OldBeginTime && OldEndTime<= NewEndTime hint: [RkHkWa0070ent2]"}
【2016-9-28 10:01:24】  更新卡券 {
                              "card_id":"parMEtzhGlkIkxogB05BvBLuTmno",
                              "general_coupon": {
                                       "base_info": {
                                           "color": "Color010",
                                           "notice": "使用提醒",
                                           "service_phone": "",
                                           "description": "使用说明处",                                           
                                           "date_info": {
                                               "type": "DATE_TYPE_FIX_TIME_RANGE",
                                               "begin_timestamp": 1472659200,
                                               "end_timestamp": 1475509800
                                           },
                                           "get_limit": 20, 
                                           "can_give_friend":true,                                                                                                                                  
                                           "custom_url_name": "外链入口名",
                                           "custom_url": "http://www.lilanz.com",
                                           "custom_url_sub_title": "外链提示语",
                                           "promotion_url_name": "营销入口名",
                                           "promotion_url": "http://www.lilanz.com",
                                           "promotion_url_sub_title":"营销提示语"
                                       }
                                    }
                                }提交结果：{"errcode":40100,"errmsg":"invalid DateInfo, Make Sure OldDateInfoType==NewDateInfoType && NewBeginTime<=OldBeginTime && OldEndTime<= NewEndTime hint: [DsRD60085ent2]"}
【2016-9-28 10:01:37】  更新卡券 {
                              "card_id":"parMEtzhGlkIkxogB05BvBLuTmno",
                              "general_coupon": {
                                       "base_info": {
                                           "color": "Color010",
                                           "notice": "使用提醒",
                                           "service_phone": "",
                                           "description": "使用说明处",                                           
                                           "date_info": {
                                               "type": "DATE_TYPE_FIX_TIME_RANGE",
                                               "begin_timestamp": 1472659200,
                                               "end_timestamp": 1475510340
                                           },
                                           "get_limit": 20, 
                                           "can_give_friend":true,                                                                                                                                  
                                           "custom_url_name": "外链入口名",
                                           "custom_url": "http://www.lilanz.com",
                                           "custom_url_sub_title": "外链提示语",
                                           "promotion_url_name": "营销入口名",
                                           "promotion_url": "http://www.lilanz.com",
                                           "promotion_url_sub_title":"营销提示语"
                                       }
                                    }
                                }提交结果：{"errcode":0,"errmsg":"ok","send_check":true}
【2016-9-28 11:20:48】  创建卡券 { 
                            "card": {
                               "card_type": "GENERAL_COUPON",
                               "general_coupon": {
                                   "base_info": {
                                       "logo_url": "https://mmbiz.qlogo.cn/mmbiz_jpg/ricQmKND28iaB9aR747G31jxKvOLs8LKoCYzmVIIor2MbNZ1hHGAjLib2xibUibKumzOIuYJqDagIiaQo6BvO3qlIPBQ/0?wx_fmt=jpeg",
                                       "brand_name":"利郎轻商务",
                                       "code_type":"CODE_TYPE_BARCODE",
                                       "title": "轻商务测试抵用卡券",
                                       "sub_title": "无",
                                       "color": "Color010",
                                       "notice": "请让营业员扫码销券",
                                       "service_phone": "",
                                       "description": "仅测试时使用。",
                                       "date_info": {
                                           "type": "DATE_TYPE_FIX_TIME_RANGE",
                                           "begin_timestamp": 1472659200 ,
                                           "end_timestamp": 1475337540
                                       },
                                       "sku": {
                                           "quantity": 100
                                       },
                                       "get_limit": 50,
                                       "use_custom_code": false,  
                                       "bind_openid":true,                                     
                                       "can_share": false,
                                       "can_give_friend": true,                                       
                                       "custom_url_name": "",
                                       "custom_url": "",
                                       "custom_url_sub_title": "",
                                       "promotion_url_name": "",
                                       "promotion_url": "",
                                       "promotion_url_sub_title":"",
                                       "source": "LILANZ"
                                   },
                                   "default_detail":"仅测试时使用。" 
                                }
                             }
                            }提交结果：{"errcode":0,"errmsg":"ok","card_id":"p8SpZv31rHv7h2gPXFJbt7HP5RXc"}
