【2016-9-27 11:47:10】  创建卡券 { 
                            "card": {
                               "card_type": "GENERAL_COUPON",
                               "general_coupon": {
                                   "base_info": {
                                       "logo_url": "http://mmbiz.qpic.cn/mmbiz/wrgiaawibvBmAF6dCOA33AxFSc5gmSpgjZ4D7YExKlEJ6jUNgtmEHB3roAWKLX8e6s2stsCXN67ZRrnLhaMyYenQ/0",
                                       "brand_name":"利郎男装",
                                       "code_type":"CODE_TYPE_TEXT",
                                       "title": "测试券",
                                       "sub_title": "利郎中国",
                                       "color": "Color010",
                                       "notice": "请让营业员扫码销券",
                                       "service_phone": "",
                                       "description": "123",
                                       "date_info": {
                                           "type": "DATE_TYPE_FIX_TIME_RANGE",
                                           "begin_timestamp": 1472659200 ,
                                           "end_timestamp": 1475247540
                                       },
                                       "sku": {
                                           "quantity": 50
                                       },
                                       "get_limit": 50,
                                       "use_custom_code": false,  
                                       "bind_openid":true,                                     
                                       "can_share": false,
                                       "can_give_friend": true,                                       
                                       "custom_url_name": "",
                                       "custom_url": "",
                                       "custom_url_sub_title": "",
                                       "promotion_url_name": "",
                                       "promotion_url": "",
                                       "promotion_url_sub_title":"",
                                       "source": "LILANZ"
                                   },
                                   "default_detail":"123" 
                                }
                             }
                            }提交结果：{"errcode":0,"errmsg":"ok","card_id":"p8SpZv-4YcNlYVQ0SfYaWOL5H6Hc"}
【2016-9-27 14:15:59】  创建卡券 { 
                            "card": {
                               "card_type": "GENERAL_COUPON",
                               "general_coupon": {
                                   "base_info": {
                                       "logo_url": "https://mmbiz.qlogo.cn/mmbiz_jpg/ricQmKND28iaB9aR747G31jxKvOLs8LKoCYzmVIIor2MbNZ1hHGAjLib2xibUibKumzOIuYJqDagIiaQo6BvO3qlIPBQ/0?wx_fmt=jpeg",
                                       "brand_name":"利郎男装",
                                       "code_type":"CODE_TYPE_TEXT",
                                       "title": "测试2",
                                       "sub_title": "测试",
                                       "color": "Color010",
                                       "notice": "请让营业员扫码销券",
                                       "service_phone": "",
                                       "description": "测试",
                                       "date_info": {
                                           "type": "DATE_TYPE_FIX_TIME_RANGE",
                                           "begin_timestamp": 1472659200 ,
                                           "end_timestamp": 1475247540
                                       },
                                       "sku": {
                                           "quantity": 20
                                       },
                                       "get_limit": 20,
                                       "use_custom_code": false,  
                                       "bind_openid":true,                                     
                                       "can_share": false,
                                       "can_give_friend": true,                                       
                                       "custom_url_name": "",
                                       "custom_url": "",
                                       "custom_url_sub_title": "",
                                       "promotion_url_name": "",
                                       "promotion_url": "",
                                       "promotion_url_sub_title":"",
                                       "source": "LILANZ"
                                   },
                                   "default_detail":"测试" 
                                }
                             }
                            }提交结果：{"errcode":0,"errmsg":"ok","card_id":"p8SpZv2-Cx66KDlAHBqBv-CNf12M"}
【2016-9-27 14:20:17】  更新卡券 {
                              "card_id":"p8SpZv2-Cx66KDlAHBqBv-CNf12M",
                              "general_coupon": {
                                       "base_info": {
                                           "color": "Color010",
                                           "notice": "请让营业员扫码销券",
                                           "service_phone": "",
                                           "description": "测试",                                           
                                           "date_info": {
                                               "type": "DATE_TYPE_FIX_TIME_RANGE",
                                               "begin_timestamp": 1472659200,
                                               "end_timestamp": 1475247540
                                           },
                                           "get_limit": 20, 
                                           "can_give_friend":true,                                                                                                                                  
                                           "custom_url_name": "",
                                           "custom_url": "",
                                           "custom_url_sub_title": "",
                                           "promotion_url_name": "",
                                           "promotion_url": "",
                                           "promotion_url_sub_title":""
                                       }
                                    }
                                }提交结果：{"errcode":0,"errmsg":"ok","send_check":true}
【2016-9-27 15:20:04】  创建卡券 { 
                            "card": {
                               "card_type": "GENERAL_COUPON",
                               "general_coupon": {
                                   "base_info": {
                                       "logo_url": "https://mmbiz.qlogo.cn/mmbiz_jpg/ricQmKND28iaB9aR747G31jxKvOLs8LKoCYzmVIIor2MbNZ1hHGAjLib2xibUibKumzOIuYJqDagIiaQo6BvO3qlIPBQ/0?wx_fmt=jpeg",
                                       "brand_name":"利郎轻商务",
                                       "code_type":"CODE_TYPE_TEXT",
                                       "title": "测试5",
                                       "sub_title": "利郎轻商务",
                                       "color": "Color010",
                                       "notice": "请让营业员扫码销券",
                                       "service_phone": "",
                                       "description": "利郎轻商务",
                                       "date_info": {
                                           "type": "DATE_TYPE_FIX_TIME_RANGE",
                                           "begin_timestamp": 1472659200 ,
                                           "end_timestamp": 1475251140
                                       },
                                       "sku": {
                                           "quantity": 20
                                       },
                                       "get_limit": 20,
                                       "use_custom_code": false,  
                                       "bind_openid":true,                                     
                                       "can_share": false,
                                       "can_give_friend": true,                                       
                                       "custom_url_name": "",
                                       "custom_url": "",
                                       "custom_url_sub_title": "",
                                       "promotion_url_name": "",
                                       "promotion_url": "",
                                       "promotion_url_sub_title":"",
                                       "source": "LILANZ"
                                   },
                                   "default_detail":"利郎轻商务" 
                                }
                             }
                            }提交结果：{"errcode":0,"errmsg":"ok","card_id":"p8SpZvzEneILEYHLASOBWRon6vJM"}
【2016-9-27 15:21:36】  更新卡券 {
                              "card_id":"p8SpZvzEneILEYHLASOBWRon6vJM",
                              "general_coupon": {
                                       "base_info": {
                                           "color": "Color030",
                                           "notice": "请让营业员扫码销券",
                                           "service_phone": "",
                                           "description": "利郎轻商务",                                           
                                           "date_info": {
                                               "type": "DATE_TYPE_FIX_TIME_RANGE",
                                               "begin_timestamp": 1472659200,
                                               "end_timestamp": 1475251140
                                           },
                                           "get_limit": 20, 
                                           "can_give_friend":true,                                                                                                                                  
                                           "custom_url_name": "",
                                           "custom_url": "",
                                           "custom_url_sub_title": "",
                                           "promotion_url_name": "",
                                           "promotion_url": "",
                                           "promotion_url_sub_title":""
                                       }
                                    }
                                }提交结果：{"errcode":0,"errmsg":"ok","send_check":true}
