2016-06-07 16:35:50 - [信息]
SQL:SET XACT_ABORT ON BEGIN TRAN  declare @zxid int;declare @zxh varchar(50);declare @zpc varchar(50); select @zpc=right(convert(varchar(8),getdate(),112),6)+'_3622A1_ss'; declare @maxdjh varchar(6);set @maxdjh='001'; select top 1  @maxdjh=right('000'+cast(cast(right(a.zxxh,3) as int)+1 as varchar),3) from cl_t_wlzxd a  where a.tzid=1 and a.zxpc=@zpc order by a.zxxh desc;set @zxh=@zpc+'_'+@maxdjh; insert into cl_t_wlzxd(tzid,zxxh,lyid,lymxid,sl,zdrq,zdr,bz,zxpc,xzl,zbz,isxj) values  (@tzid,@zxh,'713576','6144806','2',getdate(),@username,'PDA扫码装箱',@zpc,'0','','0');select a.sm into #tmtmp from (select '16060700001' sm) a  update a set a.zxxh=@zxh,a.syzt=1 from cl_t_wltmb a inner join #tmtmp b on a.tm=b.sm; insert cl_t_wlsmjlb(tzid,sm,zxxh,smlb) select @tzid,a.sm,@zxh,'tm' from #tmtmp a ;drop table #tmtmp;select @zxh;COMMIT TRAN GO;
tmList:16060700001
xmList:
2016-06-07 16:42:11 - [信息]
SQL:SET XACT_ABORT ON BEGIN TRAN  declare @zxid int;declare @zxh varchar(50);declare @zpc varchar(50); select @zpc=right(convert(varchar(8),getdate(),112),6)+'_3622A1_12'; declare @maxdjh varchar(6);set @maxdjh='001'; select top 1  @maxdjh=right('000'+cast(cast(right(a.zxxh,3) as int)+1 as varchar),3) from cl_t_wlzxd a  where a.tzid=1 and a.zxpc=@zpc order by a.zxxh desc;set @zxh=@zpc+'_'+@maxdjh; insert into cl_t_wlzxd(tzid,zxxh,lyid,lymxid,sl,zdrq,zdr,bz,zxpc,xzl,zbz,isxj) values  (@tzid,@zxh,'713576','6144806','2',getdate(),@username,'PDA扫码装箱',@zpc,'0','','0');select a.sm into #tmtmp from (select '16060700001' sm) a  update a set a.zxxh=@zxh,a.syzt=1 from cl_t_wltmb a inner join #tmtmp b on a.tm=b.sm; insert cl_t_wlsmjlb(tzid,sm,zxxh,smlb) select @tzid,a.sm,@zxh,'tm' from #tmtmp a ;drop table #tmtmp;select @zxh;COMMIT TRAN GO;
tmList:16060700001
xmList:
2016-06-07 17:08:45 - [信息]
SQL:SET XACT_ABORT ON BEGIN TRAN  declare @zxid int;declare @zxh varchar(50);declare @zpc varchar(50); select @zpc=right(convert(varchar(8),getdate(),112),6)+'_3622A1_22'; declare @maxdjh varchar(6);set @maxdjh='001'; select top 1  @maxdjh=right('000'+cast(cast(right(a.zxxh,3) as int)+1 as varchar),3) from cl_t_wlzxd a  where a.tzid=1 and a.zxpc=@zpc order by a.zxxh desc;set @zxh=@zpc+'_'+@maxdjh; insert into cl_t_wlzxd(tzid,zxxh,lyid,lymxid,sl,zdrq,zdr,bz,zxpc,xzl,zbz,isxj) values  (@tzid,@zxh,'713576','6144806','2',getdate(),@username,'PDA扫码装箱',@zpc,'0','','0');select a.sm into #tmtmp from (select '16060700001' sm) a  update a set a.zxxh=@zxh,a.syzt=1 from cl_t_wltmb a inner join #tmtmp b on a.tm=b.sm; insert cl_t_wlsmjlb(tzid,sm,zxxh,smlb) select @tzid,a.sm,@zxh,'tm' from #tmtmp a ;drop table #tmtmp;select @zxh;COMMIT TRAN GO;
tmList:16060700001
xmList:
2016-06-07 17:14:32 - [信息]
SQL:SET XACT_ABORT ON BEGIN TRAN  declare @zxid int;declare @zxh varchar(50);declare @zpc varchar(50); select @zpc=right(convert(varchar(8),getdate(),112),6)+'_3622A1_22'; declare @maxdjh varchar(6);set @maxdjh='001'; select top 1  @maxdjh=right('000'+cast(cast(right(a.zxxh,3) as int)+1 as varchar),3) from cl_t_wlzxd a  where a.tzid=1 and a.zxpc=@zpc order by a.zxxh desc;set @zxh=@zpc+'_'+@maxdjh; insert into cl_t_wlzxd(tzid,zxxh,lyid,lymxid,sl,zdrq,zdr,bz,zxpc,xzl,zbz,isxj) values  (@tzid,@zxh,'713576','6144806','2',getdate(),@username,'PDA扫码装箱',@zpc,'0','','0');select a.sm into #tmtmp from (select '16060700001' sm) a  update a set a.zxxh=@zxh,a.syzt=1 from cl_t_wltmb a inner join #tmtmp b on a.tm=b.sm; insert cl_t_wlsmjlb(tzid,sm,zxxh,smlb) select @tzid,a.sm,@zxh,'tm' from #tmtmp a ;drop table #tmtmp;select @zxh;COMMIT TRAN GO;
tmList:16060700001
xmList:
2016-06-07 17:17:10 - [信息]
SQL:SET XACT_ABORT ON BEGIN TRAN  declare @zxid int;declare @zxh varchar(50);declare @zpc varchar(50); select @zpc=right(convert(varchar(8),getdate(),112),6)+'_3622A1_55'; declare @maxdjh varchar(6);set @maxdjh='001'; select top 1  @maxdjh=right('000'+cast(cast(right(a.zxxh,3) as int)+1 as varchar),3) from cl_t_wlzxd a  where a.tzid=1 and a.zxpc=@zpc order by a.zxxh desc;set @zxh=@zpc+'_'+@maxdjh; insert into cl_t_wlzxd(tzid,zxxh,lyid,lymxid,sl,zdrq,zdr,bz,zxpc,xzl,zbz,isxj) values  (@tzid,@zxh,'713576','6144806','2',getdate(),@username,'PDA扫码装箱',@zpc,'0','','0');select a.sm into #tmtmp from (select '16060700001' sm) a  update a set a.zxxh=@zxh,a.syzt=1 from cl_t_wltmb a inner join #tmtmp b on a.tm=b.sm; insert cl_t_wlsmjlb(tzid,sm,zxxh,smlb) select @tzid,a.sm,@zxh,'tm' from #tmtmp a ;drop table #tmtmp;select @zxh;COMMIT TRAN GO;
tmList:16060700001
xmList:
2016-06-07 17:22:29 - [信息]
SQL:SET XACT_ABORT ON BEGIN TRAN  declare @zxid int;declare @zxh varchar(50);declare @zpc varchar(50); select @zpc=right(convert(varchar(8),getdate(),112),6)+'_3622A1_55'; declare @maxdjh varchar(6);set @maxdjh='001'; select top 1  @maxdjh=right('000'+cast(cast(right(a.zxxh,3) as int)+1 as varchar),3) from cl_t_wlzxd a  where a.tzid=1 and a.zxpc=@zpc order by a.zxxh desc;set @zxh=@zpc+'_'+@maxdjh; insert into cl_t_wlzxd(tzid,zxxh,lyid,lymxid,sl,zdrq,zdr,bz,zxpc,xzl,zbz,isxj) values  (@tzid,@zxh,'713576','6144806','2',getdate(),@username,'PDA扫码装箱',@zpc,'0','','0');select a.sm into #tmtmp from (select '16060700001' sm) a  update a set a.zxxh=@zxh,a.syzt=1 from cl_t_wltmb a inner join #tmtmp b on a.tm=b.sm; insert cl_t_wlsmjlb(tzid,sm,zxxh,smlb) select @tzid,a.sm,@zxh,'tm' from #tmtmp a ;drop table #tmtmp;select @zxh;COMMIT TRAN GO;
tmList:16060700001
xmList:
2016-06-07 17:25:52 - [信息]
SQL:SET XACT_ABORT ON BEGIN TRAN  declare @zxid int;declare @zxh varchar(50);declare @zpc varchar(50); select @zpc=right(convert(varchar(8),getdate(),112),6)+'_3622A1_66'; declare @maxdjh varchar(6);set @maxdjh='001'; select top 1  @maxdjh=right('000'+cast(cast(right(a.zxxh,3) as int)+1 as varchar),3) from cl_t_wlzxd a  where a.tzid=1 and a.zxpc=@zpc order by a.zxxh desc;set @zxh=@zpc+'_'+@maxdjh; insert into cl_t_wlzxd(tzid,zxxh,lyid,lymxid,sl,zdrq,zdr,bz,zxpc,xzl,zbz,isxj) values  (@tzid,@zxh,'713576','6144806','2',getdate(),@username,'PDA扫码装箱',@zpc,'0','','0');select a.sm into #tmtmp from (select '16060700002' sm) a  update a set a.zxxh=@zxh,a.syzt=1 from cl_t_wltmb a inner join #tmtmp b on a.tm=b.sm; insert cl_t_wlsmjlb(tzid,sm,zxxh,smlb) select @tzid,a.sm,@zxh,'tm' from #tmtmp a ;drop table #tmtmp;select @zxh;COMMIT TRAN GO;
tmList:16060700002
xmList:
2016-06-07 17:31:06 - [信息]
SQL:SET XACT_ABORT ON BEGIN TRAN  declare @zxid int;declare @zxh varchar(50);declare @zpc varchar(50); select @zpc=right(convert(varchar(8),getdate(),112),6)+'_3622A1_55'; declare @maxdjh varchar(6);set @maxdjh='001'; select top 1  @maxdjh=right('000'+cast(cast(right(a.zxxh,3) as int)+1 as varchar),3) from cl_t_wlzxd a  where a.tzid=1 and a.zxpc=@zpc order by a.zxxh desc;set @zxh=@zpc+'_'+@maxdjh; insert into cl_t_wlzxd(tzid,zxxh,lyid,lymxid,sl,zdrq,zdr,bz,zxpc,xzl,zbz,isxj) values  (@tzid,@zxh,'713576','6144806','2',getdate(),@username,'PDA扫码装箱',@zpc,'0','','0');select a.sm into #tmtmp from (select '16060700002' sm) a  update a set a.zxxh=@zxh,a.syzt=1 from cl_t_wltmb a inner join #tmtmp b on a.tm=b.sm; insert cl_t_wlsmjlb(tzid,sm,zxxh,smlb) select @tzid,a.sm,@zxh,'tm' from #tmtmp a ;drop table #tmtmp;select @zxh;COMMIT TRAN GO;
tmList:16060700002
xmList:
2016-06-07 17:33:04 - [信息]
SQL:SET XACT_ABORT ON BEGIN TRAN  declare @zxid int;declare @zxh varchar(50);declare @zpc varchar(50); select @zpc=right(convert(varchar(8),getdate(),112),6)+'_3622A1_55'; declare @maxdjh varchar(6);set @maxdjh='001'; select top 1  @maxdjh=right('000'+cast(cast(right(a.zxxh,3) as int)+1 as varchar),3) from cl_t_wlzxd a  where a.tzid=1 and a.zxpc=@zpc order by a.zxxh desc;set @zxh=@zpc+'_'+@maxdjh; insert into cl_t_wlzxd(tzid,zxxh,lyid,lymxid,sl,zdrq,zdr,bz,zxpc,xzl,zbz,isxj) values  (@tzid,@zxh,'713576','6144806','2',getdate(),@username,'PDA扫码装箱',@zpc,'0','','0');select a.sm into #tmtmp from (select '16060700002' sm union all select '16060700001' sm) a  update a set a.zxxh=@zxh,a.syzt=1 from cl_t_wltmb a inner join #tmtmp b on a.tm=b.sm; insert cl_t_wlsmjlb(tzid,sm,zxxh,smlb) select @tzid,a.sm,@zxh,'tm' from #tmtmp a ;drop table #tmtmp;select @zxh;COMMIT TRAN GO;
tmList:16060700002,16060700001
xmList:
2016-06-07 17:41:42 - [信息]
SQL:SET XACT_ABORT ON BEGIN TRAN  declare @zxid int;declare @zxh varchar(50);declare @zpc varchar(50); select @zpc=right(convert(varchar(8),getdate(),112),6)+'_3622A1_66'; declare @maxdjh varchar(6);set @maxdjh='001'; select top 1  @maxdjh=right('000'+cast(cast(right(a.zxxh,3) as int)+1 as varchar),3) from cl_t_wlzxd a  where a.tzid=1 and a.zxpc=@zpc order by a.zxxh desc;set @zxh=@zpc+'_'+@maxdjh; insert into cl_t_wlzxd(tzid,zxxh,lyid,lymxid,sl,zdrq,zdr,bz,zxpc,xzl,zbz,isxj) values  (@tzid,@zxh,'713576','6144806','2',getdate(),@username,'PDA扫码装箱',@zpc,'0','','0');select a.sm into #tmtmp from (select '16060700001' sm) a  update a set a.zxxh=@zxh,a.syzt=1 from cl_t_wltmb a inner join #tmtmp b on a.tm=b.sm; insert cl_t_wlsmjlb(tzid,sm,zxxh,smlb) select @tzid,a.sm,@zxh,'tm' from #tmtmp a ;drop table #tmtmp;select @zxh;COMMIT TRAN GO;
tmList:16060700001
xmList:
2016-06-07 17:42:21 - [信息]
SQL:SET XACT_ABORT ON BEGIN TRAN  declare @zxid int;declare @zxh varchar(50);declare @zpc varchar(50); select @zpc=right(convert(varchar(8),getdate(),112),6)+'_3622A1_66'; declare @maxdjh varchar(6);set @maxdjh='001'; select top 1  @maxdjh=right('000'+cast(cast(right(a.zxxh,3) as int)+1 as varchar),3) from cl_t_wlzxd a  where a.tzid=1 and a.zxpc=@zpc order by a.zxxh desc;set @zxh=@zpc+'_'+@maxdjh; insert into cl_t_wlzxd(tzid,zxxh,lyid,lymxid,sl,zdrq,zdr,bz,zxpc,xzl,zbz,isxj) values  (@tzid,@zxh,'713576','6144806','2',getdate(),@username,'PDA扫码装箱',@zpc,'0','','0');select a.sm into #tmtmp from (select '16060700001' sm union all select '16060700002' sm) a  update a set a.zxxh=@zxh,a.syzt=1 from cl_t_wltmb a inner join #tmtmp b on a.tm=b.sm; insert cl_t_wlsmjlb(tzid,sm,zxxh,smlb) select @tzid,a.sm,@zxh,'tm' from #tmtmp a ;drop table #tmtmp;select @zxh;COMMIT TRAN GO;
tmList:16060700001,16060700002
xmList:
2016-06-07 18:41:55 - [信息]
SQL:SET XACT_ABORT ON BEGIN TRAN  declare @zxid int;declare @zxh varchar(50);declare @zpc varchar(50); select @zpc=right(convert(varchar(8),getdate(),112),6)+'__55'; declare @maxdjh varchar(6);set @maxdjh='001'; select top 1  @maxdjh=right('000'+cast(cast(right(a.zxxh,3) as int)+1 as varchar),3) from cl_t_wlzxd a  where a.tzid=1 and a.zxpc=@zpc order by a.zxxh desc;set @zxh=@zpc+'_'+@maxdjh; insert into cl_t_wlzxd(tzid,zxxh,lyid,lymxid,sl,zdrq,zdr,bz,zxpc,xzl,zbz,isxj) values  (@tzid,@zxh,'713576','6144806','2',getdate(),@username,'PDA扫码装箱',@zpc,'0','','0');select a.sm into #tmtmp from (select '16060700002' sm) a  update a set a.zxxh=@zxh,a.syzt=1 from cl_t_wltmb a inner join #tmtmp b on a.tm=b.sm; insert cl_t_wlsmjlb(tzid,sm,zxxh,smlb) select @tzid,a.sm,@zxh,'tm' from #tmtmp a ;drop table #tmtmp;select @zxh;COMMIT TRAN GO;
tmList:16060700002
xmList:
2016-06-07 18:42:01 - [信息]
SQL:SET XACT_ABORT ON BEGIN TRAN  declare @zxid int;declare @zxh varchar(50);declare @zpc varchar(50); select @zpc=right(convert(varchar(8),getdate(),112),6)+'__55'; declare @maxdjh varchar(6);set @maxdjh='001'; select top 1  @maxdjh=right('000'+cast(cast(right(a.zxxh,3) as int)+1 as varchar),3) from cl_t_wlzxd a  where a.tzid=1 and a.zxpc=@zpc order by a.zxxh desc;set @zxh=@zpc+'_'+@maxdjh; insert into cl_t_wlzxd(tzid,zxxh,lyid,lymxid,sl,zdrq,zdr,bz,zxpc,xzl,zbz,isxj) values  (@tzid,@zxh,'713576','6144806','2',getdate(),@username,'PDA扫码装箱',@zpc,'0','','0');select a.sm into #tmtmp from (select '16060700001' sm) a  update a set a.zxxh=@zxh,a.syzt=1 from cl_t_wltmb a inner join #tmtmp b on a.tm=b.sm; insert cl_t_wlsmjlb(tzid,sm,zxxh,smlb) select @tzid,a.sm,@zxh,'tm' from #tmtmp a ;drop table #tmtmp;select @zxh;COMMIT TRAN GO;
tmList:16060700001
xmList:
2016-06-07 18:56:29 - [信息]
SQL:SET XACT_ABORT ON BEGIN TRAN  declare @zxid int;declare @zxh varchar(50);declare @zpc varchar(50); select @zpc=right(convert(varchar(8),getdate(),112),6)+'__56'; declare @maxdjh varchar(6);set @maxdjh='001'; select top 1  @maxdjh=right('000'+cast(cast(right(a.zxxh,3) as int)+1 as varchar),3) from cl_t_wlzxd a  where a.tzid=1 and a.zxpc=@zpc order by a.zxxh desc;set @zxh=@zpc+'_'+@maxdjh; insert into cl_t_wlzxd(tzid,zxxh,lyid,lymxid,sl,zdrq,zdr,bz,zxpc,xzl,zbz,isxj) values  (@tzid,@zxh,'713576','6144806','2',getdate(),@username,'PDA扫码装箱',@zpc,'0','','0');select a.sm into #tmtmp from (select '16060700001' sm) a  update a set a.zxxh=@zxh,a.syzt=1 from cl_t_wltmb a inner join #tmtmp b on a.tm=b.sm; insert cl_t_wlsmjlb(tzid,sm,zxxh,smlb) select @tzid,a.sm,@zxh,'tm' from #tmtmp a ;drop table #tmtmp;select @zxh;COMMIT TRAN GO;
tmList:16060700001
xmList:
2016-06-07 18:59:18 - [信息]
SQL:SET XACT_ABORT ON BEGIN TRAN  declare @zxid int;declare @zxh varchar(50);declare @zpc varchar(50); select @zpc=right(convert(varchar(8),getdate(),112),6)+'_3622A1_55'; declare @maxdjh varchar(6);set @maxdjh='001'; select top 1  @maxdjh=right('000'+cast(cast(right(a.zxxh,3) as int)+1 as varchar),3) from cl_t_wlzxd a  where a.tzid=1 and a.zxpc=@zpc order by a.zxxh desc;set @zxh=@zpc+'_'+@maxdjh; insert into cl_t_wlzxd(tzid,zxxh,lyid,lymxid,sl,zdrq,zdr,bz,zxpc,xzl,zbz,isxj) values  (@tzid,@zxh,'713576','6144806','2',getdate(),@username,'PDA扫码装箱',@zpc,'0','','0');select a.sm into #tmtmp from (select '16060700002' sm) a  update a set a.zxxh=@zxh,a.syzt=1 from cl_t_wltmb a inner join #tmtmp b on a.tm=b.sm; insert cl_t_wlsmjlb(tzid,sm,zxxh,smlb) select @tzid,a.sm,@zxh,'tm' from #tmtmp a ;drop table #tmtmp;select @zxh;COMMIT TRAN GO;
tmList:16060700002
xmList:
2016-06-07 18:59:29 - [信息]
SQL:SET XACT_ABORT ON BEGIN TRAN  declare @zxid int;declare @zxh varchar(50);declare @zpc varchar(50); select @zpc=right(convert(varchar(8),getdate(),112),6)+'_3622A1_55'; declare @maxdjh varchar(6);set @maxdjh='001'; select top 1  @maxdjh=right('000'+cast(cast(right(a.zxxh,3) as int)+1 as varchar),3) from cl_t_wlzxd a  where a.tzid=1 and a.zxpc=@zpc order by a.zxxh desc;set @zxh=@zpc+'_'+@maxdjh; insert into cl_t_wlzxd(tzid,zxxh,lyid,lymxid,sl,zdrq,zdr,bz,zxpc,xzl,zbz,isxj) values  (@tzid,@zxh,'713576','6144806','2',getdate(),@username,'PDA扫码装箱',@zpc,'0','','0');select a.sm into #tmtmp from (select '16060700001' sm) a  update a set a.zxxh=@zxh,a.syzt=1 from cl_t_wltmb a inner join #tmtmp b on a.tm=b.sm; insert cl_t_wlsmjlb(tzid,sm,zxxh,smlb) select @tzid,a.sm,@zxh,'tm' from #tmtmp a ;drop table #tmtmp;select @zxh;COMMIT TRAN GO;
tmList:16060700001
xmList:
2016-06-07 19:00:35 - [信息]
SQL:SET XACT_ABORT ON BEGIN TRAN  declare @zxid int;declare @zxh varchar(50);declare @zpc varchar(50); select @zpc=right(convert(varchar(8),getdate(),112),6)+'_3622A1_55'; declare @maxdjh varchar(6);set @maxdjh='001'; select top 1  @maxdjh=right('000'+cast(cast(right(a.zxxh,3) as int)+1 as varchar),3) from cl_t_wlzxd a  where a.tzid=1 and a.zxpc=@zpc order by a.zxxh desc;set @zxh=@zpc+'_'+@maxdjh; insert into cl_t_wlzxd(tzid,zxxh,lyid,lymxid,sl,zdrq,zdr,bz,zxpc,xzl,zbz,isxj) values  (@tzid,@zxh,'713576','6144806','20',getdate(),@username,'PDA扫码装箱',@zpc,'0','','0');select a.sm into #tmtmp from (select '16060700001' sm) a  update a set a.zxxh=@zxh,a.syzt=1 from cl_t_wltmb a inner join #tmtmp b on a.tm=b.sm; insert cl_t_wlsmjlb(tzid,sm,zxxh,smlb) select @tzid,a.sm,@zxh,'tm' from #tmtmp a ;drop table #tmtmp;select @zxh;COMMIT TRAN GO;
tmList:16060700001
xmList:
2016-06-07 19:06:51 - [信息]
SQL:SET XACT_ABORT ON BEGIN TRAN  declare @zxid int;declare @zxh varchar(50);declare @zpc varchar(50); select @zpc=right(convert(varchar(8),getdate(),112),6)+'_3622A1_55'; declare @maxdjh varchar(6);set @maxdjh='001'; select top 1  @maxdjh=right('000'+cast(cast(right(a.zxxh,3) as int)+1 as varchar),3) from cl_t_wlzxd a  where a.tzid=1 and a.zxpc=@zpc order by a.zxxh desc;set @zxh=@zpc+'_'+@maxdjh; insert into cl_t_wlzxd(tzid,zxxh,lyid,lymxid,sl,zdrq,zdr,bz,zxpc,xzl,zbz,isxj) values  (@tzid,@zxh,'713576','6144806','10',getdate(),@username,'PDA扫码装箱',@zpc,'0','','0');select a.sm into #tmtmp from (select '16060700001' sm) a  update a set a.zxxh=@zxh,a.syzt=1 from cl_t_wltmb a inner join #tmtmp b on a.tm=b.sm; insert cl_t_wlsmjlb(tzid,sm,zxxh,smlb) select @tzid,a.sm,@zxh,'tm' from #tmtmp a ;drop table #tmtmp;select @zxh;COMMIT TRAN GO;
tmList:16060700001
xmList:
2016-06-07 19:06:57 - [信息]
SQL:SET XACT_ABORT ON BEGIN TRAN  declare @zxid int;declare @zxh varchar(50);declare @zpc varchar(50); select @zpc=right(convert(varchar(8),getdate(),112),6)+'_3622A1_55'; declare @maxdjh varchar(6);set @maxdjh='001'; select top 1  @maxdjh=right('000'+cast(cast(right(a.zxxh,3) as int)+1 as varchar),3) from cl_t_wlzxd a  where a.tzid=1 and a.zxpc=@zpc order by a.zxxh desc;set @zxh=@zpc+'_'+@maxdjh; insert into cl_t_wlzxd(tzid,zxxh,lyid,lymxid,sl,zdrq,zdr,bz,zxpc,xzl,zbz,isxj) values  (@tzid,@zxh,'713576','6144806','5',getdate(),@username,'PDA扫码装箱',@zpc,'0','','0');select a.sm into #tmtmp from (select '16060700002' sm) a  update a set a.zxxh=@zxh,a.syzt=1 from cl_t_wltmb a inner join #tmtmp b on a.tm=b.sm; insert cl_t_wlsmjlb(tzid,sm,zxxh,smlb) select @tzid,a.sm,@zxh,'tm' from #tmtmp a ;drop table #tmtmp;select @zxh;COMMIT TRAN GO;
tmList:16060700002
xmList:
2016-06-07 19:11:47 - [信息]
SQL:SET XACT_ABORT ON BEGIN TRAN  declare @zxid int;declare @zxh varchar(50);declare @zpc varchar(50); select @zpc=right(convert(varchar(8),getdate(),112),6)+'_3622A1_22'; declare @maxdjh varchar(6);set @maxdjh='001'; select top 1  @maxdjh=right('000'+cast(cast(right(a.zxxh,3) as int)+1 as varchar),3) from cl_t_wlzxd a  where a.tzid=1 and a.zxpc=@zpc order by a.zxxh desc;set @zxh=@zpc+'_'+@maxdjh; insert into cl_t_wlzxd(tzid,zxxh,lyid,lymxid,sl,zdrq,zdr,bz,zxpc,xzl,zbz,isxj) values  (@tzid,@zxh,'713576','6144806','5',getdate(),@username,'PDA扫码装箱',@zpc,'0','','0');select a.sm into #tmtmp from (select '16060700002' sm) a  update a set a.zxxh=@zxh,a.syzt=1 from cl_t_wltmb a inner join #tmtmp b on a.tm=b.sm; insert cl_t_wlsmjlb(tzid,sm,zxxh,smlb) select @tzid,a.sm,@zxh,'tm' from #tmtmp a ;drop table #tmtmp;select @zxh;COMMIT TRAN GO;
tmList:16060700002
xmList:
2016-06-07 19:11:51 - [信息]
SQL:SET XACT_ABORT ON BEGIN TRAN  declare @zxid int;declare @zxh varchar(50);declare @zpc varchar(50); select @zpc=right(convert(varchar(8),getdate(),112),6)+'_3622A1_22'; declare @maxdjh varchar(6);set @maxdjh='001'; select top 1  @maxdjh=right('000'+cast(cast(right(a.zxxh,3) as int)+1 as varchar),3) from cl_t_wlzxd a  where a.tzid=1 and a.zxpc=@zpc order by a.zxxh desc;set @zxh=@zpc+'_'+@maxdjh; insert into cl_t_wlzxd(tzid,zxxh,lyid,lymxid,sl,zdrq,zdr,bz,zxpc,xzl,zbz,isxj) values  (@tzid,@zxh,'713576','6144806','10',getdate(),@username,'PDA扫码装箱',@zpc,'0','','0');select a.sm into #tmtmp from (select '16060700001' sm) a  update a set a.zxxh=@zxh,a.syzt=1 from cl_t_wltmb a inner join #tmtmp b on a.tm=b.sm; insert cl_t_wlsmjlb(tzid,sm,zxxh,smlb) select @tzid,a.sm,@zxh,'tm' from #tmtmp a ;drop table #tmtmp;select @zxh;COMMIT TRAN GO;
tmList:16060700001
xmList:
2016-06-07 19:12:24 - [信息]
SQL:SET XACT_ABORT ON BEGIN TRAN  declare @zxid int;declare @zxh varchar(50);declare @zpc varchar(50); select @zpc=right(convert(varchar(8),getdate(),112),6)+'_3622A1_11'; declare @maxdjh varchar(6);set @maxdjh='001'; select top 1  @maxdjh=right('000'+cast(cast(right(a.zxxh,3) as int)+1 as varchar),3) from cl_t_wlzxd a  where a.tzid=1 and a.zxpc=@zpc order by a.zxxh desc;set @zxh=@zpc+'_'+@maxdjh; insert into cl_t_wlzxd(tzid,zxxh,lyid,lymxid,sl,zdrq,zdr,bz,zxpc,xzl,zbz,isxj) values  (@tzid,@zxh,'713576','6144806','5',getdate(),@username,'PDA扫码装箱',@zpc,'0','','0');select a.sm into #tmtmp from (select '16060700002' sm) a  update a set a.zxxh=@zxh,a.syzt=1 from cl_t_wltmb a inner join #tmtmp b on a.tm=b.sm; insert cl_t_wlsmjlb(tzid,sm,zxxh,smlb) select @tzid,a.sm,@zxh,'tm' from #tmtmp a ;drop table #tmtmp;select @zxh;COMMIT TRAN GO;
tmList:16060700002
xmList:
2016-06-07 19:12:30 - [信息]
SQL:SET XACT_ABORT ON BEGIN TRAN  declare @zxid int;declare @zxh varchar(50);declare @zpc varchar(50); select @zpc=right(convert(varchar(8),getdate(),112),6)+'_3622A1_11'; declare @maxdjh varchar(6);set @maxdjh='001'; select top 1  @maxdjh=right('000'+cast(cast(right(a.zxxh,3) as int)+1 as varchar),3) from cl_t_wlzxd a  where a.tzid=1 and a.zxpc=@zpc order by a.zxxh desc;set @zxh=@zpc+'_'+@maxdjh; insert into cl_t_wlzxd(tzid,zxxh,lyid,lymxid,sl,zdrq,zdr,bz,zxpc,xzl,zbz,isxj) values  (@tzid,@zxh,'713576','6144806','10',getdate(),@username,'PDA扫码装箱',@zpc,'0','','0');select a.sm into #tmtmp from (select '16060700001' sm) a  update a set a.zxxh=@zxh,a.syzt=1 from cl_t_wltmb a inner join #tmtmp b on a.tm=b.sm; insert cl_t_wlsmjlb(tzid,sm,zxxh,smlb) select @tzid,a.sm,@zxh,'tm' from #tmtmp a ;drop table #tmtmp;select @zxh;COMMIT TRAN GO;
tmList:16060700001
xmList:
