2016-05-09 17:57:37 - [信息]error:获取对应箱码装箱数据2失败：
select tm.chdm+':'+convert(char(10),sum(tm.sl))+'|'
                                            from cl_t_wlsmjlb a
                                            inner join cl_t_wltmb tm on a.sm=tm.tm 
                                            and a.zxxh='{0}' and a.smlb='tm' and a.zxbs=1
                                            group by tm.chdm
                                            for xml path('');
2016-05-09 17:57:44 - [信息]error:获取对应箱码装箱数据2失败：
select tm.chdm+':'+convert(char(10),sum(tm.sl))+'|'
                                            from cl_t_wlsmjlb a
                                            inner join cl_t_wltmb tm on a.sm=tm.tm 
                                            and a.zxxh='{0}' and a.smlb='tm' and a.zxbs=1
                                            group by tm.chdm
                                            for xml path('');
2016-05-09 17:57:46 - [信息]error:获取对应箱码装箱数据2失败：
select tm.chdm+':'+convert(char(10),sum(tm.sl))+'|'
                                            from cl_t_wlsmjlb a
                                            inner join cl_t_wltmb tm on a.sm=tm.tm 
                                            and a.zxxh='{0}' and a.smlb='tm' and a.zxbs=1
                                            group by tm.chdm
                                            for xml path('');
2016-05-09 17:59:49 - [信息]error:获取对应箱码装箱数据2失败：
select tm.chdm+':'+convert(char(10),sum(tm.sl))+'|'
                                            from cl_t_wlsmjlb a
                                            inner join cl_t_wltmb tm on a.sm=tm.tm 
                                            and a.zxxh='{0}' and a.smlb='tm' and a.zxbs=1
                                            group by tm.chdm
                                            for xml path('');
2016-05-09 18:00:28 - [信息]error:获取对应箱码装箱数据2失败123：
select tm.chdm+':'+convert(char(10),sum(tm.sl))+'|'
                                            from cl_t_wlsmjlb a
                                            inner join cl_t_wltmb tm on a.sm=tm.tm 
                                            and a.zxxh='{0}' and a.smlb='tm' and a.zxbs=1
                                            group by tm.chdm
                                            for xml path('');
