【2017-9-6 16:07:51】  创建卡券 { 
                            "card": {
                               "card_type": "GENERAL_COUPON",
                               "general_coupon": {
                                   "base_info": {
                                       "logo_url": "https://mmbiz.qlogo.cn/mmbiz_jpg/ricQmKND28iaB9aR747G31jxKvOLs8LKoCYzmVIIor2MbNZ1hHGAjLib2xibUibKumzOIuYJqDagIiaQo6BvO3qlIPBQ/0?wx_fmt=jpeg",
                                       "brand_name":"利郎轻商务",
                                       "code_type":"CODE_TYPE_TEXT",
                                       "title": "轻商务测试券",
                                       "sub_title": "轻商务",
                                       "color": "Color060",
                                       "notice": "请让营业员扫码销券",
                                       "service_phone": "",
                                       "description": "轻商务测试券",
                                       "date_info": {
                                           "type": "DATE_TYPE_FIX_TIME_RANGE",
                                           "begin_timestamp": 1472659200 ,
                                           "end_timestamp": 1475333940
                                       },
                                       "sku": {
                                           "quantity": 20
                                       },
                                       "get_limit": 2,
                                       "use_custom_code": false,  
                                       "bind_openid":true,                                     
                                       "can_share": false,
                                       "can_give_friend": true,                                       
                                       "custom_url_name": "",
                                       "custom_url": "",
                                       "custom_url_sub_title": "",
                                       "promotion_url_name": "",
                                       "promotion_url": "",
                                       "promotion_url_sub_title":"",
                                       "source": "LILANZ"
                                   },
                                   "default_detail":"轻商务测试券" 
                                }
                             }
                            }提交结果：{"errcode":40079,"errmsg":"invalid time hint: [MbWgnA0045e569]"}
【2017-9-6 16:08:08】  创建卡券 { 
                            "card": {
                               "card_type": "GENERAL_COUPON",
                               "general_coupon": {
                                   "base_info": {
                                       "logo_url": "https://mmbiz.qlogo.cn/mmbiz_jpg/ricQmKND28iaB9aR747G31jxKvOLs8LKoCYzmVIIor2MbNZ1hHGAjLib2xibUibKumzOIuYJqDagIiaQo6BvO3qlIPBQ/0?wx_fmt=jpeg",
                                       "brand_name":"利郎轻商务",
                                       "code_type":"CODE_TYPE_TEXT",
                                       "title": "轻商务测试券",
                                       "sub_title": "轻商务",
                                       "color": "Color060",
                                       "notice": "请让营业员扫码销券",
                                       "service_phone": "",
                                       "description": "轻商务测试券",
                                       "date_info": {
                                           "type": "DATE_TYPE_FIX_TIME_RANGE",
                                           "begin_timestamp": 1472659200 ,
                                           "end_timestamp": 1475333940
                                       },
                                       "sku": {
                                           "quantity": 20
                                       },
                                       "get_limit": 2,
                                       "use_custom_code": false,  
                                       "bind_openid":true,                                     
                                       "can_share": false,
                                       "can_give_friend": true,                                       
                                       "custom_url_name": "",
                                       "custom_url": "",
                                       "custom_url_sub_title": "",
                                       "promotion_url_name": "",
                                       "promotion_url": "",
                                       "promotion_url_sub_title":"",
                                       "source": "LILANZ"
                                   },
                                   "default_detail":"轻商务测试券" 
                                }
                             }
                            }提交结果：{"errcode":40079,"errmsg":"invalid time hint: [ZJqMca0062e503]"}
