【2017-9-21 15:17:08】  创建卡券 { 
                            "card": {
                               "card_type": "GENERAL_COUPON",
                               "general_coupon": {
                                   "base_info": {
                                       "logo_url": "http://mmbiz.qpic.cn/mmbiz/wrgiaawibvBmAF6dCOA33AxFSc5gmSpgjZ4D7YExKlEJ6jUNgtmEHB3roAWKLX8e6s2stsCXN67ZRrnLhaMyYenQ/0",
                                       "brand_name":"利郎男装",
                                       "code_type":"CODE_TYPE_TEXT",
                                       "title": "免费护理券",
                                       "sub_title": "免费洗衣和护理衣物，并消费可抵50元",
                                       "color": "Color010",
                                       "notice": "请让营业员扫码销券",
                                       "service_phone": "",
                                       "description": "使用前请主动出示给店员，一次性使用，过期无效（本券为泉州田安路店专用）",
                                       "date_info": {
                                           "type": "DATE_TYPE_FIX_TIME_RANGE",
                                           "begin_timestamp": 1477670400 ,
                                           "end_timestamp": 1477843140
                                       },
                                       "sku": {
                                           "quantity": 98
                                       },
                                       "get_limit": 1,
                                       "use_custom_code": false,  
                                       "bind_openid":true,                                     
                                       "can_share": false,
                                       "can_give_friend": true,                                       
                                       "custom_url_name": "",
                                       "custom_url": "",
                                       "custom_url_sub_title": "",
                                       "promotion_url_name": "",
                                       "promotion_url": "",
                                       "promotion_url_sub_title":"",
                                       "source": "LILANZ"
                                   },
                                   "default_detail":"洗衣和保养为会员的终生服务项目。周年庆期间（29-30）进店消费600元以上，可抵用50元，一次性使用。" 
                                }
                             }
                            }提交结果：{"errcode":40079,"errmsg":"invalid time hint: [c7K.kA0936e421]"}
【2017-9-21 15:17:12】  创建卡券 { 
                            "card": {
                               "card_type": "GENERAL_COUPON",
                               "general_coupon": {
                                   "base_info": {
                                       "logo_url": "http://mmbiz.qpic.cn/mmbiz/wrgiaawibvBmAF6dCOA33AxFSc5gmSpgjZ4D7YExKlEJ6jUNgtmEHB3roAWKLX8e6s2stsCXN67ZRrnLhaMyYenQ/0",
                                       "brand_name":"利郎男装",
                                       "code_type":"CODE_TYPE_TEXT",
                                       "title": "免费护理券",
                                       "sub_title": "免费洗衣和护理衣物，并消费可抵50元",
                                       "color": "Color010",
                                       "notice": "请让营业员扫码销券",
                                       "service_phone": "",
                                       "description": "使用前请主动出示给店员，一次性使用，过期无效（本券为泉州田安路店专用）",
                                       "date_info": {
                                           "type": "DATE_TYPE_FIX_TIME_RANGE",
                                           "begin_timestamp": 1477670400 ,
                                           "end_timestamp": 1477843140
                                       },
                                       "sku": {
                                           "quantity": 98
                                       },
                                       "get_limit": 1,
                                       "use_custom_code": false,  
                                       "bind_openid":true,                                     
                                       "can_share": false,
                                       "can_give_friend": true,                                       
                                       "custom_url_name": "",
                                       "custom_url": "",
                                       "custom_url_sub_title": "",
                                       "promotion_url_name": "",
                                       "promotion_url": "",
                                       "promotion_url_sub_title":"",
                                       "source": "LILANZ"
                                   },
                                   "default_detail":"洗衣和保养为会员的终生服务项目。周年庆期间（29-30）进店消费600元以上，可抵用50元，一次性使用。" 
                                }
                             }
                            }提交结果：{"errcode":40079,"errmsg":"invalid time hint: [XpYgnA0940et15]"}
【2017-9-21 15:18:25】  创建卡券 { 
                            "card": {
                               "card_type": "GENERAL_COUPON",
                               "general_coupon": {
                                   "base_info": {
                                       "logo_url": "http://mmbiz.qpic.cn/mmbiz/wrgiaawibvBmAF6dCOA33AxFSc5gmSpgjZ4D7YExKlEJ6jUNgtmEHB3roAWKLX8e6s2stsCXN67ZRrnLhaMyYenQ/0",
                                       "brand_name":"利郎男装",
                                       "code_type":"CODE_TYPE_TEXT",
                                       "title": "100元抵用券",
                                       "sub_title": "消费在1000元以上可抵用100元",
                                       "color": "Color100",
                                       "notice": "请让营业员扫码销券",
                                       "service_phone": "",
                                       "description": "本券为一次性使用，不可叠加使用（本券为官桥利郎店专用）",
                                       "date_info": {
                                           "type": "DATE_TYPE_FIX_TIME_RANGE",
                                           "begin_timestamp": 1478793600 ,
                                           "end_timestamp": 1479052740
                                       },
                                       "sku": {
                                           "quantity": 300
                                       },
                                       "get_limit": 10,
                                       "use_custom_code": false,  
                                       "bind_openid":true,                                     
                                       "can_share": false,
                                       "can_give_friend": true,                                       
                                       "custom_url_name": "",
                                       "custom_url": "",
                                       "custom_url_sub_title": "",
                                       "promotion_url_name": "",
                                       "promotion_url": "",
                                       "promotion_url_sub_title":"",
                                       "source": "LILANZ"
                                   },
                                   "default_detail":"100元抵用券必须是消费在1000元以上方可使用，敬请原谅" 
                                }
                             }
                            }提交结果：{"errcode":40079,"errmsg":"invalid time hint: [9TU4_0013e552]"}
【2017-9-21 15:18:44】  更新卡券 {
                              "card_id":"parMEt6NIo1AilreUwidceNtpJ94",
                              "general_coupon": {
                                       "base_info": {
                                           "color": "Color100",
                                           "notice": "请让营业员扫码销券",
                                           "service_phone": "",
                                           "description": "本券为一次性使用，不可叠加使用（本券为官桥利郎店专用）",                                           
                                           "date_info": {
                                               "type": "DATE_TYPE_FIX_TIME_RANGE",
                                               "begin_timestamp": 1478793600,
                                               "end_timestamp": 1479052740
                                           },
                                           "get_limit": 10, 
                                           "can_give_friend":true,                                                                                                                                  
                                           "custom_url_name": "",
                                           "custom_url": "",
                                           "custom_url_sub_title": "",
                                           "promotion_url_name": "",
                                           "promotion_url": "",
                                           "promotion_url_sub_title":""
                                       }
                                    }
                                }提交结果：{"errcode":40100,"errmsg":"invalid DateInfo, Make Sure OldDateInfoType==NewDateInfoType && NewBeginTime<=OldBeginTime && OldEndTime<= NewEndTime hint: [UsvkJa0032et15]"}
【2017-9-21 15:20:33】  更新卡券 {
                              "card_id":"parMEt6NIo1AilreUwidceNtpJ94",
                              "general_coupon": {
                                       "base_info": {
                                           "color": "Color100",
                                           "notice": "请让营业员扫码销券",
                                           "service_phone": "",
                                           "description": "本券为一次性使用，不可叠加使用（本券为官桥利郎店专用）",                                           
                                           "date_info": {
                                               "type": "DATE_TYPE_FIX_TIME_RANGE",
                                               "begin_timestamp": 1478793600,
                                               "end_timestamp": 1479052740
                                           },
                                           "get_limit": 10, 
                                           "can_give_friend":true,                                                                                                                                  
                                           "custom_url_name": "",
                                           "custom_url": "",
                                           "custom_url_sub_title": "",
                                           "promotion_url_name": "",
                                           "promotion_url": "",
                                           "promotion_url_sub_title":""
                                       }
                                    }
                                }提交结果：{"errcode":40100,"errmsg":"invalid DateInfo, Make Sure OldDateInfoType==NewDateInfoType && NewBeginTime<=OldBeginTime && OldEndTime<= NewEndTime hint: [FqFNsA0142et15]"}
【2017-9-21 15:20:52】  创建卡券 { 
                            "card": {
                               "card_type": "GENERAL_COUPON",
                               "general_coupon": {
                                   "base_info": {
                                       "logo_url": "http://mmbiz.qpic.cn/mmbiz/wrgiaawibvBmAF6dCOA33AxFSc5gmSpgjZ4D7YExKlEJ6jUNgtmEHB3roAWKLX8e6s2stsCXN67ZRrnLhaMyYenQ/0",
                                       "brand_name":"利郎男装",
                                       "code_type":"CODE_TYPE_TEXT",
                                       "title": "100元抵用券",
                                       "sub_title": "消费在1000元以上可抵用100元",
                                       "color": "Color100",
                                       "notice": "请让营业员扫码销券",
                                       "service_phone": "",
                                       "description": "本券为一次性使用，不可叠加使用（本券为官桥利郎店专用）",
                                       "date_info": {
                                           "type": "DATE_TYPE_FIX_TIME_RANGE",
                                           "begin_timestamp": 1478793600 ,
                                           "end_timestamp": 1479052740
                                       },
                                       "sku": {
                                           "quantity": 300
                                       },
                                       "get_limit": 10,
                                       "use_custom_code": false,  
                                       "bind_openid":true,                                     
                                       "can_share": false,
                                       "can_give_friend": true,                                       
                                       "custom_url_name": "",
                                       "custom_url": "",
                                       "custom_url_sub_title": "",
                                       "promotion_url_name": "",
                                       "promotion_url": "",
                                       "promotion_url_sub_title":"",
                                       "source": "LILANZ"
                                   },
                                   "default_detail":"100元抵用券必须是消费在1000元以上方可使用，敬请原谅" 
                                }
                             }
                            }提交结果：{"errcode":40079,"errmsg":"invalid time hint: [HgyfLa0160e421]"}
【2017-9-21 15:23:49】  更新卡券 {
                              "card_id":"parMEt6NIo1AilreUwidceNtpJ94",
                              "general_coupon": {
                                       "base_info": {
                                           "color": "Color100",
                                           "notice": "请让营业员扫码销券",
                                           "service_phone": "",
                                           "description": "本券为一次性使用，不可叠加使用（本券为官桥利郎店专用）",                                           
                                           "date_info": {
                                               "type": "DATE_TYPE_FIX_TIME_RANGE",
                                               "begin_timestamp": 1478793600,
                                               "end_timestamp": 1479052740
                                           },
                                           "get_limit": 10, 
                                           "can_give_friend":true,                                                                                                                                  
                                           "custom_url_name": "",
                                           "custom_url": "",
                                           "custom_url_sub_title": "",
                                           "promotion_url_name": "",
                                           "promotion_url": "",
                                           "promotion_url_sub_title":""
                                       }
                                    }
                                }提交结果：{"errcode":40100,"errmsg":"invalid DateInfo, Make Sure OldDateInfoType==NewDateInfoType && NewBeginTime<=OldBeginTime && OldEndTime<= NewEndTime hint: [RmN7cA0338e544]"}
【2017-9-21 15:24:58】  更新卡券 {
                              "card_id":"parMEt6NIo1AilreUwidceNtpJ94",
                              "general_coupon": {
                                       "base_info": {
                                           "color": "Color100",
                                           "notice": "请让营业员扫码销券",
                                           "service_phone": "",
                                           "description": "本券为一次性使用，不可叠加使用（本券为官桥利郎店专用）",                                           
                                           "date_info": {
                                               "type": "DATE_TYPE_FIX_TIME_RANGE",
                                               "begin_timestamp": 1478793600,
                                               "end_timestamp": 1479052740
                                           },
                                           "get_limit": 10, 
                                           "can_give_friend":true,                                                                                                                                  
                                           "custom_url_name": "",
                                           "custom_url": "",
                                           "custom_url_sub_title": "",
                                           "promotion_url_name": "",
                                           "promotion_url": "",
                                           "promotion_url_sub_title":""
                                       }
                                    }
                                }提交结果：{"errcode":40100,"errmsg":"invalid DateInfo, Make Sure OldDateInfoType==NewDateInfoType && NewBeginTime<=OldBeginTime && OldEndTime<= NewEndTime hint: [dHe49a0407e552]"}
【2017-9-21 15:25:24】  创建卡券 { 
                            "card": {
                               "card_type": "GENERAL_COUPON",
                               "general_coupon": {
                                   "base_info": {
                                       "logo_url": "http://mmbiz.qpic.cn/mmbiz/wrgiaawibvBmAF6dCOA33AxFSc5gmSpgjZ4D7YExKlEJ6jUNgtmEHB3roAWKLX8e6s2stsCXN67ZRrnLhaMyYenQ/0",
                                       "brand_name":"利郎男装",
                                       "code_type":"CODE_TYPE_TEXT",
                                       "title": "100元抵用券",
                                       "sub_title": "消费在1000元以上可抵用100元",
                                       "color": "Color100",
                                       "notice": "请让营业员扫码销券",
                                       "service_phone": "",
                                       "description": "本券为一次性使用，不可叠加使用（本券为官桥利郎店专用）",
                                       "date_info": {
                                           "type": "DATE_TYPE_FIX_TIME_RANGE",
                                           "begin_timestamp": 1478793600 ,
                                           "end_timestamp": 1479052740
                                       },
                                       "sku": {
                                           "quantity": 300
                                       },
                                       "get_limit": 10,
                                       "use_custom_code": false,  
                                       "bind_openid":true,                                     
                                       "can_share": false,
                                       "can_give_friend": true,                                       
                                       "custom_url_name": "",
                                       "custom_url": "",
                                       "custom_url_sub_title": "",
                                       "promotion_url_name": "",
                                       "promotion_url": "",
                                       "promotion_url_sub_title":"",
                                       "source": "LILANZ"
                                   },
                                   "default_detail":"100元抵用券必须是消费在1000元以上方可使用，敬请原谅" 
                                }
                             }
                            }提交结果：{"errcode":40079,"errmsg":"invalid time hint: [42kFia0433e421]"}
【2017-9-21 15:25:54】  创建卡券 { 
                            "card": {
                               "card_type": "GENERAL_COUPON",
                               "general_coupon": {
                                   "base_info": {
                                       "logo_url": "http://mmbiz.qpic.cn/mmbiz/wrgiaawibvBmAF6dCOA33AxFSc5gmSpgjZ4D7YExKlEJ6jUNgtmEHB3roAWKLX8e6s2stsCXN67ZRrnLhaMyYenQ/0",
                                       "brand_name":"利郎男装",
                                       "code_type":"CODE_TYPE_TEXT",
                                       "title": "100元抵用券",
                                       "sub_title": "消费在1000元以上可抵用100元",
                                       "color": "Color100",
                                       "notice": "请让营业员扫码销券",
                                       "service_phone": "",
                                       "description": "本券为一次性使用，不可叠加使用（本券为官桥利郎店专用）",
                                       "date_info": {
                                           "type": "DATE_TYPE_FIX_TIME_RANGE",
                                           "begin_timestamp": 1478793600 ,
                                           "end_timestamp": 1479052740
                                       },
                                       "sku": {
                                           "quantity": 300
                                       },
                                       "get_limit": 10,
                                       "use_custom_code": false,  
                                       "bind_openid":true,                                     
                                       "can_share": false,
                                       "can_give_friend": true,                                       
                                       "custom_url_name": "",
                                       "custom_url": "",
                                       "custom_url_sub_title": "",
                                       "promotion_url_name": "",
                                       "promotion_url": "",
                                       "promotion_url_sub_title":"",
                                       "source": "LILANZ"
                                   },
                                   "default_detail":"100元抵用券必须是消费在1000元以上方可使用，敬请原谅" 
                                }
                             }
                            }提交结果：{"errcode":40079,"errmsg":"invalid time hint: [FGWUNA0462e503]"}
【2017-9-21 15:28:07】  创建卡券 { 
                            "card": {
                               "card_type": "GENERAL_COUPON",
                               "general_coupon": {
                                   "base_info": {
                                       "logo_url": "http://mmbiz.qpic.cn/mmbiz/wrgiaawibvBmAF6dCOA33AxFSc5gmSpgjZ4D7YExKlEJ6jUNgtmEHB3roAWKLX8e6s2stsCXN67ZRrnLhaMyYenQ/0",
                                       "brand_name":"利郎男装",
                                       "code_type":"CODE_TYPE_TEXT",
                                       "title": "50元抵用券",
                                       "sub_title": "折后消费1000元以上，再减50元",
                                       "color": "Color060",
                                       "notice": "请让营业员扫码销券",
                                       "service_phone": "",
                                       "description": "买单前请主动出示收银员，本券为一次性使用，过期无效（本券为晋江阳光路店专用）",
                                       "date_info": {
                                           "type": "DATE_TYPE_FIX_TIME_RANGE",
                                           "begin_timestamp": 1478275200 ,
                                           "end_timestamp": 1478447940
                                       },
                                       "sku": {
                                           "quantity": 0
                                       },
                                       "get_limit": 1,
                                       "use_custom_code": false,  
                                       "bind_openid":true,                                     
                                       "can_share": false,
                                       "can_give_friend": true,                                       
                                       "custom_url_name": "",
                                       "custom_url": "",
                                       "custom_url_sub_title": "",
                                       "promotion_url_name": "",
                                       "promotion_url": "",
                                       "promotion_url_sub_title":"",
                                       "source": "LILANZ"
                                   },
                                   "default_detail":"消费在1000元以上，活动折扣以后，可再减50元" 
                                }
                             }
                            }提交结果：{"errcode":40079,"errmsg":"invalid time hint: [nm4kJA0595e569]"}
【2017-9-21 15:28:34】  更新卡券 {
                              "card_id":"parMEt0q5nePyQVlw94nb1wtI9tA",
                              "general_coupon": {
                                       "base_info": {
                                           "color": "Color060",
                                           "notice": "请让营业员扫码销券",
                                           "service_phone": "",
                                           "description": "买单前请主动出示收银员，本券为一次性使用，过期无效（本券为晋江阳光路店专用）",                                           
                                           "date_info": {
                                               "type": "DATE_TYPE_FIX_TIME_RANGE",
                                               "begin_timestamp": 1478275200,
                                               "end_timestamp": 1478447940
                                           },
                                           "get_limit": 1, 
                                           "can_give_friend":true,                                                                                                                                  
                                           "custom_url_name": "",
                                           "custom_url": "",
                                           "custom_url_sub_title": "",
                                           "promotion_url_name": "",
                                           "promotion_url": "",
                                           "promotion_url_sub_title":""
                                       }
                                    }
                                }提交结果：{"errcode":40079,"errmsg":"invalid time hint: [CbCtoa0623e552]"}
【2017-9-21 15:31:36】  更新卡券 {
                              "card_id":"parMEt0q5nePyQVlw94nb1wtI9tA",
                              "general_coupon": {
                                       "base_info": {
                                           "color": "Color060",
                                           "notice": "请让营业员扫码销券",
                                           "service_phone": "",
                                           "description": "买单前请主动出示收银员，本券为一次性使用，过期无效（本券为晋江阳光路店专用）",                                           
                                           "date_info": {
                                               "type": "DATE_TYPE_FIX_TIME_RANGE",
                                               "begin_timestamp": 1478275200,
                                               "end_timestamp": 1478447940
                                           },
                                           "get_limit": 1, 
                                           "can_give_friend":true,                                                                                                                                  
                                           "custom_url_name": "",
                                           "custom_url": "",
                                           "custom_url_sub_title": "",
                                           "promotion_url_name": "",
                                           "promotion_url": "",
                                           "promotion_url_sub_title":""
                                       }
                                    }
                                }提交结果：{"errcode":40079,"errmsg":"invalid time hint: [G0805et15]"}
【2017-9-21 15:38:48】  更新卡券 {
                              "card_id":"parMEt0q5nePyQVlw94nb1wtI9tA",
                              "general_coupon": {
                                       "base_info": {
                                           "color": "Color060",
                                           "notice": "请让营业员扫码销券",
                                           "service_phone": "",
                                           "description": "买单前请主动出示收银员，本券为一次性使用，过期无效（本券为晋江阳光路店专用）",                                           
                                           "date_info": {
                                               "type": "DATE_TYPE_FIX_TIME_RANGE",
                                               "begin_timestamp": 1478275200,
                                               "end_timestamp": 1478447940
                                           },
                                           "get_limit": 1, 
                                           "can_give_friend":true,                                                                                                                                  
                                           "custom_url_name": "",
                                           "custom_url": "",
                                           "custom_url_sub_title": "",
                                           "promotion_url_name": "",
                                           "promotion_url": "",
                                           "promotion_url_sub_title":""
                                       }
                                    }
                                }提交结果：{"errcode":40079,"errmsg":"invalid time hint: [litsua0237e544]"}
【2017-9-21 15:41:37】  创建卡券 { 
                            "card": {
                               "card_type": "GENERAL_COUPON",
                               "general_coupon": {
                                   "base_info": {
                                       "logo_url": "http://mmbiz.qpic.cn/mmbiz/wrgiaawibvBmAF6dCOA33AxFSc5gmSpgjZ4D7YExKlEJ6jUNgtmEHB3roAWKLX8e6s2stsCXN67ZRrnLhaMyYenQ/0",
                                       "brand_name":"利郎男装",
                                       "code_type":"CODE_TYPE_TEXT",
                                       "title": "50元抵用券",
                                       "sub_title": "折后消费1000元以上，可再减50元",
                                       "color": "Color080",
                                       "notice": "请让营业员扫码销券",
                                       "service_phone": "",
                                       "description": "买单前请主动出示收银员，本券为一次性使用，过期无效（本券为漳州南昌路旗舰店专用）",
                                       "date_info": {
                                           "type": "DATE_TYPE_FIX_TIME_RANGE",
                                           "begin_timestamp": 1479484800 ,
                                           "end_timestamp": 1479657540
                                       },
                                       "sku": {
                                           "quantity": 0
                                       },
                                       "get_limit": 1,
                                       "use_custom_code": false,  
                                       "bind_openid":true,                                     
                                       "can_share": false,
                                       "can_give_friend": true,                                       
                                       "custom_url_name": "",
                                       "custom_url": "",
                                       "custom_url_sub_title": "",
                                       "promotion_url_name": "",
                                       "promotion_url": "",
                                       "promotion_url_sub_title":"",
                                       "source": "LILANZ"
                                   },
                                   "default_detail":"本券为会员专享，消费1000元以上可再减50元" 
                                }
                             }
                            }提交结果：{"errcode":40079,"errmsg":"invalid time hint: [7jotDa0406e544]"}
【2017-9-21 15:43:20】  更新卡券 {
                              "card_id":"parMEtwA98sY2XvcIUOaNZVLFi7s",
                              "general_coupon": {
                                       "base_info": {
                                           "color": "Color080",
                                           "notice": "请让营业员扫码销券",
                                           "service_phone": "",
                                           "description": "买单前请主动出示收银员，本券为一次性使用，过期无效（本券为漳州南昌路旗舰店专用）",                                           
                                           "date_info": {
                                               "type": "DATE_TYPE_FIX_TIME_RANGE",
                                               "begin_timestamp": 1479484800,
                                               "end_timestamp": 1479657540
                                           },
                                           "get_limit": 1, 
                                           "can_give_friend":true,                                                                                                                                  
                                           "custom_url_name": "",
                                           "custom_url": "",
                                           "custom_url_sub_title": "",
                                           "promotion_url_name": "",
                                           "promotion_url": "",
                                           "promotion_url_sub_title":""
                                       }
                                    }
                                }提交结果：{"errcode":40079,"errmsg":"invalid time hint: [GgRSCa0509et15]"}
【2017-9-21 16:12:46】  创建卡券 { 
                            "card": {
                               "card_type": "GENERAL_COUPON",
                               "general_coupon": {
                                   "base_info": {
                                       "logo_url": "https://mmbiz.qlogo.cn/mmbiz_jpg/ricQmKND28iaB9aR747G31jxKvOLs8LKoCYzmVIIor2MbNZ1hHGAjLib2xibUibKumzOIuYJqDagIiaQo6BvO3qlIPBQ/0?wx_fmt=jpeg",
                                       "brand_name":"利郎轻商务",
                                       "code_type":"CODE_TYPE_TEXT",
                                       "title": "轻商务优惠券",
                                       "sub_title": "新店9折券",
                                       "color": "Color010",
                                       "notice": "请让营业员扫码销券",
                                       "service_phone": "",
                                       "description": "1.本券在利郎总部新开的轻商务店享受9折（零售价50元以上产品参与）2.本券不与其他优惠活动同时进行3.本券使用时间截止2016年10月31日4.凭此券可到店免费领取鸡翅木筷子一盒",
                                       "date_info": {
                                           "type": "DATE_TYPE_FIX_TIME_RANGE",
                                           "begin_timestamp": 1476288000 ,
                                           "end_timestamp": 1477929540
                                       },
                                       "sku": {
                                           "quantity": 0
                                       },
                                       "get_limit": 2,
                                       "use_custom_code": false,  
                                       "bind_openid":true,                                     
                                       "can_share": false,
                                       "can_give_friend": true,                                       
                                       "custom_url_name": "",
                                       "custom_url": "",
                                       "custom_url_sub_title": "",
                                       "promotion_url_name": "",
                                       "promotion_url": "",
                                       "promotion_url_sub_title":"",
                                       "source": "LILANZ"
                                   },
                                   "default_detail":"1.本券在利郎总部轻商务享受9折（零售价50元以上产品参与）2.本券不与其他优惠活动同时进行3.本券使用时间截止2016年10月31日" 
                                }
                             }
                            }提交结果：{"errcode":40079,"errmsg":"invalid time hint: [I1OVVa0275e552]"}
