【2017-4-13 15:01:19】  创建卡券 { 
                            "card": {
                               "card_type": "GENERAL_COUPON",
                               "general_coupon": {
                                   "base_info": {
                                       "logo_url": "http://mmbiz.qpic.cn/mmbiz/wrgiaawibvBmAF6dCOA33AxFSc5gmSpgjZ4D7YExKlEJ6jUNgtmEHB3roAWKLX8e6s2stsCXN67ZRrnLhaMyYenQ/0",
                                       "brand_name":"利郎男装",
                                       "code_type":"CODE_TYPE_BARCODE",
                                       "title": "试用券",
                                       "sub_title": "内部试用",
                                       "color": "Color101",
                                       "notice": "请让营业员扫码销券",
                                       "service_phone": "",
                                       "description": "使用前出示",
                                       "date_info": {
                                           "type": "DATE_TYPE_FIX_TIME_RANGE",
                                           "begin_timestamp": 1474214400 ,
                                           "end_timestamp": 1474387140
                                       },
                                       "sku": {
                                           "quantity": 1
                                       },
                                       "get_limit": 2,
                                       "use_custom_code": false,  
                                       "bind_openid":true,                                     
                                       "can_share": false,
                                       "can_give_friend": true,                                       
                                       "custom_url_name": "",
                                       "custom_url": "",
                                       "custom_url_sub_title": "",
                                       "promotion_url_name": "",
                                       "promotion_url": "",
                                       "promotion_url_sub_title":"",
                                       "source": "LILANZ"
                                   },
                                   "default_detail":"满1000，可享8折" 
                                }
                             }
                            }提交结果：{"errcode":40079,"errmsg":"invalid time hint: [m8CZIa0877e503]"}
【2017-4-13 15:11:04】  创建卡券 { 
                            "card": {
                               "card_type": "GENERAL_COUPON",
                               "general_coupon": {
                                   "base_info": {
                                       "logo_url": "http://mmbiz.qpic.cn/mmbiz/wrgiaawibvBmAF6dCOA33AxFSc5gmSpgjZ4D7YExKlEJ6jUNgtmEHB3roAWKLX8e6s2stsCXN67ZRrnLhaMyYenQ/0",
                                       "brand_name":"利郎福建",
                                       "code_type":"CODE_TYPE_TEXT",
                                       "title": "国庆抵用券",
                                       "sub_title": "原价满3000，立减800元",
                                       "color": "Color010",
                                       "notice": "请让营业员扫码销券",
                                       "service_phone": "",
                                       "description": "买单前请主动出示卡券，每人限用一张，仅限原店使用，过期无效，敬请原谅！
本券不可与其它活动重叠进行，特价商品不参与",
                                       "date_info": {
                                           "type": "DATE_TYPE_FIX_TIME_RANGE",
                                           "begin_timestamp": 1475251200 ,
                                           "end_timestamp": 1475855940
                                       },
                                       "sku": {
                                           "quantity": 38
                                       },
                                       "get_limit": 1,
                                       "use_custom_code": false,  
                                       "bind_openid":true,                                     
                                       "can_share": false,
                                       "can_give_friend": true,                                       
                                       "custom_url_name": "",
                                       "custom_url": "",
                                       "custom_url_sub_title": "",
                                       "promotion_url_name": "",
                                       "promotion_url": "",
                                       "promotion_url_sub_title":"",
                                       "source": "LILANZ"
                                   },
                                   "default_detail":"原价消费3000元以上，可享立减800元福利，每人国庆限用一次，用过作废。（限厦门，漳州，龙岩地区使用）" 
                                }
                             }
                            }提交结果：{"errcode":40079,"errmsg":"invalid time hint: [6nf8MA0463e503]"}
【2017-4-13 15:14:33】  创建卡券 { 
                            "card": {
                               "card_type": "GENERAL_COUPON",
                               "general_coupon": {
                                   "base_info": {
                                       "logo_url": "http://mmbiz.qpic.cn/mmbiz/wrgiaawibvBmAF6dCOA33AxFSc5gmSpgjZ4D7YExKlEJ6jUNgtmEHB3roAWKLX8e6s2stsCXN67ZRrnLhaMyYenQ/0",
                                       "brand_name":"利郎福建",
                                       "code_type":"CODE_TYPE_TEXT",
                                       "title": "国庆福利券",
                                       "sub_title": "原价3000元以上，立减800元",
                                       "color": "Color030",
                                       "notice": "请让营业员扫码销券",
                                       "service_phone": "",
                                       "description": "买单前请主动出示卡券，每人限用一张，仅限原店使用，过期无效，敬请原谅！
特价商品不参与",
                                       "date_info": {
                                           "type": "DATE_TYPE_FIX_TIME_RANGE",
                                           "begin_timestamp": 1475251200 ,
                                           "end_timestamp": 1475855940
                                       },
                                       "sku": {
                                           "quantity": 53
                                       },
                                       "get_limit": 1,
                                       "use_custom_code": false,  
                                       "bind_openid":true,                                     
                                       "can_share": false,
                                       "can_give_friend": true,                                       
                                       "custom_url_name": "",
                                       "custom_url": "",
                                       "custom_url_sub_title": "",
                                       "promotion_url_name": "",
                                       "promotion_url": "",
                                       "promotion_url_sub_title":"",
                                       "source": "LILANZ"
                                   },
                                   "default_detail":"原价消费3000元以上，可享立减800元优惠，每人限用一张，用完作废！（限泉州惠安片区）
本券不可与其它活动重叠进行，敬请原谅！" 
                                }
                             }
                            }提交结果：{"errcode":40079,"errmsg":"invalid time hint: [s94ema0671e569]"}
【2017-4-13 15:14:36】  创建卡券 { 
                            "card": {
                               "card_type": "GENERAL_COUPON",
                               "general_coupon": {
                                   "base_info": {
                                       "logo_url": "http://mmbiz.qpic.cn/mmbiz/wrgiaawibvBmAF6dCOA33AxFSc5gmSpgjZ4D7YExKlEJ6jUNgtmEHB3roAWKLX8e6s2stsCXN67ZRrnLhaMyYenQ/0",
                                       "brand_name":"利郎男装",
                                       "code_type":"CODE_TYPE_BARCODE",
                                       "title": "100元抵用券",
                                       "sub_title": "消费1500以上，立减100元",
                                       "color": "Color050",
                                       "notice": "请让营业员扫码销券",
                                       "service_phone": "",
                                       "description": "买单前请出示微信小券，符合活动要求既可系统自动抵扣100元，每人仅限使用一次，过期无效。特殊折扣顾客不享受小券优惠，敬请原谅！",
                                       "date_info": {
                                           "type": "DATE_TYPE_FIX_TIME_RANGE",
                                           "begin_timestamp": 1475251200 ,
                                           "end_timestamp": 1475855940
                                       },
                                       "sku": {
                                           "quantity": 170
                                       },
                                       "get_limit": 1,
                                       "use_custom_code": false,  
                                       "bind_openid":true,                                     
                                       "can_share": false,
                                       "can_give_friend": true,                                       
                                       "custom_url_name": "",
                                       "custom_url": "",
                                       "custom_url_sub_title": "",
                                       "promotion_url_name": "",
                                       "promotion_url": "",
                                       "promotion_url_sub_title":"",
                                       "source": "LILANZ"
                                   },
                                   "default_detail":"消费满1500元，可立减100元。本券可与平时折扣同时使用，特殊折扣不可使用。" 
                                }
                             }
                            }提交结果：{"errcode":40079,"errmsg":"invalid time hint: [V09Gba0674e503]"}
【2017-4-13 15:15:32】  创建卡券 { 
                            "card": {
                               "card_type": "GENERAL_COUPON",
                               "general_coupon": {
                                   "base_info": {
                                       "logo_url": "http://mmbiz.qpic.cn/mmbiz/wrgiaawibvBmAF6dCOA33AxFSc5gmSpgjZ4D7YExKlEJ6jUNgtmEHB3roAWKLX8e6s2stsCXN67ZRrnLhaMyYenQ/0",
                                       "brand_name":"利郎男装",
                                       "code_type":"CODE_TYPE_BARCODE",
                                       "title": "100元抵用券",
                                       "sub_title": "消费1500以上，立减100元",
                                       "color": "Color050",
                                       "notice": "请让营业员扫码销券",
                                       "service_phone": "",
                                       "description": "买单前请出示微信小券，符合活动要求既可系统自动抵扣100元，每人仅限使用一次，过期无效。特殊折扣顾客不享受小券优惠，敬请原谅！",
                                       "date_info": {
                                           "type": "DATE_TYPE_FIX_TIME_RANGE",
                                           "begin_timestamp": 1475251200 ,
                                           "end_timestamp": 1475855940
                                       },
                                       "sku": {
                                           "quantity": 170
                                       },
                                       "get_limit": 1,
                                       "use_custom_code": false,  
                                       "bind_openid":true,                                     
                                       "can_share": false,
                                       "can_give_friend": true,                                       
                                       "custom_url_name": "",
                                       "custom_url": "",
                                       "custom_url_sub_title": "",
                                       "promotion_url_name": "",
                                       "promotion_url": "",
                                       "promotion_url_sub_title":"",
                                       "source": "LILANZ"
                                   },
                                   "default_detail":"消费满1500元，可立减100元。本券可与平时折扣同时使用，特殊折扣不可使用。" 
                                }
                             }
                            }提交结果：{"errcode":40079,"errmsg":"invalid time hint: [LbXQpa0731e503]"}
【2017-4-13 16:52:03】  创建卡券 { 
                            "card": {
                               "card_type": "GENERAL_COUPON",
                               "general_coupon": {
                                   "base_info": {
                                       "logo_url": "http://mmbiz.qpic.cn/mmbiz/wrgiaawibvBmAF6dCOA33AxFSc5gmSpgjZ4D7YExKlEJ6jUNgtmEHB3roAWKLX8e6s2stsCXN67ZRrnLhaMyYenQ/0",
                                       "brand_name":"利郎总部轻商务",
                                       "code_type":"CODE_TYPE_TEXT",
                                       "title": "总部轻商务开业券",
                                       "sub_title": "开业券",
                                       "color": "Color010",
                                       "notice": "请让营业员扫码销券",
                                       "service_phone": "",
                                       "description": "本券是8.8折优惠券，本券一次性使用，本券适用于零售价50元以上的产品，本券不予其他优惠活动同时进行。",
                                       "date_info": {
                                           "type": "DATE_TYPE_FIX_TIME_RANGE",
                                           "begin_timestamp": 1475251200 ,
                                           "end_timestamp": 1476115140
                                       },
                                       "sku": {
                                           "quantity": 500
                                       },
                                       "get_limit": 1,
                                       "use_custom_code": false,  
                                       "bind_openid":true,                                     
                                       "can_share": false,
                                       "can_give_friend": true,                                       
                                       "custom_url_name": "",
                                       "custom_url": "",
                                       "custom_url_sub_title": "",
                                       "promotion_url_name": "",
                                       "promotion_url": "",
                                       "promotion_url_sub_title":"",
                                       "source": "LILANZ"
                                   },
                                   "default_detail":"本券适用" 
                                }
                             }
                            }提交结果：{"errcode":40079,"errmsg":"invalid time hint: [.eJGBa0522e503]"}
