【2017-3-30 17:24:32】  创建卡券 { 
                            "card": {
                               "card_type": "GENERAL_COUPON",
                               "general_coupon": {
                                   "base_info": {
                                       "logo_url": "http://mmbiz.qpic.cn/mmbiz/wrgiaawibvBmAF6dCOA33AxFSc5gmSpgjZ4D7YExKlEJ6jUNgtmEHB3roAWKLX8e6s2stsCXN67ZRrnLhaMyYenQ/0",
                                       "brand_name":"利郎男装",
                                       "code_type":"CODE_TYPE_BARCODE",
                                       "title": "100元抵用券",
                                       "sub_title": "消费1500以上，立减100元",
                                       "color": "Color050",
                                       "notice": "请让营业员扫码销券",
                                       "service_phone": "",
                                       "description": "买单前请出示微信小券，符合活动要求既可系统自动抵扣100元，每人仅限使用一次，过期无效。特殊折扣顾客不享受小券优惠，敬请原谅！",
                                       "date_info": {
                                           "type": "DATE_TYPE_FIX_TIME_RANGE",
                                           "begin_timestamp": 1475251200 ,
                                           "end_timestamp": 1475855940
                                       },
                                       "sku": {
                                           "quantity": 170
                                       },
                                       "get_limit": 1,
                                       "use_custom_code": false,  
                                       "bind_openid":true,                                     
                                       "can_share": false,
                                       "can_give_friend": true,                                       
                                       "custom_url_name": "",
                                       "custom_url": "",
                                       "custom_url_sub_title": "",
                                       "promotion_url_name": "",
                                       "promotion_url": "",
                                       "promotion_url_sub_title":"",
                                       "source": "LILANZ"
                                   },
                                   "default_detail":"消费满1500元，可立减100元。本券可与平时折扣同时使用，特殊折扣不可使用。" 
                                }
                             }
                            }提交结果：{"errcode":40079,"errmsg":"invalid time hint: [zzJCDa0878e544]"}
【2017-3-30 17:24:47】  远程调用异常：基础连接已经关闭: 服务器关闭了本应保持活动状态的连接。
【2017-3-30 17:24:47】  更新卡券 {
                              "card_id":"parMEt2OX4zWovSkRn49BRm7Sx1U",
                              "general_coupon": {
                                       "base_info": {
                                           "color": "Color050",
                                           "notice": "请让营业员扫码销券",
                                           "service_phone": "",
                                           "description": "买单前请出示微信小券，符合活动要求既可系统自动抵扣100元，每人仅限使用一次，过期无效。特殊折扣顾客不享受小券优惠，敬请原谅！",                                           
                                           "date_info": {
                                               "type": "DATE_TYPE_FIX_TIME_RANGE",
                                               "begin_timestamp": 1475251200,
                                               "end_timestamp": 1475855940
                                           },
                                           "get_limit": 1, 
                                           "can_give_friend":true,                                                                                                                                  
                                           "custom_url_name": "",
                                           "custom_url": "",
                                           "custom_url_sub_title": "",
                                           "promotion_url_name": "",
                                           "promotion_url": "",
                                           "promotion_url_sub_title":""
                                       }
                                    }
                                }提交结果：基础连接已经关闭: 服务器关闭了本应保持活动状态的连接。
【2017-3-30 17:25:11】  更新卡券 {
                              "card_id":"parMEt2OX4zWovSkRn49BRm7Sx1U",
                              "general_coupon": {
                                       "base_info": {
                                           "color": "Color050",
                                           "notice": "请让营业员扫码销券",
                                           "service_phone": "",
                                           "description": "买单前请出示微信小券，符合活动要求既可系统自动抵扣100元，每人仅限使用一次，过期无效。特殊折扣顾客不享受小券优惠，敬请原谅！",                                           
                                           "date_info": {
                                               "type": "DATE_TYPE_FIX_TIME_RANGE",
                                               "begin_timestamp": 1475251200,
                                               "end_timestamp": 1475855940
                                           },
                                           "get_limit": 1, 
                                           "can_give_friend":true,                                                                                                                                  
                                           "custom_url_name": "",
                                           "custom_url": "",
                                           "custom_url_sub_title": "",
                                           "promotion_url_name": "",
                                           "promotion_url": "",
                                           "promotion_url_sub_title":""
                                       }
                                    }
                                }提交结果：{"errcode":40079,"errmsg":"invalid time hint: [fpBesA0917e503]"}
