2015-12-30 15:10:49 - 信息:{"name":"版璇?,
"mobile":"13799514952",
"department":"[90]",
"userid":"456C4A58-BEB6-4AC9-A9EA-76377540B251",
"position":""}
2015-12-30 15:15:55 - 信息:%7b%22name%22%3a%22%e9%8f%8b%e6%a5%81%e6%9e%83%e9%8d%97%e7%89%88%e7%a5%b4%e7%92%87%3f%2c%0a%22mobile%22%3a%2213799514952%22%2c%0a%22department%22%3a%22%5b90%5d%22%2c%0a%22userid%22%3a%223BD22FFE-13CD-425C-A9D4-6B9BBF052691%22%2c%0a%22position%22%3a%22%e9%8f%86%e5%82%9b%e6%a3%a4%22%7d
2015-12-30 15:22:09 - 信息:{"name":"版璇?,
"mobile":"13799514952",
"department":"[90]",
"userid":"8C571ADF-CF3A-4C0D-940A-7AC347C7DCEF",
"position":""}
2015-12-30 15:23:02 - 信息:{"name":"lin",
"mobile":"13799514952",
"department":"[90]",
"userid":"6304F17A-2FFF-4D69-AD8B-766F3434EC0E",
"position":"11"}
2015-12-30 15:24:16 - 信息:{"name":"lin",
"mobile":"13799514952",
"department":"[90]",
"userid":"65011A7A-2687-4C32-B7D4-F1612D0EFA2B",
"position":"11"}
2015-12-30 15:24:20 - 信息:{"name":"lin",
"mobile":"13799514952",
"department":"[90]",
"userid":"E5D3C583-0080-4E16-81F2-0E9082029032",
"position":"11"}
2015-12-30 15:24:53 - 信息:{"name":"lin",
"mobile":"13799514952",
"department":"[90]",
"userid":"7834C190-785A-483B-91F0-CF4841E1B885",
"position":"11"}
2015-12-30 15:25:11 - 信息:{"name":"lin",
"mobile":"13799514952",
"department":[90],
"userid":"F83C2217-4886-404D-854E-644ECD93A166",
"position":"11"}
2015-12-30 15:27:17 - 信息:{"name":"lin",
"mobile":"13799514952",
"department":[90],
"userid":"17B242BA-2E63-4FE6-BFF2-99691FE60FE7",
"position":"11"}
2015-12-30 15:28:24 - 信息:{"name":"lin",
"mobile":"13799514955",
"department":[90],
"userid":"975E112F-AD33-49C3-A2AE-95AB654930D6",
"position":"11"}
2015-12-30 15:59:26 - 信息:{"name":"lin",
"mobile":"13799514955",
"department":[90],
"userid":"161D22EC-EAD5-4EBC-8E62-32BCF14CB989",
"position":"11"}
2015-12-30 16:00:20 - 信息:{"name":"lin",
"mobile":"13799514955",
"department":[90],
"userid":"B5DD6DFD-DD7C-454B-8621-7B1E315F782F",
"position":"11"}
2015-12-30 16:00:56 - 信息:{"name":"版璇?,
"mobile":"13799514925",
"department":[90],
"userid":"F16F8449-840B-4E86-8437-307D70D10164",
"position":""}
2015-12-30 16:02:56 - 日志错误：正在中止线程。
2015-12-30 16:03:05 - 信息:{"name":"linwy11",
"mobile":"13799514925",
"department":[90],
"userid":"3761B85D-9377-4C26-8EBE-39057393EDF7",
"position":"00"}
2015-12-30 16:05:00 - 信息:{"name":"linwy11",
"mobile":"13799514925",
"department":[90],
"userid":"24F6B3A6-128F-4DCE-8996-47AB40C420EB",
"position":"00"}
2015-12-30 16:08:37 - 信息:{"name":"linwy11",
"mobile":"13799514925",
"department":[90],
"userid":"912191C8-2446-4449-A415-A620302A3596",
"position":"00"}
2015-12-30 16:08:44 - 信息:{"name":"linwy11",
"mobile":"13799514925",
"department":[90],
"userid":"0CBC7071-9251-403E-8EEA-3E90183CE48D",
"position":"00"}
2015-12-30 16:11:49 - 信息:{"name":"linwy11",
"mobile":"13799514925",
"department":[90],
"userid":"B813A9D6-6C76-41D6-B78C-B77390B64585",
"position":"00"}
2015-12-30 16:14:46 - 信息:{"name":"linwy11",
"mobile":"13799514925",
"department":[90],
"userid":"DAF43D23-DFAA-4A41-83AA-62E4F86DC20E",
"position":"00"}
2015-12-30 16:15:07 - 信息:{"name":"linwy11",
"mobile":"13799514925",
"department":[90],
"userid":"06FA58CF-FACF-44E1-8E98-3760A2DADD9F",
"position":"00"}
2015-12-30 16:16:40 - 信息:{"name":"linwy11",
"mobile":"13799514925",
"department":[90],
"userid":"93962F28-062E-4D29-A884-828EFCECC72D",
"position":"00"}
2015-12-30 16:17:14 - 信息:{"name":"linwy11",
"mobile":"13799514925",
"department":[90],
"userid":"27FF041C-81AF-4CCE-80C2-DA23E2A2E726",
"position":"00"}
2015-12-30 16:17:15 - 信息:Successed12
2015-12-30 16:18:36 - 信息:{"name":"linwy11",
"mobile":"13799514925",
"department":[90],
"userid":"BB33619F-2BAC-4690-8F0D-CE88AAC48246",
"position":"00"}
2015-12-30 16:18:46 - 信息:{"name":"linwy11",
"mobile":"13799514925",
"department":[90],
"userid":"940D75A3-371A-438C-BF4E-302717E5A7A2",
"position":"00"}
2015-12-30 16:18:46 - 信息:Successed13
2015-12-30 16:19:42 - 信息:{"name":"linwy11",
"mobile":"13799514925",
"department":[90],
"userid":"EEDD5AFB-AD29-4568-8116-2454DD338EEA",
"position":"00"}
2015-12-30 16:19:42 - 信息:Successed14
2015-12-30 16:20:25 - 信息:{"name":"linwy11",
"mobile":"13799514925",
"department":[90],
"userid":"7B2F00D2-3105-4E12-A6D9-25302F0AE5FB",
"position":"00"}
2015-12-30 16:20:25 - 信息:Successed15
2015-12-30 16:21:18 - 信息:{"name":"linwy11",
"mobile":"13799514925",
"department":[90],
"userid":"CFA67A22-405E-43ED-A8AD-08375A87E28E",
"position":"00"}
2015-12-30 16:21:18 - 信息:Successed16
2015-12-30 16:25:39 - 信息:{"name":"林文印",
"mobile":"13799514925",
"department":[90],
"userid":"1E3A7BB8-666C-4ADA-904F-5F86DA20286A",
"position":"暂无"}
2015-12-30 16:25:40 - 信息:Successed1
2015-12-30 16:26:54 - 信息:{"name":"林文印",
"mobile":"13799514925",
"department":[90],
"userid":"6CA58E83-9F66-4152-8155-0C44C8589092",
"position":"暂无"}
2015-12-30 16:26:55 - 信息:Successed2
2015-12-30 16:28:06 - 信息:{"name":"林文印",
"mobile":"13799514925",
"department":[90],
"userid":"74DF6312-4393-40D7-BFA6-F4328300D8D3",
"position":"暂无"}
2015-12-30 16:28:06 - 信息:Successed3
2015-12-30 16:56:49 - 日志错误：正在中止线程。
