【2016-8-6 14:23:33】  select sp.splbid lbid,sp.sphh,sp.spmc,sum(a.sl) ddsl into #zb
                            from yx_v_dddjmx a                            
                             inner join yx_t_spdmb sp on a.sphh=sp.sphh                                 
                            where a.tzid=1 and a.djlx=201 and a.djbs=1  and a.tzid=1 and a.khid=@khid and sp.kfbh=@kfbh
                            group by sp.splbid,sp.sphh,sp.spmc;
                            --备货量与周转量
                            select distinct lbid,sphh into #sphh from #zb;
                            select a.sphh,isnull(a.tcl,0) tcl,c.bhl,isnull(a.tcl,0)-isnull(b.ddsl,0) zzl into #zzbh
                            from #sphh s
                            left join (
                              --统筹计划量
                              select a.sphh,sum(b.sl0) tcl 
                              from #sphh s inner join yx_t_tcjhb a on s.sphh=a.sphh
                              inner join yx_t_tcjhcmmx b on a.id=b.id
                              where a.tzid=1 and a.shbs=1 group by a.sphh
                            ) a on s.sphh=a.sphh
                            left join (
                              select a.sphh,sum(a.sl) ddsl  
                              from #sphh s inner join yx_v_dddjmx a on a.sphh=s.sphh
                              where a.djlx=201 and a.djbs=1 group by a.sphh
                            ) b on a.sphh=b.sphh
                            left join (
                              --备货库存
                              select a.sphh,sum(a.sl0-a.dbdf0-a.qtdf0) bhl 
                              from #sphh s inner join YX_T_Spkccmmx a on a.sphh=s.sphh
                              where a.tzid=1 and a.ckid not in (9325,6671,7013) group by a.sphh
                            ) c on a.sphh=c.sphh
                            
                            select lb.id lbid,lb.mc lbmc,sum(b.zzl) zzl,sum(b.bhl) bhl,sum(a.ddsl) ddsl
                            from #zb a 
                            inner join yx_t_splb lb on lb.id=a.lbid
                            left join #zzbh b on a.sphh=b.sphh
                            group by lb.id,lb.mc

                            drop table #zb;drop table #sphh;drop table #zzbh;
{"lx":"lb","khid":"947","mdid":"","sphh":"","lbid":"","kfbh":"20161","ksrq":"","jsrq":"","khlb":"","roleid":"99","curkhid":"","curkhfl":"","order":{"col":"","direc":""}}
【2016-8-6 14:23:35】  订单数据查询结束！server='192.168.35.10';database=tlsoft;uid=ABEASD14AD;pwd=+AuDkDew
【2016-8-6 14:23:35】  select sp.splbid lbid,lb.mc lbmc,sum(a.djlb/abs(a.djlb)*sl) xssl
                         from zmd_v_lsdjmx a
                          inner join t_mdb md on a.mdid=md.mdid and md.ty=0  inner join yx_t_khb kh on md.khid=kh.khid and kh.ty=0  inner join yx_t_spdmb sp on a.sphh=sp.sphh  inner join yx_t_splb lb on sp.splbid=lb.id 
                         where a.djlb in (1,-1,2,-2) and a.djbs=1  and kh.ccid+'-' like @khid and sp.kfbh=@kfbh
                         group by sp.splbid,lb.mc
{"lx":"lb","khid":"947","mdid":"","sphh":"","lbid":"","kfbh":"20161","ksrq":"","jsrq":"","khlb":"","roleid":"99","curkhid":"","curkhfl":"","order":{"col":"","direc":""}}
【2016-8-6 14:23:38】  销售数据查询结束！
【2016-8-6 14:23:38】  @khid=-1-947-%
【2016-8-6 14:23:38】  @kfbh=20161
【2016-8-6 14:23:38】  dt_dd-rows:12 dt_ls-rows:12
【2016-8-6 14:45:55】  select sp.sphh,sp.spmc,sum(a.sl) ddsl into #zb
                            from yx_v_dddjmx a                            
                             inner join yx_t_spdmb sp on a.sphh=sp.sphh                                 
                            where a.tzid=1 and a.djlx=201 and a.djbs=1  and a.tzid=1 and a.khid=@khid and sp.kfbh=@kfbh and sp.splbid=@lbid
                            group by sp.sphh,sp.spmc order by sum(a.sl) desc;
                            --备货量与周转量
                            select distinct sphh into #sphh from #zb;
                            select a.sphh,isnull(a.tcl,0) tcl,c.bhl,isnull(a.tcl,0)-isnull(b.ddsl,0) zzl into #zzbh
                            from #sphh s
                            left join (
                              --统筹计划量
                              select a.sphh,sum(b.sl0) tcl 
                              from #sphh s inner join yx_t_tcjhb a on s.sphh=a.sphh
                              inner join yx_t_tcjhcmmx b on a.id=b.id
                              where a.tzid=1 and a.shbs=1 group by a.sphh
                            ) a on s.sphh=a.sphh
                              --订单数量
                            left join (
                              select a.sphh,sum(a.sl) ddsl  
                              from #sphh s inner join yx_v_dddjmx a on a.sphh=s.sphh
                              where a.djlx=201 and a.djbs=1 group by a.sphh
                            ) b on a.sphh=b.sphh
                            left join (
                              --备货库存
                              select a.sphh,sum(a.sl0-a.dbdf0-a.qtdf0) bhl 
                              from #sphh s inner join YX_T_Spkccmmx a on a.sphh=s.sphh
                              where a.tzid=1 and a.ckid not in (9325,6671,7013) group by a.sphh
                            ) c on a.sphh=c.sphh
                            
                            select a.*,b.zzl,b.bhl from #zb a left join #zzbh b on a.sphh=b.sphh

                            drop table #zb;drop table #sphh;drop table #zzbh;
{"lx":"sphh","khid":"947","mdid":"","sphh":"","lbid":"1313","kfbh":"20161","ksrq":"","jsrq":"","khlb":"","roleid":"99","curkhid":"","curkhfl":"","order":{"col":"","direc":""}}
【2016-8-6 14:45:56】  订单数据查询结束！server='192.168.35.10';database=tlsoft;uid=ABEASD14AD;pwd=+AuDkDew
【2016-8-6 14:45:56】  select a.sphh,sp.spmc,sum(a.djlb/abs(a.djlb)*sl) xssl
                         from zmd_v_lsdjmx a
                          inner join t_mdb md on a.mdid=md.mdid and md.ty=0  inner join yx_t_khb kh on md.khid=kh.khid and kh.ty=0  inner join yx_t_spdmb sp on a.sphh=sp.sphh  inner join yx_t_splb lb on sp.splbid=lb.id 
                         where a.djlb in (1,-1,2,-2) and a.djbs=1  and kh.ccid+'-' like @khid and sp.kfbh=@kfbh and sp.splbid=@lbid
                         group by a.sphh,sp.spmc
{"lx":"sphh","khid":"947","mdid":"","sphh":"","lbid":"1313","kfbh":"20161","ksrq":"","jsrq":"","khlb":"","roleid":"99","curkhid":"","curkhfl":"","order":{"col":"","direc":""}}
【2016-8-6 14:45:57】  销售数据查询结束！
【2016-8-6 14:45:57】  @khid=-1-947-%
【2016-8-6 14:45:57】  @kfbh=20161
【2016-8-6 14:45:57】  @lbid=1313
【2016-8-6 14:45:57】  dt_dd-rows:29 dt_ls-rows:26
