【2016-8-25 10:43:00】   select sp.sphh,sp.spmc,'' zzl,'' bhl,sum(a.sl) ddsl
                            from yx_v_dddjmx a                                                            
                             inner join yx_t_spdmb sp on a.sphh=sp.sphh                                 
                            where a.djlx=201 and a.djbs=1  and a.tzid=1 and a.khid=@khid and sp.kfbh=@kfbh
                            group by sp.sphh,sp.spmc order by sum(a.sl) desc
{"lx":"sphh","khid":"325","mdid":"","sphh":"","lbid":"","kfbh":"20161","ksrq":"","jsrq":"","khlb":"","roleid":"4","curkhid":"325","curkhfl":"","order":{"col":"","direc":""}}
【2016-8-25 10:43:00】  订单数据查询结束！server='192.168.35.10';database=tlsoft;uid=ABEASD14AD;pwd=+AuDkDew
【2016-8-25 10:43:00】  select a.sphh,sp.spmc,sum(a.djlb/abs(a.djlb)*sl) xssl
                         from zmd_v_lsdjmx a
                          inner join t_mdb md on a.mdid=md.mdid and md.ty=0  inner join yx_t_khb kh on md.khid=kh.khid and kh.ty=0  inner join yx_t_spdmb sp on a.sphh=sp.sphh 
                         where a.djlb in (1,-1,2,-2) and a.djbs=1  and kh.ccid+'-' like @khid and sp.kfbh=@kfbh
                         group by a.sphh,sp.spmc
{"lx":"sphh","khid":"325","mdid":"","sphh":"","lbid":"","kfbh":"20161","ksrq":"","jsrq":"","khlb":"","roleid":"4","curkhid":"325","curkhfl":"","order":{"col":"","direc":""}}
【2016-8-25 10:43:03】  销售数据查询结束！
【2016-8-25 10:43:03】  @khid=-1-325-%
【2016-8-25 10:43:03】  @kfbh=20161
【2016-8-25 10:43:03】  dt_dd-rows:237 dt_ls-rows:242
【2016-8-25 10:43:09】   select convert(varchar(10),a.khid) khid,upper(kh.khdm) khdm,kh.khmc,kh.khfl,sum(a.sl) ddsl
                            from yx_v_dddjmx a                                                            
                             inner join yx_t_spdmb sp on a.sphh=sp.sphh  inner join yx_t_khb kh on a.khid=kh.khid and kh.ty=0                                 
                            where a.djlx=201 and a.djbs=1  and a.tzid=1 and a.khid=@khid and sp.kfbh=@kfbh and a.sphh=@sphh and a.tzid=1
                            group by a.khid,kh.khdm,kh.khmc,kh.khfl order by sum(a.sl) desc
{"lx":"kh","khid":"325","mdid":"","sphh":"6CXK00504","lbid":"","kfbh":"20161","ksrq":"","jsrq":"","khlb":"","roleid":"4","curkhid":"325","curkhfl":"","order":{"col":"","direc":""}}
【2016-8-25 10:43:09】  订单数据查询结束！server='192.168.35.10';database=tlsoft;uid=ABEASD14AD;pwd=+AuDkDew
【2016-8-25 10:43:09】  select substring(a.ccid0,0,charindex('-',a.ccid0)) khid,upper(kh.khdm) khdm,kh.khmc,kh.khfl,sum(a.sl) xssl
                         from (
                           select a.khid,replace(kh.ccid,'-1-','')+'-' ccid0,a.djlb/abs(a.djlb)*sl sl
                           from zmd_v_lsdjmx a                                                     
                            inner join t_mdb md on a.mdid=md.mdid and md.ty=0  inner join yx_t_khb kh on md.khid=kh.khid and kh.ty=0  inner join yx_t_spdmb sp on a.sphh=sp.sphh 
                           where a.djlb in (1,-1,2,-2) and a.djbs=1  and kh.ccid+'-' like @khid and sp.kfbh=@kfbh and a.sphh=@sphh
                           ) a
                         inner join yx_t_khb kh on kh.khid=substring(a.ccid0,0,charindex('-',a.ccid0)) 
                         group by substring(a.ccid0,0,charindex('-',a.ccid0)),kh.khdm,kh.khmc,kh.khfl
{"lx":"kh","khid":"325","mdid":"","sphh":"6CXK00504","lbid":"","kfbh":"20161","ksrq":"","jsrq":"","khlb":"","roleid":"4","curkhid":"325","curkhfl":"","order":{"col":"","direc":""}}
【2016-8-25 10:43:11】  销售数据查询结束！
【2016-8-25 10:43:11】  @khid=-1-325-%
【2016-8-25 10:43:11】  @kfbh=20161
【2016-8-25 10:43:11】  @sphh=6CXK00504
【2016-8-25 10:43:11】  dt_dd-rows:1 dt_ls-rows:1
【2016-8-25 10:43:14】   select a.khid,kh.khmc,sum(a.sl) ddsl
                            from yx_v_dddjmx a                                                            
                             inner join yx_t_spdmb sp on a.sphh=sp.sphh  inner join yx_t_khb kh on a.khid=kh.khid and kh.ty=0                                 
                            where a.djlx=201 and a.djbs=1  and a.khid=@mdkhid and sp.kfbh=@kfbh and a.sphh=@sphh
                            group by a.khid,kh.khmc order by sum(a.sl) desc
{"lx":"md","khid":"1900","mdid":"1906","sphh":"6CXK00504","lbid":"","kfbh":"20161","ksrq":"","jsrq":"","khlb":"","roleid":"4","curkhid":"1900","curkhfl":"","order":{"col":"","direc":""}}
【2016-8-25 10:43:14】  订单数据查询结束！server='192.168.35.11';database=FXDB;uid=ABEASD14AD;pwd=+AuDkDew
【2016-8-25 10:43:14】  select a.khid,m.khmc,sum(a.djlb/abs(a.djlb)*sl) xssl
                          from zmd_v_lsdjmx a                          
                          inner join yx_t_khb m on a.khid=m.khid
                           inner join t_mdb md on a.mdid=md.mdid and md.ty=0  inner join yx_t_khb kh on md.khid=kh.khid and kh.ty=0  inner join yx_t_spdmb sp on a.sphh=sp.sphh                                                     
                          where a.djlb in (1,-1,2,-2) and a.djbs=1  and kh.ccid+'-' like @khid and a.khid=@mdkhid and sp.kfbh=@kfbh and a.sphh=@sphh
                          group by a.khid,m.khmc
{"lx":"md","khid":"1900","mdid":"1906","sphh":"6CXK00504","lbid":"","kfbh":"20161","ksrq":"","jsrq":"","khlb":"","roleid":"4","curkhid":"1900","curkhfl":"","order":{"col":"","direc":""}}
【2016-8-25 10:43:16】  销售数据查询结束！
【2016-8-25 10:43:16】  @khid=-1-1900-%
【2016-8-25 10:43:16】  @mdkhid=1906
【2016-8-25 10:43:16】  @kfbh=20161
【2016-8-25 10:43:16】  @sphh=6CXK00504
【2016-8-25 10:43:16】  dt_dd-rows:0 dt_ls-rows:0
【2016-8-25 10:43:23】   select a.khid,kh.khmc,sum(a.sl) ddsl
                            from yx_v_dddjmx a                                                            
                             inner join yx_t_spdmb sp on a.sphh=sp.sphh  inner join yx_t_khb kh on a.khid=kh.khid and kh.ty=0                                 
                            where a.djlx=201 and a.djbs=1  and a.khid=@mdkhid and sp.kfbh=@kfbh
                            group by a.khid,kh.khmc order by sum(a.sl) desc
{"lx":"md","khid":"1900","mdid":"1906","sphh":"","lbid":"","kfbh":"20161","ksrq":"","jsrq":"","khlb":"","roleid":"4","curkhid":"1900","curkhfl":"","order":{"col":"","direc":""}}
【2016-8-25 10:43:24】  订单数据查询结束！server='192.168.35.11';database=FXDB;uid=ABEASD14AD;pwd=+AuDkDew
【2016-8-25 10:43:24】  select a.khid,m.khmc,sum(a.djlb/abs(a.djlb)*sl) xssl
                          from zmd_v_lsdjmx a                          
                          inner join yx_t_khb m on a.khid=m.khid
                           inner join t_mdb md on a.mdid=md.mdid and md.ty=0  inner join yx_t_khb kh on md.khid=kh.khid and kh.ty=0  inner join yx_t_spdmb sp on a.sphh=sp.sphh                                                     
                          where a.djlb in (1,-1,2,-2) and a.djbs=1  and kh.ccid+'-' like @khid and a.khid=@mdkhid and sp.kfbh=@kfbh
                          group by a.khid,m.khmc
{"lx":"md","khid":"1900","mdid":"1906","sphh":"","lbid":"","kfbh":"20161","ksrq":"","jsrq":"","khlb":"","roleid":"4","curkhid":"1900","curkhfl":"","order":{"col":"","direc":""}}
【2016-8-25 10:43:26】  销售数据查询结束！
【2016-8-25 10:43:26】  @khid=-1-1900-%
【2016-8-25 10:43:26】  @mdkhid=1906
【2016-8-25 10:43:26】  @kfbh=20161
【2016-8-25 10:43:26】  dt_dd-rows:1 dt_ls-rows:1
【2016-8-25 10:43:28】   select lb.id lbid,lb.mc lbmc,'' zzl,'' bhl,sum(a.sl) ddsl
                            from yx_v_dddjmx a                                                            
                             inner join yx_t_spdmb sp on a.sphh=sp.sphh  inner join yx_t_splb lb on sp.splbid=lb.id                                 
                            where a.djlx=201 and a.djbs=1  and a.khid=@mdkhid and sp.kfbh=@kfbh
                            group by lb.id,lb.mc order by sum(a.sl) desc
{"lx":"lb","khid":"1900","mdid":"1906","sphh":"","lbid":"","kfbh":"20161","ksrq":"","jsrq":"","khlb":"","roleid":"4","curkhid":"1900","curkhfl":"","order":{"col":"","direc":""}}
【2016-8-25 10:43:31】  订单数据查询结束！server='192.168.35.11';database=FXDB;uid=ABEASD14AD;pwd=+AuDkDew
【2016-8-25 10:43:31】  select sp.splbid lbid,lb.mc lbmc,sum(a.djlb/abs(a.djlb)*sl) xssl
                         from zmd_v_lsdjmx a
                          inner join t_mdb md on a.mdid=md.mdid and md.ty=0  inner join yx_t_khb kh on md.khid=kh.khid and kh.ty=0  inner join yx_t_spdmb sp on a.sphh=sp.sphh  inner join yx_t_splb lb on sp.splbid=lb.id 
                         where a.djlb in (1,-1,2,-2) and a.djbs=1  and kh.ccid+'-' like @khid and a.khid=@mdkhid and sp.kfbh=@kfbh
                         group by sp.splbid,lb.mc
{"lx":"lb","khid":"1900","mdid":"1906","sphh":"","lbid":"","kfbh":"20161","ksrq":"","jsrq":"","khlb":"","roleid":"4","curkhid":"1900","curkhfl":"","order":{"col":"","direc":""}}
【2016-8-25 10:43:36】  销售数据查询结束！
【2016-8-25 10:43:36】  @khid=-1-1900-%
【2016-8-25 10:43:36】  @mdkhid=1906
【2016-8-25 10:43:36】  @kfbh=20161
【2016-8-25 10:43:36】  dt_dd-rows:7 dt_ls-rows:8
【2016-8-25 10:44:30】   select lb.id lbid,lb.mc lbmc,'' zzl,'' bhl,sum(a.sl) ddsl
                            from yx_v_dddjmx a                                                            
                             inner join yx_t_spdmb sp on a.sphh=sp.sphh  inner join yx_t_splb lb on sp.splbid=lb.id                                 
                            where a.djlx=201 and a.djbs=1  and a.khid=@mdkhid and sp.kfbh=@kfbh and sp.splbid=@lbid
                            group by lb.id,lb.mc order by sum(a.sl) desc
{"lx":"lb","khid":"1900","mdid":"1906","sphh":"","lbid":"1336","kfbh":"20161","ksrq":"","jsrq":"","khlb":"","roleid":"4","curkhid":"1900","curkhfl":"","order":{"col":"","direc":""}}
【2016-8-25 10:44:32】  订单数据查询结束！server='192.168.35.11';database=FXDB;uid=ABEASD14AD;pwd=+AuDkDew
【2016-8-25 10:44:32】  select sp.splbid lbid,lb.mc lbmc,sum(a.djlb/abs(a.djlb)*sl) xssl
                         from zmd_v_lsdjmx a
                          inner join t_mdb md on a.mdid=md.mdid and md.ty=0  inner join yx_t_khb kh on md.khid=kh.khid and kh.ty=0  inner join yx_t_spdmb sp on a.sphh=sp.sphh  inner join yx_t_splb lb on sp.splbid=lb.id 
                         where a.djlb in (1,-1,2,-2) and a.djbs=1  and kh.ccid+'-' like @khid and a.khid=@mdkhid and sp.kfbh=@kfbh and sp.splbid=@lbid
                         group by sp.splbid,lb.mc
{"lx":"lb","khid":"1900","mdid":"1906","sphh":"","lbid":"1336","kfbh":"20161","ksrq":"","jsrq":"","khlb":"","roleid":"4","curkhid":"1900","curkhfl":"","order":{"col":"","direc":""}}
【2016-8-25 10:44:34】  销售数据查询结束！
【2016-8-25 10:44:34】  @khid=-1-1900-%
【2016-8-25 10:44:34】  @mdkhid=1906
【2016-8-25 10:44:34】  @kfbh=20161
【2016-8-25 10:44:34】  @lbid=1336
【2016-8-25 10:44:34】  dt_dd-rows:1 dt_ls-rows:1
