【2016-10-9 17:50:56】   select sp.sphh,sp.spmc,'' zzl,'' bhl,sum(a.sl) ddsl
                            from yx_v_dddjmx a                                                            
                             inner join yx_t_spdmb sp on a.sphh=sp.sphh                                 
                            where a.djlx=201 and a.djbs=1  and a.rq>=convert(datetime,@ksrq) and a.rq<dateadd(day,1,convert(datetime,@jsrq)) and a.khid=@mdkhid and sp.kfbh=@kfbh
                            group by sp.sphh,sp.spmc order by sum(a.sl) desc
{"lx":"sphh","khid":"17832","mdid":"18090","sphh":"","lbid":"","kfbh":"20161","ksrq":"2016-10-01","jsrq":"2016-10-09","khlb":"","roleid":"4","curkhid":"17832","curkhfl":"","order":{"col":"","direc":""}}
【2016-10-9 17:50:56】  订单数据查询结束！server='192.168.35.11';database=FXDB;uid=ABEASD14AD;pwd=+AuDkDew
【2016-10-9 17:50:56】  select a.sphh,sp.spmc,sum(a.djlb/abs(a.djlb)*sl) xssl
                         from zmd_v_lsdjmx a
                          inner join t_mdb md on a.mdid=md.mdid and md.ty=0  inner join yx_t_khb kh on md.khid=kh.khid and kh.ty=0  inner join yx_t_spdmb sp on a.sphh=sp.sphh 
                         where a.djlb in (1,-1,2,-2) and a.djbs=1  and kh.ccid+'-' like @khid and a.rq>=convert(datetime,@ksrq) and a.rq<convert(datetime,@jsrq) and a.khid=@mdkhid and sp.kfbh=@kfbh
                         group by a.sphh,sp.spmc
{"lx":"sphh","khid":"17832","mdid":"18090","sphh":"","lbid":"","kfbh":"20161","ksrq":"2016-10-01","jsrq":"2016-10-09","khlb":"","roleid":"4","curkhid":"17832","curkhfl":"","order":{"col":"","direc":""}}
【2016-10-9 17:50:57】  销售数据查询结束！
【2016-10-9 17:50:57】  @khid=-1-17832-%
【2016-10-9 17:50:57】  @ksrq=2016-10-01
【2016-10-9 17:50:57】  @jsrq=2016-10-09
【2016-10-9 17:50:57】  @mdkhid=18090
【2016-10-9 17:50:57】  @kfbh=20161
【2016-10-9 17:50:57】  dt_dd-rows:0 dt_ls-rows:0
【2016-10-9 17:51:14】   select sp.sphh,sp.spmc,'' zzl,'' bhl,sum(a.sl) ddsl
                            from yx_v_dddjmx a                                                            
                             inner join yx_t_spdmb sp on a.sphh=sp.sphh                                 
                            where a.djlx=201 and a.djbs=1  and a.rq>=convert(datetime,@ksrq) and a.rq<dateadd(day,1,convert(datetime,@jsrq)) and a.tzid=1 and a.khid=@khid and sp.kfbh=@kfbh
                            group by sp.sphh,sp.spmc order by sum(a.sl) desc
{"lx":"sphh","khid":"249","mdid":"","sphh":"","lbid":"","kfbh":"20161","ksrq":"2016-10-01","jsrq":"2016-10-09","khlb":"","roleid":"4","curkhid":"249","curkhfl":"","order":{"col":"","direc":""}}
【2016-10-9 17:51:14】  订单数据查询结束！server='192.168.35.10';database=tlsoft;uid=ABEASD14AD;pwd=+AuDkDew
【2016-10-9 17:51:14】  select a.sphh,sp.spmc,sum(a.djlb/abs(a.djlb)*sl) xssl
                         from zmd_v_lsdjmx a
                          inner join t_mdb md on a.mdid=md.mdid and md.ty=0  inner join yx_t_khb kh on md.khid=kh.khid and kh.ty=0  inner join yx_t_spdmb sp on a.sphh=sp.sphh 
                         where a.djlb in (1,-1,2,-2) and a.djbs=1  and kh.ccid+'-' like @khid and a.rq>=convert(datetime,@ksrq) and a.rq<convert(datetime,@jsrq) and sp.kfbh=@kfbh
                         group by a.sphh,sp.spmc
{"lx":"sphh","khid":"249","mdid":"","sphh":"","lbid":"","kfbh":"20161","ksrq":"2016-10-01","jsrq":"2016-10-09","khlb":"","roleid":"4","curkhid":"249","curkhfl":"","order":{"col":"","direc":""}}
【2016-10-9 17:51:16】  销售数据查询结束！
【2016-10-9 17:51:16】  @khid=-1-249-%
【2016-10-9 17:51:16】  @ksrq=2016-10-01
【2016-10-9 17:51:16】  @jsrq=2016-10-09
【2016-10-9 17:51:16】  @kfbh=20161
【2016-10-9 17:51:16】  dt_dd-rows:0 dt_ls-rows:0
【2016-10-9 17:51:31】   select sp.sphh,sp.spmc,'' zzl,'' bhl,sum(a.sl) ddsl
                            from yx_v_dddjmx a                                                            
                             inner join yx_t_spdmb sp on a.sphh=sp.sphh                                 
                            where a.djlx=201 and a.djbs=1  and a.rq>=convert(datetime,@ksrq) and a.rq<dateadd(day,1,convert(datetime,@jsrq)) and a.khid=@mdkhid and sp.kfbh=@kfbh
                            group by sp.sphh,sp.spmc order by sum(a.sl) desc
{"lx":"sphh","khid":"17832","mdid":"18090","sphh":"","lbid":"","kfbh":"20161","ksrq":"2016-10-01","jsrq":"2016-10-09","khlb":"","roleid":"4","curkhid":"17832","curkhfl":"","order":{"col":"","direc":""}}
【2016-10-9 17:51:31】  订单数据查询结束！server='192.168.35.11';database=FXDB;uid=ABEASD14AD;pwd=+AuDkDew
【2016-10-9 17:51:31】  select a.sphh,sp.spmc,sum(a.djlb/abs(a.djlb)*sl) xssl
                         from zmd_v_lsdjmx a
                          inner join t_mdb md on a.mdid=md.mdid and md.ty=0  inner join yx_t_khb kh on md.khid=kh.khid and kh.ty=0  inner join yx_t_spdmb sp on a.sphh=sp.sphh 
                         where a.djlb in (1,-1,2,-2) and a.djbs=1  and kh.ccid+'-' like @khid and a.rq>=convert(datetime,@ksrq) and a.rq<convert(datetime,@jsrq) and a.khid=@mdkhid and sp.kfbh=@kfbh
                         group by a.sphh,sp.spmc
{"lx":"sphh","khid":"17832","mdid":"18090","sphh":"","lbid":"","kfbh":"20161","ksrq":"2016-10-01","jsrq":"2016-10-09","khlb":"","roleid":"4","curkhid":"17832","curkhfl":"","order":{"col":"","direc":""}}
【2016-10-9 17:51:31】  销售数据查询结束！
【2016-10-9 17:51:31】  @khid=-1-17832-%
【2016-10-9 17:51:31】  @ksrq=2016-10-01
【2016-10-9 17:51:31】  @jsrq=2016-10-09
【2016-10-9 17:51:31】  @mdkhid=18090
【2016-10-9 17:51:31】  @kfbh=20161
【2016-10-9 17:51:31】  dt_dd-rows:0 dt_ls-rows:0
【2016-10-9 17:51:35】   select sp.sphh,sp.spmc,'' zzl,'' bhl,sum(a.sl) ddsl
                            from yx_v_dddjmx a                                                            
                             inner join yx_t_spdmb sp on a.sphh=sp.sphh                                 
                            where a.djlx=201 and a.djbs=1  and a.rq>=convert(datetime,@ksrq) and a.rq<dateadd(day,1,convert(datetime,@jsrq)) and a.tzid=1 and a.khid=@khid and sp.kfbh=@kfbh
                            group by sp.sphh,sp.spmc order by sum(a.sl) desc
{"lx":"sphh","khid":"249","mdid":"","sphh":"","lbid":"","kfbh":"20161","ksrq":"2016-10-01","jsrq":"2016-10-09","khlb":"","roleid":"4","curkhid":"249","curkhfl":"","order":{"col":"","direc":""}}
【2016-10-9 17:51:35】  订单数据查询结束！server='192.168.35.10';database=tlsoft;uid=ABEASD14AD;pwd=+AuDkDew
【2016-10-9 17:51:35】  select a.sphh,sp.spmc,sum(a.djlb/abs(a.djlb)*sl) xssl
                         from zmd_v_lsdjmx a
                          inner join t_mdb md on a.mdid=md.mdid and md.ty=0  inner join yx_t_khb kh on md.khid=kh.khid and kh.ty=0  inner join yx_t_spdmb sp on a.sphh=sp.sphh 
                         where a.djlb in (1,-1,2,-2) and a.djbs=1  and kh.ccid+'-' like @khid and a.rq>=convert(datetime,@ksrq) and a.rq<convert(datetime,@jsrq) and sp.kfbh=@kfbh
                         group by a.sphh,sp.spmc
{"lx":"sphh","khid":"249","mdid":"","sphh":"","lbid":"","kfbh":"20161","ksrq":"2016-10-01","jsrq":"2016-10-09","khlb":"","roleid":"4","curkhid":"249","curkhfl":"","order":{"col":"","direc":""}}
【2016-10-9 17:51:37】  销售数据查询结束！
【2016-10-9 17:51:37】  @khid=-1-249-%
【2016-10-9 17:51:37】  @ksrq=2016-10-01
【2016-10-9 17:51:37】  @jsrq=2016-10-09
【2016-10-9 17:51:37】  @kfbh=20161
【2016-10-9 17:51:37】  dt_dd-rows:0 dt_ls-rows:0
【2016-10-9 17:53:45】   select sp.sphh,sp.spmc,'' zzl,'' bhl,sum(a.sl) ddsl
                            from yx_v_dddjmx a                                                            
                             inner join yx_t_spdmb sp on a.sphh=sp.sphh                                 
                            where a.djlx=201 and a.djbs=1  and a.rq>=convert(datetime,@ksrq) and a.rq<dateadd(day,1,convert(datetime,@jsrq)) and a.khid=@mdkhid and sp.kfbh=@kfbh
                            group by sp.sphh,sp.spmc order by sum(a.sl) desc
{"lx":"sphh","khid":"17832","mdid":"18090","sphh":"","lbid":"","kfbh":"20161","ksrq":"2016-10-01","jsrq":"2016-10-09","khlb":"","roleid":"4","curkhid":"17832","curkhfl":"","order":{"col":"","direc":""}}
【2016-10-9 17:53:45】  订单数据查询结束！server='192.168.35.11';database=FXDB;uid=ABEASD14AD;pwd=+AuDkDew
【2016-10-9 17:53:45】  select a.sphh,sp.spmc,sum(a.djlb/abs(a.djlb)*sl) xssl
                         from zmd_v_lsdjmx a
                          inner join t_mdb md on a.mdid=md.mdid and md.ty=0  inner join yx_t_khb kh on md.khid=kh.khid and kh.ty=0  inner join yx_t_spdmb sp on a.sphh=sp.sphh 
                         where a.djlb in (1,-1,2,-2) and a.djbs=1  and kh.ccid+'-' like @khid and a.rq>=convert(datetime,@ksrq) and a.rq<convert(datetime,@jsrq) and a.khid=@mdkhid and sp.kfbh=@kfbh
                         group by a.sphh,sp.spmc
{"lx":"sphh","khid":"17832","mdid":"18090","sphh":"","lbid":"","kfbh":"20161","ksrq":"2016-10-01","jsrq":"2016-10-09","khlb":"","roleid":"4","curkhid":"17832","curkhfl":"","order":{"col":"","direc":""}}
【2016-10-9 17:53:46】  销售数据查询结束！
【2016-10-9 17:53:46】  @khid=-1-17832-%
【2016-10-9 17:53:46】  @ksrq=2016-10-01
【2016-10-9 17:53:46】  @jsrq=2016-10-09
【2016-10-9 17:53:46】  @mdkhid=18090
【2016-10-9 17:53:46】  @kfbh=20161
【2016-10-9 17:53:46】  dt_dd-rows:0 dt_ls-rows:0
【2016-10-9 17:53:50】   select sp.sphh,sp.spmc,'' zzl,'' bhl,sum(a.sl) ddsl
                            from yx_v_dddjmx a                                                            
                             inner join yx_t_spdmb sp on a.sphh=sp.sphh                                 
                            where a.djlx=201 and a.djbs=1  and a.rq>=convert(datetime,@ksrq) and a.rq<dateadd(day,1,convert(datetime,@jsrq)) and a.khid=@mdkhid and sp.kfbh=@kfbh
                            group by sp.sphh,sp.spmc order by sum(a.sl) desc
{"lx":"sphh","khid":"17832","mdid":"18090","sphh":"","lbid":"","kfbh":"all","ksrq":"2016-10-01","jsrq":"2016-10-09","khlb":"","roleid":"4","curkhid":"17832","curkhfl":"","order":{"col":"","direc":""}}
【2016-10-9 17:53:50】  订单数据查询结束！server='192.168.35.11';database=FXDB;uid=ABEASD14AD;pwd=+AuDkDew
【2016-10-9 17:53:50】  select a.sphh,sp.spmc,sum(a.djlb/abs(a.djlb)*sl) xssl
                         from zmd_v_lsdjmx a
                          inner join t_mdb md on a.mdid=md.mdid and md.ty=0  inner join yx_t_khb kh on md.khid=kh.khid and kh.ty=0  inner join yx_t_spdmb sp on a.sphh=sp.sphh 
                         where a.djlb in (1,-1,2,-2) and a.djbs=1  and kh.ccid+'-' like @khid and a.rq>=convert(datetime,@ksrq) and a.rq<convert(datetime,@jsrq) and a.khid=@mdkhid and sp.kfbh=@kfbh
                         group by a.sphh,sp.spmc
{"lx":"sphh","khid":"17832","mdid":"18090","sphh":"","lbid":"","kfbh":"all","ksrq":"2016-10-01","jsrq":"2016-10-09","khlb":"","roleid":"4","curkhid":"17832","curkhfl":"","order":{"col":"","direc":""}}
【2016-10-9 17:53:51】  销售数据查询结束！
【2016-10-9 17:53:51】  @khid=-1-17832-%
【2016-10-9 17:53:51】  @ksrq=2016-10-01
【2016-10-9 17:53:51】  @jsrq=2016-10-09
【2016-10-9 17:53:51】  @mdkhid=18090
【2016-10-9 17:53:51】  @kfbh=all
【2016-10-9 17:53:51】  dt_dd-rows:0 dt_ls-rows:0
【2016-10-9 17:54:55】   select sp.sphh,sp.spmc,'' zzl,'' bhl,sum(a.sl) ddsl
                            from yx_v_dddjmx a                                                            
                             inner join yx_t_spdmb sp on a.sphh=sp.sphh                                 
                            where a.djlx=201 and a.djbs=1  and a.rq>=convert(datetime,@ksrq) and a.rq<dateadd(day,1,convert(datetime,@jsrq)) and a.khid=@mdkhid and sp.kfbh=@kfbh
                            group by sp.sphh,sp.spmc order by sum(a.sl) desc
{"lx":"sphh","khid":"17832","mdid":"18090","sphh":"","lbid":"","kfbh":"all","ksrq":"2016-10-01","jsrq":"2016-10-09","khlb":"","roleid":"4","curkhid":"17832","curkhfl":"","order":{"col":"","direc":""}}
【2016-10-9 17:54:55】  订单数据查询结束！server='192.168.35.11';database=FXDB;uid=ABEASD14AD;pwd=+AuDkDew
【2016-10-9 17:54:55】  select a.sphh,sp.spmc,sum(a.djlb/abs(a.djlb)*sl) xssl
                         from zmd_v_lsdjmx a
                          inner join t_mdb md on a.mdid=md.mdid and md.ty=0  inner join yx_t_khb kh on md.khid=kh.khid and kh.ty=0  inner join yx_t_spdmb sp on a.sphh=sp.sphh 
                         where a.djlb in (1,-1,2,-2) and a.djbs=1  and kh.ccid+'-' like @khid and a.rq>=convert(datetime,@ksrq) and a.rq<convert(datetime,@jsrq) and a.khid=@mdkhid and sp.kfbh=@kfbh
                         group by a.sphh,sp.spmc
{"lx":"sphh","khid":"17832","mdid":"18090","sphh":"","lbid":"","kfbh":"all","ksrq":"2016-10-01","jsrq":"2016-10-09","khlb":"","roleid":"4","curkhid":"17832","curkhfl":"","order":{"col":"","direc":""}}
【2016-10-9 17:54:56】  销售数据查询结束！
【2016-10-9 17:54:56】  @khid=-1-17832-%
【2016-10-9 17:54:56】  @ksrq=2016-10-01
【2016-10-9 17:54:56】  @jsrq=2016-10-09
【2016-10-9 17:54:56】  @mdkhid=18090
【2016-10-9 17:54:56】  @kfbh=all
【2016-10-9 17:54:56】  dt_dd-rows:0 dt_ls-rows:0
【2016-10-9 17:54:59】   select sp.sphh,sp.spmc,'' zzl,'' bhl,sum(a.sl) ddsl
                            from yx_v_dddjmx a                                                            
                             inner join yx_t_spdmb sp on a.sphh=sp.sphh                                 
                            where a.djlx=201 and a.djbs=1  and a.rq>=convert(datetime,@ksrq) and a.rq<dateadd(day,1,convert(datetime,@jsrq)) and a.khid=@mdkhid
                            group by sp.sphh,sp.spmc order by sum(a.sl) desc
{"lx":"sphh","khid":"17832","mdid":"18090","sphh":"","lbid":"","kfbh":"","ksrq":"2016-10-01","jsrq":"2016-10-09","khlb":"","roleid":"4","curkhid":"17832","curkhfl":"","order":{"col":"","direc":""}}
【2016-10-9 17:54:59】  订单数据查询结束！server='192.168.35.11';database=FXDB;uid=ABEASD14AD;pwd=+AuDkDew
【2016-10-9 17:54:59】  select a.sphh,sp.spmc,sum(a.djlb/abs(a.djlb)*sl) xssl
                         from zmd_v_lsdjmx a
                          inner join yx_t_spdmb sp on a.sphh=sp.sphh  inner join t_mdb md on a.mdid=md.mdid and md.ty=0  inner join yx_t_khb kh on md.khid=kh.khid and kh.ty=0 
                         where a.djlb in (1,-1,2,-2) and a.djbs=1  and kh.ccid+'-' like @khid and a.rq>=convert(datetime,@ksrq) and a.rq<convert(datetime,@jsrq) and a.khid=@mdkhid
                         group by a.sphh,sp.spmc
{"lx":"sphh","khid":"17832","mdid":"18090","sphh":"","lbid":"","kfbh":"","ksrq":"2016-10-01","jsrq":"2016-10-09","khlb":"","roleid":"4","curkhid":"17832","curkhfl":"","order":{"col":"","direc":""}}
【2016-10-9 17:55:00】  销售数据查询结束！
【2016-10-9 17:55:00】  @khid=-1-17832-%
【2016-10-9 17:55:00】  @ksrq=2016-10-01
【2016-10-9 17:55:00】  @jsrq=2016-10-09
【2016-10-9 17:55:00】  @mdkhid=18090
【2016-10-9 17:55:00】  dt_dd-rows:0 dt_ls-rows:347
【2016-10-9 17:55:44】   select sp.sphh,sp.spmc,'' zzl,'' bhl,sum(a.sl) ddsl
                            from yx_v_dddjmx a                                                            
                             inner join yx_t_spdmb sp on a.sphh=sp.sphh                                 
                            where a.djlx=201 and a.djbs=1  and a.rq>=convert(datetime,@ksrq) and a.rq<dateadd(day,1,convert(datetime,@jsrq)) and a.khid=@mdkhid
                            group by sp.sphh,sp.spmc order by sum(a.sl) desc
{"lx":"sphh","khid":"17832","mdid":"18090","sphh":"","lbid":"","kfbh":"","ksrq":"2016-10-01","jsrq":"2016-10-09","khlb":"","roleid":"4","curkhid":"17832","curkhfl":"","order":{"col":"","direc":""}}
【2016-10-9 17:55:44】  订单数据查询结束！server='192.168.35.11';database=FXDB;uid=ABEASD14AD;pwd=+AuDkDew
【2016-10-9 17:55:44】  select a.sphh,sp.spmc,sum(a.djlb/abs(a.djlb)*sl) xssl
                         from zmd_v_lsdjmx a
                          inner join yx_t_spdmb sp on a.sphh=sp.sphh  inner join t_mdb md on a.mdid=md.mdid and md.ty=0  inner join yx_t_khb kh on md.khid=kh.khid and kh.ty=0 
                         where a.djlb in (1,-1,2,-2) and a.djbs=1  and kh.ccid+'-' like @khid and a.rq>=convert(datetime,@ksrq) and a.rq<convert(datetime,@jsrq) and a.khid=@mdkhid
                         group by a.sphh,sp.spmc
{"lx":"sphh","khid":"17832","mdid":"18090","sphh":"","lbid":"","kfbh":"","ksrq":"2016-10-01","jsrq":"2016-10-09","khlb":"","roleid":"4","curkhid":"17832","curkhfl":"","order":{"col":"","direc":""}}
【2016-10-9 17:55:45】  销售数据查询结束！
【2016-10-9 17:55:45】  @khid=-1-17832-%
【2016-10-9 17:55:45】  @ksrq=2016-10-01
【2016-10-9 17:55:45】  @jsrq=2016-10-09
【2016-10-9 17:55:45】  @mdkhid=18090
【2016-10-9 17:55:45】  dt_dd-rows:0 dt_ls-rows:347
【2016-10-9 17:55:52】   select a.khid,kh.khmc,sum(a.sl) ddsl
                            from yx_v_dddjmx a                                                            
                             inner join yx_t_khb kh on a.khid=kh.khid and kh.ty=0                                 
                            where a.djlx=201 and a.djbs=1  and a.rq>=convert(datetime,@ksrq) and a.rq<dateadd(day,1,convert(datetime,@jsrq)) and a.khid=@mdkhid
                            group by a.khid,kh.khmc order by sum(a.sl) desc
{"lx":"md","khid":"17832","mdid":"18090","sphh":"","lbid":"","kfbh":"","ksrq":"2016-10-01","jsrq":"2016-10-09","khlb":"","roleid":"4","curkhid":"17832","curkhfl":"","order":{"col":"","direc":""}}
【2016-10-9 17:55:52】  订单数据查询结束！server='192.168.35.11';database=FXDB;uid=ABEASD14AD;pwd=+AuDkDew
【2016-10-9 17:55:52】  select a.khid,m.khmc,sum(a.djlb/abs(a.djlb)*sl) xssl
                          from zmd_v_lsdjmx a                          
                          inner join yx_t_khb m on a.khid=m.khid
                           inner join t_mdb md on a.mdid=md.mdid and md.ty=0  inner join yx_t_khb kh on md.khid=kh.khid and kh.ty=0                                                     
                          where a.djlb in (1,-1,2,-2) and a.djbs=1  and kh.ccid+'-' like @khid and a.rq>=convert(datetime,@ksrq) and a.rq<convert(datetime,@jsrq) and a.khid=@mdkhid
                          group by a.khid,m.khmc
{"lx":"md","khid":"17832","mdid":"18090","sphh":"","lbid":"","kfbh":"","ksrq":"2016-10-01","jsrq":"2016-10-09","khlb":"","roleid":"4","curkhid":"17832","curkhfl":"","order":{"col":"","direc":""}}
【2016-10-9 17:55:53】  销售数据查询结束！
【2016-10-9 17:55:53】  @khid=-1-17832-%
【2016-10-9 17:55:53】  @ksrq=2016-10-01
【2016-10-9 17:55:53】  @jsrq=2016-10-09
【2016-10-9 17:55:53】  @mdkhid=18090
【2016-10-9 17:55:53】  dt_dd-rows:0 dt_ls-rows:1
【2016-10-9 17:55:55】   select a.khid,kh.khmc,sum(a.sl) ddsl
                            from yx_v_dddjmx a                                                            
                             inner join yx_t_khb kh on a.khid=kh.khid and kh.ty=0                                 
                            where a.djlx=201 and a.djbs=1  and a.rq>=convert(datetime,@ksrq) and a.rq<dateadd(day,1,convert(datetime,@jsrq)) and a.khid=@mdkhid
                            group by a.khid,kh.khmc order by sum(a.sl) desc
{"lx":"md","khid":"249","mdid":"18090","sphh":"","lbid":"","kfbh":"","ksrq":"2016-10-01","jsrq":"2016-10-09","khlb":"","roleid":"4","curkhid":"249","curkhfl":"","order":{"col":"","direc":""}}
【2016-10-9 17:55:55】  订单数据查询结束！server='192.168.35.11';database=FXDB;uid=ABEASD14AD;pwd=+AuDkDew
【2016-10-9 17:55:55】  select a.khid,m.khmc,sum(a.djlb/abs(a.djlb)*sl) xssl
                          from zmd_v_lsdjmx a                          
                          inner join yx_t_khb m on a.khid=m.khid
                           inner join t_mdb md on a.mdid=md.mdid and md.ty=0  inner join yx_t_khb kh on md.khid=kh.khid and kh.ty=0                                                     
                          where a.djlb in (1,-1,2,-2) and a.djbs=1  and kh.ccid+'-' like @khid and a.rq>=convert(datetime,@ksrq) and a.rq<convert(datetime,@jsrq) and a.khid=@mdkhid
                          group by a.khid,m.khmc
{"lx":"md","khid":"249","mdid":"18090","sphh":"","lbid":"","kfbh":"","ksrq":"2016-10-01","jsrq":"2016-10-09","khlb":"","roleid":"4","curkhid":"249","curkhfl":"","order":{"col":"","direc":""}}
【2016-10-9 17:55:55】  销售数据查询结束！
【2016-10-9 17:55:55】  @khid=-1-249-%
【2016-10-9 17:55:55】  @ksrq=2016-10-01
【2016-10-9 17:55:55】  @jsrq=2016-10-09
【2016-10-9 17:55:55】  @mdkhid=18090
【2016-10-9 17:55:55】  dt_dd-rows:0 dt_ls-rows:0
【2016-10-9 17:57:16】   select a.khid,kh.khmc,sum(a.sl) ddsl
                            from yx_v_dddjmx a                                                            
                             inner join yx_t_khb kh on a.khid=kh.khid and kh.ty=0                                 
                            where a.djlx=201 and a.djbs=1  and a.rq>=convert(datetime,@ksrq) and a.rq<dateadd(day,1,convert(datetime,@jsrq)) and a.khid=@mdkhid
                            group by a.khid,kh.khmc order by sum(a.sl) desc
{"lx":"md","khid":"17832","mdid":"18090","sphh":"","lbid":"","kfbh":"","ksrq":"2016-10-01","jsrq":"2016-10-09","khlb":"","roleid":"4","curkhid":"17832","curkhfl":"","order":{"col":"","direc":""}}
【2016-10-9 17:57:16】  订单数据查询结束！server='192.168.35.11';database=FXDB;uid=ABEASD14AD;pwd=+AuDkDew
【2016-10-9 17:57:16】  select a.khid,m.khmc,sum(a.djlb/abs(a.djlb)*sl) xssl
                          from zmd_v_lsdjmx a                          
                          inner join yx_t_khb m on a.khid=m.khid
                           inner join t_mdb md on a.mdid=md.mdid and md.ty=0  inner join yx_t_khb kh on md.khid=kh.khid and kh.ty=0                                                     
                          where a.djlb in (1,-1,2,-2) and a.djbs=1  and kh.ccid+'-' like @khid and a.rq>=convert(datetime,@ksrq) and a.rq<convert(datetime,@jsrq) and a.khid=@mdkhid
                          group by a.khid,m.khmc
{"lx":"md","khid":"17832","mdid":"18090","sphh":"","lbid":"","kfbh":"","ksrq":"2016-10-01","jsrq":"2016-10-09","khlb":"","roleid":"4","curkhid":"17832","curkhfl":"","order":{"col":"","direc":""}}
【2016-10-9 17:57:16】  销售数据查询结束！
【2016-10-9 17:57:16】  @khid=-1-17832-%
【2016-10-9 17:57:16】  @ksrq=2016-10-01
【2016-10-9 17:57:16】  @jsrq=2016-10-09
【2016-10-9 17:57:16】  @mdkhid=18090
【2016-10-9 17:57:16】  dt_dd-rows:0 dt_ls-rows:1
【2016-10-9 17:57:27】   select a.khid,kh.khmc,sum(a.sl) ddsl
                            from yx_v_dddjmx a                                                            
                             inner join yx_t_khb kh on a.khid=kh.khid and kh.ty=0                                 
                            where a.djlx=201 and a.djbs=1  and a.rq>=convert(datetime,@ksrq) and a.rq<dateadd(day,1,convert(datetime,@jsrq)) and a.khid=@mdkhid
                            group by a.khid,kh.khmc order by sum(a.sl) desc
{"lx":"md","khid":"249","mdid":"18090","sphh":"","lbid":"","kfbh":"all","ksrq":"2015-03-01","jsrq":"2016-03-01","khlb":"","roleid":"4","curkhid":"249","curkhfl":"","order":{"col":"","direc":""},"mdkhid":""}
【2016-10-9 17:57:27】  订单数据查询结束！server='192.168.35.11';database=FXDB;uid=ABEASD14AD;pwd=+AuDkDew
【2016-10-9 17:57:27】  select a.khid,m.khmc,sum(a.djlb/abs(a.djlb)*sl) xssl
                          from zmd_v_lsdjmx a                          
                          inner join yx_t_khb m on a.khid=m.khid
                           inner join t_mdb md on a.mdid=md.mdid and md.ty=0  inner join yx_t_khb kh on md.khid=kh.khid and kh.ty=0  inner join yx_t_spdmb sp on a.sphh=sp.sphh                                                     
                          where a.djlb in (1,-1,2,-2) and a.djbs=1  and kh.ccid+'-' like @khid and a.rq>=convert(datetime,@ksrq) and a.rq<convert(datetime,@jsrq) and a.khid=@mdkhid and sp.kfbh=@kfbh
                          group by a.khid,m.khmc
{"lx":"md","khid":"249","mdid":"18090","sphh":"","lbid":"","kfbh":"all","ksrq":"2015-03-01","jsrq":"2016-03-01","khlb":"","roleid":"4","curkhid":"249","curkhfl":"","order":{"col":"","direc":""},"mdkhid":""}
【2016-10-9 17:57:29】  销售数据查询结束！
【2016-10-9 17:57:29】  @khid=-1-249-%
【2016-10-9 17:57:29】  @ksrq=2015-03-01
【2016-10-9 17:57:29】  @jsrq=2016-03-01
【2016-10-9 17:57:29】  @mdkhid=18090
【2016-10-9 17:57:29】  @kfbh=all
【2016-10-9 17:57:29】  dt_dd-rows:0 dt_ls-rows:0
【2016-10-9 17:57:42】   select a.khid,kh.khmc,sum(a.sl) ddsl
                            from yx_v_dddjmx a                                                            
                             inner join yx_t_khb kh on a.khid=kh.khid and kh.ty=0                                 
                            where a.djlx=201 and a.djbs=1  and a.rq>=convert(datetime,@ksrq) and a.rq<dateadd(day,1,convert(datetime,@jsrq)) and a.khid=@mdkhid
                            group by a.khid,kh.khmc order by sum(a.sl) desc
{"lx":"md","khid":"17832","mdid":"18090","sphh":"","lbid":"","kfbh":"all","ksrq":"2015-03-01","jsrq":"2016-03-01","khlb":"","roleid":"4","curkhid":"17832","curkhfl":"","order":{"col":"","direc":""},"mdkhid":""}
【2016-10-9 17:57:42】  订单数据查询结束！server='192.168.35.11';database=FXDB;uid=ABEASD14AD;pwd=+AuDkDew
【2016-10-9 17:57:42】  select a.khid,m.khmc,sum(a.djlb/abs(a.djlb)*sl) xssl
                          from zmd_v_lsdjmx a                          
                          inner join yx_t_khb m on a.khid=m.khid
                           inner join t_mdb md on a.mdid=md.mdid and md.ty=0  inner join yx_t_khb kh on md.khid=kh.khid and kh.ty=0  inner join yx_t_spdmb sp on a.sphh=sp.sphh                                                     
                          where a.djlb in (1,-1,2,-2) and a.djbs=1  and kh.ccid+'-' like @khid and a.rq>=convert(datetime,@ksrq) and a.rq<convert(datetime,@jsrq) and a.khid=@mdkhid and sp.kfbh=@kfbh
                          group by a.khid,m.khmc
{"lx":"md","khid":"17832","mdid":"18090","sphh":"","lbid":"","kfbh":"all","ksrq":"2015-03-01","jsrq":"2016-03-01","khlb":"","roleid":"4","curkhid":"17832","curkhfl":"","order":{"col":"","direc":""},"mdkhid":""}
【2016-10-9 17:57:44】  销售数据查询结束！
【2016-10-9 17:57:44】  @khid=-1-17832-%
【2016-10-9 17:57:44】  @ksrq=2015-03-01
【2016-10-9 17:57:44】  @jsrq=2016-03-01
【2016-10-9 17:57:44】  @mdkhid=18090
【2016-10-9 17:57:44】  @kfbh=all
【2016-10-9 17:57:44】  dt_dd-rows:0 dt_ls-rows:0
【2016-10-9 17:57:51】   select a.khid,kh.khmc,sum(a.sl) ddsl
                            from yx_v_dddjmx a                                                            
                             inner join yx_t_khb kh on a.khid=kh.khid and kh.ty=0                                 
                            where a.djlx=201 and a.djbs=1  and a.rq>=convert(datetime,@ksrq) and a.rq<dateadd(day,1,convert(datetime,@jsrq)) and a.khid=@mdkhid
                            group by a.khid,kh.khmc order by sum(a.sl) desc
{"lx":"md","khid":"17832","mdid":"18090","sphh":"","lbid":"","kfbh":"all","ksrq":"2016-10-01","jsrq":"2016-10-09","khlb":"","roleid":"4","curkhid":"17832","curkhfl":"","order":{"col":"","direc":""}}
【2016-10-9 17:57:51】  订单数据查询结束！server='192.168.35.11';database=FXDB;uid=ABEASD14AD;pwd=+AuDkDew
【2016-10-9 17:57:51】  select a.khid,m.khmc,sum(a.djlb/abs(a.djlb)*sl) xssl
                          from zmd_v_lsdjmx a                          
                          inner join yx_t_khb m on a.khid=m.khid
                           inner join t_mdb md on a.mdid=md.mdid and md.ty=0  inner join yx_t_khb kh on md.khid=kh.khid and kh.ty=0  inner join yx_t_spdmb sp on a.sphh=sp.sphh                                                     
                          where a.djlb in (1,-1,2,-2) and a.djbs=1  and kh.ccid+'-' like @khid and a.rq>=convert(datetime,@ksrq) and a.rq<convert(datetime,@jsrq) and a.khid=@mdkhid and sp.kfbh=@kfbh
                          group by a.khid,m.khmc
{"lx":"md","khid":"17832","mdid":"18090","sphh":"","lbid":"","kfbh":"all","ksrq":"2016-10-01","jsrq":"2016-10-09","khlb":"","roleid":"4","curkhid":"17832","curkhfl":"","order":{"col":"","direc":""}}
【2016-10-9 17:57:52】  销售数据查询结束！
【2016-10-9 17:57:52】  @khid=-1-17832-%
【2016-10-9 17:57:52】  @ksrq=2016-10-01
【2016-10-9 17:57:52】  @jsrq=2016-10-09
【2016-10-9 17:57:52】  @mdkhid=18090
【2016-10-9 17:57:52】  @kfbh=all
【2016-10-9 17:57:52】  dt_dd-rows:0 dt_ls-rows:0
【2016-10-9 17:58:00】   select a.khid,kh.khmc,sum(a.sl) ddsl
                            from yx_v_dddjmx a                                                            
                             inner join yx_t_khb kh on a.khid=kh.khid and kh.ty=0                                 
                            where a.djlx=201 and a.djbs=1  and a.tzid='249'
                            group by a.khid,kh.khmc order by sum(a.sl) desc
{"lx":"md","khid":"249","mdid":"","sphh":"","lbid":"","kfbh":"all","ksrq":"","jsrq":"","khlb":"","roleid":"4","curkhid":"249","curkhfl":"","order":{"col":"","direc":""},"mdkhid":""}
【2016-10-9 17:58:01】  订单数据查询结束！server='192.168.35.11';database=FXDB;uid=ABEASD14AD;pwd=+AuDkDew
【2016-10-9 17:58:01】  select a.khid,m.khmc,sum(a.djlb/abs(a.djlb)*sl) xssl
                          from zmd_v_lsdjmx a                          
                          inner join yx_t_khb m on a.khid=m.khid
                           inner join t_mdb md on a.mdid=md.mdid and md.ty=0  inner join yx_t_khb kh on md.khid=kh.khid and kh.ty=0  inner join yx_t_spdmb sp on a.sphh=sp.sphh                                                     
                          where a.djlb in (1,-1,2,-2) and a.djbs=1  and kh.ccid+'-' like @khid and sp.kfbh=@kfbh
                          group by a.khid,m.khmc
{"lx":"md","khid":"249","mdid":"","sphh":"","lbid":"","kfbh":"all","ksrq":"","jsrq":"","khlb":"","roleid":"4","curkhid":"249","curkhfl":"","order":{"col":"","direc":""},"mdkhid":""}
【2016-10-9 17:58:04】  销售数据查询结束！
【2016-10-9 17:58:04】  @khid=-1-249-%
【2016-10-9 17:58:04】  @kfbh=all
【2016-10-9 17:58:04】  dt_dd-rows:0 dt_ls-rows:0
【2016-10-9 17:59:04】   select a.khid,kh.khmc,sum(a.sl) ddsl
                            from yx_v_dddjmx a                                                            
                             inner join yx_t_khb kh on a.khid=kh.khid and kh.ty=0                                 
                            where a.djlx=201 and a.djbs=1  and a.rq>=convert(datetime,@ksrq) and a.rq<dateadd(day,1,convert(datetime,@jsrq)) and a.khid=@mdkhid
                            group by a.khid,kh.khmc order by sum(a.sl) desc
{"lx":"md","khid":"17832","mdid":"18090","sphh":"","lbid":"","kfbh":"all","ksrq":"2016-10-01","jsrq":"2016-10-09","khlb":"","roleid":"4","curkhid":"17832","curkhfl":"","order":{"col":"","direc":""}}
【2016-10-9 17:59:04】  订单数据查询结束！server='192.168.35.11';database=FXDB;uid=ABEASD14AD;pwd=+AuDkDew
【2016-10-9 17:59:04】  select a.khid,m.khmc,sum(a.djlb/abs(a.djlb)*sl) xssl
                          from zmd_v_lsdjmx a                          
                          inner join yx_t_khb m on a.khid=m.khid
                           inner join t_mdb md on a.mdid=md.mdid and md.ty=0  inner join yx_t_khb kh on md.khid=kh.khid and kh.ty=0  inner join yx_t_spdmb sp on a.sphh=sp.sphh                                                     
                          where a.djlb in (1,-1,2,-2) and a.djbs=1  and kh.ccid+'-' like @khid and a.rq>=convert(datetime,@ksrq) and a.rq<convert(datetime,@jsrq) and a.khid=@mdkhid and sp.kfbh=@kfbh
                          group by a.khid,m.khmc
{"lx":"md","khid":"17832","mdid":"18090","sphh":"","lbid":"","kfbh":"all","ksrq":"2016-10-01","jsrq":"2016-10-09","khlb":"","roleid":"4","curkhid":"17832","curkhfl":"","order":{"col":"","direc":""}}
【2016-10-9 17:59:05】  销售数据查询结束！
【2016-10-9 17:59:05】  @khid=-1-17832-%
【2016-10-9 17:59:05】  @ksrq=2016-10-01
【2016-10-9 17:59:05】  @jsrq=2016-10-09
【2016-10-9 17:59:05】  @mdkhid=18090
【2016-10-9 17:59:05】  @kfbh=all
【2016-10-9 17:59:05】  dt_dd-rows:0 dt_ls-rows:0
【2016-10-9 17:59:12】   select a.khid,kh.khmc,sum(a.sl) ddsl
                            from yx_v_dddjmx a                                                            
                             inner join yx_t_khb kh on a.khid=kh.khid and kh.ty=0                                 
                            where a.djlx=201 and a.djbs=1  and a.tzid='249'
                            group by a.khid,kh.khmc order by sum(a.sl) desc
{"lx":"md","khid":"249","mdid":"","sphh":"","lbid":"","kfbh":"all","ksrq":"","jsrq":"","khlb":"","roleid":"4","curkhid":"249","curkhfl":"","order":{"col":"","direc":""}}
【2016-10-9 17:59:13】  订单数据查询结束！server='192.168.35.11';database=FXDB;uid=ABEASD14AD;pwd=+AuDkDew
【2016-10-9 17:59:13】  select a.khid,m.khmc,sum(a.djlb/abs(a.djlb)*sl) xssl
                          from zmd_v_lsdjmx a                          
                          inner join yx_t_khb m on a.khid=m.khid
                           inner join t_mdb md on a.mdid=md.mdid and md.ty=0  inner join yx_t_khb kh on md.khid=kh.khid and kh.ty=0  inner join yx_t_spdmb sp on a.sphh=sp.sphh                                                     
                          where a.djlb in (1,-1,2,-2) and a.djbs=1  and kh.ccid+'-' like @khid and sp.kfbh=@kfbh
                          group by a.khid,m.khmc
{"lx":"md","khid":"249","mdid":"","sphh":"","lbid":"","kfbh":"all","ksrq":"","jsrq":"","khlb":"","roleid":"4","curkhid":"249","curkhfl":"","order":{"col":"","direc":""}}
【2016-10-9 17:59:15】  销售数据查询结束！
【2016-10-9 17:59:15】  @khid=-1-249-%
【2016-10-9 17:59:15】  @kfbh=all
【2016-10-9 17:59:15】  dt_dd-rows:0 dt_ls-rows:0
【2016-10-9 17:59:38】   select a.khid,kh.khmc,sum(a.sl) ddsl
                            from yx_v_dddjmx a                                                            
                             inner join yx_t_khb kh on a.khid=kh.khid and kh.ty=0                                 
                            where a.djlx=201 and a.djbs=1  and a.tzid='249'
                            group by a.khid,kh.khmc order by sum(a.sl) desc
{"lx":"md","khid":"249","mdid":"","sphh":"","lbid":"","kfbh":"all","ksrq":"","jsrq":"","khlb":"","roleid":"4","curkhid":"249","curkhfl":"","order":{"col":"","direc":""}}
【2016-10-9 17:59:39】  订单数据查询结束！server='192.168.35.11';database=FXDB;uid=ABEASD14AD;pwd=+AuDkDew
【2016-10-9 17:59:39】  select a.khid,m.khmc,sum(a.djlb/abs(a.djlb)*sl) xssl
                          from zmd_v_lsdjmx a                          
                          inner join yx_t_khb m on a.khid=m.khid
                           inner join t_mdb md on a.mdid=md.mdid and md.ty=0  inner join yx_t_khb kh on md.khid=kh.khid and kh.ty=0  inner join yx_t_spdmb sp on a.sphh=sp.sphh                                                     
                          where a.djlb in (1,-1,2,-2) and a.djbs=1  and kh.ccid+'-' like @khid and sp.kfbh=@kfbh
                          group by a.khid,m.khmc
{"lx":"md","khid":"249","mdid":"","sphh":"","lbid":"","kfbh":"all","ksrq":"","jsrq":"","khlb":"","roleid":"4","curkhid":"249","curkhfl":"","order":{"col":"","direc":""}}
【2016-10-9 17:59:40】  销售数据查询结束！
【2016-10-9 17:59:40】  @khid=-1-249-%
【2016-10-9 17:59:40】  @kfbh=all
【2016-10-9 17:59:40】  dt_dd-rows:0 dt_ls-rows:0
