【2017-2-9 8:55:39】  select sp.sphh,sp.spmc,sum(a.sl) ddsl into #zb
                            from yx_v_dddjmx a                   
                             inner join yx_t_spdmb sp on a.sphh=sp.sphh  inner join yx_t_khb kh on a.khid=kh.khid and kh.ty=0                                 
                            where a.tzid=1 and a.djlx=201 and a.djbs=1  and sp.kfbh=@kfbh
                            group by sp.sphh,sp.spmc order by sum(a.sl) desc;
                            --备货量与周转量
                            select distinct sphh into #sphh from #zb;
                            select a.sphh,isnull(a.tcl,0) tcl,c.bhl,isnull(a.tcl,0)-isnull(b.ddsl,0) zzl into #zzbh
                            from #sphh s
                            left join (
                              --统筹计划量
                              select a.sphh,sum(b.sl0) tcl 
                              from #sphh s inner join yx_t_tcjhb a on s.sphh=a.sphh
                              inner join yx_t_tcjhcmmx b on a.id=b.id
                              where a.tzid=1 and a.shbs=1 group by a.sphh
                            ) a on s.sphh=a.sphh
                              --订单数量
                            left join (
                              select a.sphh,sum(a.sl) ddsl  
                              from #sphh s inner join yx_v_dddjmx a on a.sphh=s.sphh
                              where a.djlx=201 and a.djbs=1 group by a.sphh
                            ) b on a.sphh=b.sphh
                            left join (
                              --备货库存
                              select a.sphh,sum(a.sl0-a.dbdf0-a.qtdf0) bhl 
                              from #sphh s inner join YX_T_Spkccmmx a on a.sphh=s.sphh
                              where a.tzid=1 and a.ckid not in (9325,6671,7013) group by a.sphh
                            ) c on a.sphh=c.sphh
                            
                            select a.*,b.zzl,b.bhl from #zb a left join #zzbh b on a.sphh=b.sphh

                            drop table #zb;drop table #sphh;drop table #zzbh;
{"lx":"sphh","khid":"","mdid":"","sphh":"","lbid":"","kfbh":"20154","ksrq":"","jsrq":"","khlb":"","zmdfl":"","roleid":"99","curkhid":"","curkhfl":"","order":{"col":"","direc":""}}
【2017-2-9 8:55:43】  订单数据查询结束！server='192.168.35.10';database=tlsoft;uid=ABEASD14AD;pwd=+AuDkDew
【2017-2-9 8:55:43】  select a.sphh,sp.spmc,sum(a.djlb/abs(a.djlb)*sl) xssl
                         from zmd_v_lsdjmx a
                          inner join t_mdb md on a.mdid=md.mdid and md.ty=0  inner join yx_t_khb kh on md.khid=kh.khid and kh.ty=0  inner join yx_t_spdmb sp on a.sphh=sp.sphh 
                         where a.djlb in (1,-1,2,-2) and a.djbs=1  and sp.kfbh=@kfbh
                         group by a.sphh,sp.spmc
{"lx":"sphh","khid":"","mdid":"","sphh":"","lbid":"","kfbh":"20154","ksrq":"","jsrq":"","khlb":"","zmdfl":"","roleid":"99","curkhid":"","curkhfl":"","order":{"col":"","direc":""}}
【2017-2-9 8:55:47】  销售数据查询结束！
【2017-2-9 8:55:47】  @kfbh=20154
【2017-2-9 8:55:47】  dt_dd-rows:1924 dt_ls-rows:1871
【2017-2-9 8:55:54】   select convert(varchar(10),a.khid) khid,upper(kh.khdm) khdm,kh.khmc,kh.khfl,sum(a.sl) ddsl
                            from yx_v_dddjmx a                                                            
                             inner join yx_t_spdmb sp on a.sphh=sp.sphh  inner join yx_t_khb kh on a.khid=kh.khid and kh.ty=0                                 
                            where a.djlx=201 and a.djbs=1  and sp.kfbh=@kfbh and a.tzid=1
                            group by a.khid,kh.khdm,kh.khmc,kh.khfl order by sum(a.sl) desc
{"lx":"kh","khid":"","mdid":"","sphh":"","lbid":"","kfbh":"20154","ksrq":"","jsrq":"","khlb":"","zmdfl":"","roleid":"99","curkhid":"","curkhfl":"","order":{"col":"","direc":""}}
【2017-2-9 8:55:56】  订单数据查询结束！server='192.168.35.10';database=tlsoft;uid=ABEASD14AD;pwd=+AuDkDew
【2017-2-9 8:55:56】  select substring(a.ccid0,0,charindex('-',a.ccid0)) khid,upper(kh.khdm) khdm,kh.khmc,kh.khfl,sum(a.sl) xssl
                         from (
                           select a.khid,replace(kh.ccid,'-1-','')+'-' ccid0,a.djlb/abs(a.djlb)*sl sl
                           from zmd_v_lsdjmx a                                                     
                            inner join t_mdb md on a.mdid=md.mdid and md.ty=0  inner join yx_t_khb kh on md.khid=kh.khid and kh.ty=0  inner join yx_t_spdmb sp on a.sphh=sp.sphh 
                           where a.djlb in (1,-1,2,-2) and a.djbs=1  and sp.kfbh=@kfbh
                           ) a
                         inner join yx_t_khb kh on kh.khid=substring(a.ccid0,0,charindex('-',a.ccid0)) 
                         group by substring(a.ccid0,0,charindex('-',a.ccid0)),kh.khdm,kh.khmc,kh.khfl
{"lx":"kh","khid":"","mdid":"","sphh":"","lbid":"","kfbh":"20154","ksrq":"","jsrq":"","khlb":"","zmdfl":"","roleid":"99","curkhid":"","curkhfl":"","order":{"col":"","direc":""}}
【2017-2-9 8:56:00】  销售数据查询结束！
【2017-2-9 8:56:00】  @kfbh=20154
【2017-2-9 8:56:00】  dt_dd-rows:66 dt_ls-rows:67
【2017-2-9 8:56:07】   select convert(varchar(10),a.khid) khid,upper(kh.khdm) khdm,kh.khmc,kh.khfl,sum(a.sl) ddsl
                            from yx_v_dddjmx a                                                            
                             inner join yx_t_spdmb sp on a.sphh=sp.sphh  inner join yx_t_khb kh on a.khid=kh.khid and kh.ty=0                                 
                            where a.djlx=201 and a.djbs=1  and kh.khfl=@khfl and sp.kfbh=@kfbh and a.tzid=1
                            group by a.khid,kh.khdm,kh.khmc,kh.khfl order by sum(a.sl) desc
{"lx":"kh","khid":"","mdid":"","sphh":"","lbid":"","kfbh":"20154","ksrq":"","jsrq":"","khlb":"xf","zmdfl":"","roleid":"99","curkhid":"","curkhfl":"","order":{"col":"","direc":""}}
【2017-2-9 8:56:09】  订单数据查询结束！server='192.168.35.10';database=tlsoft;uid=ABEASD14AD;pwd=+AuDkDew
【2017-2-9 8:56:09】  select substring(a.ccid0,0,charindex('-',a.ccid0)) khid,upper(kh.khdm) khdm,kh.khmc,kh.khfl,sum(a.sl) xssl
                         from (
                           select a.khid,replace(kh.ccid,'-1-','')+'-' ccid0,a.djlb/abs(a.djlb)*sl sl
                           from zmd_v_lsdjmx a                                                     
                            inner join t_mdb md on a.mdid=md.mdid and md.ty=0  inner join yx_t_khb kh on md.khid=kh.khid and kh.ty=0  inner join yx_t_spdmb sp on a.sphh=sp.sphh 
                           where a.djlb in (1,-1,2,-2) and a.djbs=1  and sp.kfbh=@kfbh
                           ) a
                         inner join yx_t_khb kh on kh.khid=substring(a.ccid0,0,charindex('-',a.ccid0))  and kh.khfl=@khfl
                         group by substring(a.ccid0,0,charindex('-',a.ccid0)),kh.khdm,kh.khmc,kh.khfl
{"lx":"kh","khid":"","mdid":"","sphh":"","lbid":"","kfbh":"20154","ksrq":"","jsrq":"","khlb":"xf","zmdfl":"","roleid":"99","curkhid":"","curkhfl":"","order":{"col":"","direc":""}}
【2017-2-9 8:56:13】  销售数据查询结束！
【2017-2-9 8:56:13】  @kfbh=20154
【2017-2-9 8:56:13】  @khfl=xf
【2017-2-9 8:56:13】  dt_dd-rows:27 dt_ls-rows:27
【2017-2-9 8:56:18】   select convert(varchar(10),a.khid) khid,upper(kh.khdm) khdm,kh.khmc,kh.khfl,sum(a.sl) ddsl
                            from yx_v_dddjmx a                                                            
                             inner join yx_t_spdmb sp on a.sphh=sp.sphh  inner join yx_t_khb kh on a.khid=kh.khid and kh.ty=0                                 
                            where a.djlx=201 and a.djbs=1  and kh.khfl=@khfl and sp.kfbh=@kfbh and a.tzid=1
                            group by a.khid,kh.khdm,kh.khmc,kh.khfl order by sum(a.sl) desc
{"lx":"kh","khid":"","mdid":"","sphh":"","lbid":"","kfbh":"20154","ksrq":"","jsrq":"","khlb":"xf","zmdfl":"xz","roleid":"99","curkhid":"","curkhfl":"","order":{"col":"","direc":""}}
【2017-2-9 8:56:18】  订单数据查询结束！server='192.168.35.10';database=tlsoft;uid=ABEASD14AD;pwd=+AuDkDew
【2017-2-9 8:56:18】  select substring(a.ccid0,0,charindex('-',a.ccid0)) khid,upper(kh.khdm) khdm,kh.khmc,kh.khfl,sum(a.sl) xssl
                         from (
                           select a.khid,replace(kh.ccid,'-1-','')+'-' ccid0,a.djlb/abs(a.djlb)*sl sl
                           from zmd_v_lsdjmx a                                                     
                            inner join t_mdb md on a.mdid=md.mdid and md.ty=0  inner join yx_t_khb kh on md.khid=kh.khid and kh.ty=0  inner join yx_t_spdmb sp on a.sphh=sp.sphh 
                           where a.djlb in (1,-1,2,-2) and a.djbs=1  and sp.kfbh=@kfbh and kh.khfl=@zmdfl 
                           ) a
                         inner join yx_t_khb kh on kh.khid=substring(a.ccid0,0,charindex('-',a.ccid0))  and kh.khfl=@khfl
                         group by substring(a.ccid0,0,charindex('-',a.ccid0)),kh.khdm,kh.khmc,kh.khfl
{"lx":"kh","khid":"","mdid":"","sphh":"","lbid":"","kfbh":"20154","ksrq":"","jsrq":"","khlb":"xf","zmdfl":"xz","roleid":"99","curkhid":"","curkhfl":"","order":{"col":"","direc":""}}
【2017-2-9 8:56:22】  销售数据查询结束！
【2017-2-9 8:56:22】  @kfbh=20154
【2017-2-9 8:56:22】  @zmdfl=xz
【2017-2-9 8:56:22】  @khfl=xf
【2017-2-9 8:56:22】  dt_dd-rows:27 dt_ls-rows:26
【2017-2-9 8:56:26】   select convert(varchar(10),a.khid) khid,upper(kh.khdm) khdm,kh.khmc,kh.khfl,sum(a.sl) ddsl
                            from yx_v_dddjmx a                                                            
                             inner join yx_t_spdmb sp on a.sphh=sp.sphh  inner join yx_t_khb kh on a.khid=kh.khid and kh.ty=0                                 
                            where a.djlx=201 and a.djbs=1  and kh.khfl=@khfl and sp.kfbh=@kfbh and a.tzid=1
                            group by a.khid,kh.khdm,kh.khmc,kh.khfl order by sum(a.sl) desc
{"lx":"kh","khid":"","mdid":"","sphh":"","lbid":"","kfbh":"20154","ksrq":"","jsrq":"","khlb":"xf","zmdfl":"xj","roleid":"99","curkhid":"","curkhfl":"","order":{"col":"","direc":""}}
【2017-2-9 8:56:27】  订单数据查询结束！server='192.168.35.10';database=tlsoft;uid=ABEASD14AD;pwd=+AuDkDew
【2017-2-9 8:56:27】  select substring(a.ccid0,0,charindex('-',a.ccid0)) khid,upper(kh.khdm) khdm,kh.khmc,kh.khfl,sum(a.sl) xssl
                         from (
                           select a.khid,replace(kh.ccid,'-1-','')+'-' ccid0,a.djlb/abs(a.djlb)*sl sl
                           from zmd_v_lsdjmx a                                                     
                            inner join t_mdb md on a.mdid=md.mdid and md.ty=0  inner join yx_t_khb kh on md.khid=kh.khid and kh.ty=0  inner join yx_t_spdmb sp on a.sphh=sp.sphh 
                           where a.djlb in (1,-1,2,-2) and a.djbs=1  and sp.kfbh=@kfbh and kh.khfl=@zmdfl 
                           ) a
                         inner join yx_t_khb kh on kh.khid=substring(a.ccid0,0,charindex('-',a.ccid0))  and kh.khfl=@khfl
                         group by substring(a.ccid0,0,charindex('-',a.ccid0)),kh.khdm,kh.khmc,kh.khfl
{"lx":"kh","khid":"","mdid":"","sphh":"","lbid":"","kfbh":"20154","ksrq":"","jsrq":"","khlb":"xf","zmdfl":"xj","roleid":"99","curkhid":"","curkhfl":"","order":{"col":"","direc":""}}
【2017-2-9 8:56:31】  销售数据查询结束！
【2017-2-9 8:56:31】  @kfbh=20154
【2017-2-9 8:56:31】  @zmdfl=xj
【2017-2-9 8:56:31】  @khfl=xf
【2017-2-9 8:56:31】  dt_dd-rows:27 dt_ls-rows:20
【2017-2-9 8:56:35】   select convert(varchar(10),a.khid) khid,upper(kh.khdm) khdm,kh.khmc,kh.khfl,sum(a.sl) ddsl
                            from yx_v_dddjmx a                                                            
                             inner join yx_t_spdmb sp on a.sphh=sp.sphh  inner join yx_t_khb kh on a.khid=kh.khid and kh.ty=0                                 
                            where a.djlx=201 and a.djbs=1  and kh.khfl=@khfl and sp.kfbh=@kfbh and a.tzid=1
                            group by a.khid,kh.khdm,kh.khmc,kh.khfl order by sum(a.sl) desc
{"lx":"kh","khid":"","mdid":"","sphh":"","lbid":"","kfbh":"20154","ksrq":"","jsrq":"","khlb":"xf","zmdfl":"","roleid":"99","curkhid":"","curkhfl":"","order":{"col":"","direc":""}}
【2017-2-9 8:56:36】  订单数据查询结束！server='192.168.35.10';database=tlsoft;uid=ABEASD14AD;pwd=+AuDkDew
【2017-2-9 8:56:36】  select substring(a.ccid0,0,charindex('-',a.ccid0)) khid,upper(kh.khdm) khdm,kh.khmc,kh.khfl,sum(a.sl) xssl
                         from (
                           select a.khid,replace(kh.ccid,'-1-','')+'-' ccid0,a.djlb/abs(a.djlb)*sl sl
                           from zmd_v_lsdjmx a                                                     
                            inner join t_mdb md on a.mdid=md.mdid and md.ty=0  inner join yx_t_khb kh on md.khid=kh.khid and kh.ty=0  inner join yx_t_spdmb sp on a.sphh=sp.sphh 
                           where a.djlb in (1,-1,2,-2) and a.djbs=1  and sp.kfbh=@kfbh
                           ) a
                         inner join yx_t_khb kh on kh.khid=substring(a.ccid0,0,charindex('-',a.ccid0))  and kh.khfl=@khfl
                         group by substring(a.ccid0,0,charindex('-',a.ccid0)),kh.khdm,kh.khmc,kh.khfl
{"lx":"kh","khid":"","mdid":"","sphh":"","lbid":"","kfbh":"20154","ksrq":"","jsrq":"","khlb":"xf","zmdfl":"","roleid":"99","curkhid":"","curkhfl":"","order":{"col":"","direc":""}}
【2017-2-9 8:56:40】  销售数据查询结束！
【2017-2-9 8:56:40】  @kfbh=20154
【2017-2-9 8:56:40】  @khfl=xf
【2017-2-9 8:56:40】  dt_dd-rows:27 dt_ls-rows:27
【2017-2-9 8:57:47】  select sp.sphh,sp.spmc,sum(a.sl) ddsl into #zb
                            from yx_v_dddjmx a                            
                             inner join yx_t_spdmb sp on a.sphh=sp.sphh                                 
                            where a.tzid=1 and a.djlx=201 and a.djbs=1  and sp.kfbh=@kfbh
                            group by sp.sphh,sp.spmc order by sum(a.sl) desc;
                            --备货量与周转量
                            select distinct sphh into #sphh from #zb;
                            select a.sphh,isnull(a.tcl,0) tcl,c.bhl,isnull(a.tcl,0)-isnull(b.ddsl,0) zzl into #zzbh
                            from #sphh s
                            left join (
                              --统筹计划量
                              select a.sphh,sum(b.sl0) tcl 
                              from #sphh s inner join yx_t_tcjhb a on s.sphh=a.sphh
                              inner join yx_t_tcjhcmmx b on a.id=b.id
                              where a.tzid=1 and a.shbs=1 group by a.sphh
                            ) a on s.sphh=a.sphh
                              --订单数量
                            left join (
                              select a.sphh,sum(a.sl) ddsl  
                              from #sphh s inner join yx_v_dddjmx a on a.sphh=s.sphh
                              where a.djlx=201 and a.djbs=1 group by a.sphh
                            ) b on a.sphh=b.sphh
                            left join (
                              --备货库存
                              select a.sphh,sum(a.sl0-a.dbdf0-a.qtdf0) bhl 
                              from #sphh s inner join YX_T_Spkccmmx a on a.sphh=s.sphh
                              where a.tzid=1 and a.ckid not in (9325,6671,7013) group by a.sphh
                            ) c on a.sphh=c.sphh
                            
                            select a.*,b.zzl,b.bhl from #zb a left join #zzbh b on a.sphh=b.sphh

                            drop table #zb;drop table #sphh;drop table #zzbh;
{"lx":"sphh","khid":"","mdid":"","sphh":"","lbid":"","kfbh":"20154","ksrq":"","jsrq":"","khlb":"","zmdfl":"","roleid":"99","curkhid":"","curkhfl":"","order":{"col":"","direc":""}}
【2017-2-9 8:57:50】  订单数据查询结束！server='192.168.35.10';database=tlsoft;uid=ABEASD14AD;pwd=+AuDkDew
【2017-2-9 8:57:50】  select a.sphh,sp.spmc,sum(a.djlb/abs(a.djlb)*sl) xssl
                         from zmd_v_lsdjmx a
                          inner join yx_t_spdmb sp on a.sphh=sp.sphh 
                         where a.djlb in (1,-1,2,-2) and a.djbs=1  and sp.kfbh=@kfbh
                         group by a.sphh,sp.spmc
{"lx":"sphh","khid":"","mdid":"","sphh":"","lbid":"","kfbh":"20154","ksrq":"","jsrq":"","khlb":"","zmdfl":"","roleid":"99","curkhid":"","curkhfl":"","order":{"col":"","direc":""}}
【2017-2-9 8:57:55】  销售数据查询结束！
【2017-2-9 8:57:55】  @kfbh=20154
【2017-2-9 8:57:55】  dt_dd-rows:1924 dt_ls-rows:1875
【2017-2-9 8:58:01】   select convert(varchar(10),a.khid) khid,upper(kh.khdm) khdm,kh.khmc,kh.khfl,sum(a.sl) ddsl
                            from yx_v_dddjmx a                                                            
                             inner join yx_t_spdmb sp on a.sphh=sp.sphh  inner join yx_t_khb kh on a.khid=kh.khid and kh.ty=0                                 
                            where a.djlx=201 and a.djbs=1  and sp.kfbh=@kfbh and a.tzid=1
                            group by a.khid,kh.khdm,kh.khmc,kh.khfl order by sum(a.sl) desc
{"lx":"kh","khid":"","mdid":"","sphh":"","lbid":"","kfbh":"20154","ksrq":"","jsrq":"","khlb":"","zmdfl":"","roleid":"99","curkhid":"","curkhfl":"","order":{"col":"","direc":""}}
【2017-2-9 8:58:02】  订单数据查询结束！server='192.168.35.10';database=tlsoft;uid=ABEASD14AD;pwd=+AuDkDew
【2017-2-9 8:58:02】  select substring(a.ccid0,0,charindex('-',a.ccid0)) khid,upper(kh.khdm) khdm,kh.khmc,kh.khfl,sum(a.sl) xssl
                         from (
                           select a.khid,replace(kh.ccid,'-1-','')+'-' ccid0,a.djlb/abs(a.djlb)*sl sl
                           from zmd_v_lsdjmx a                                                     
                            inner join t_mdb md on a.mdid=md.mdid and md.ty=0  inner join yx_t_khb kh on md.khid=kh.khid and kh.ty=0  inner join yx_t_spdmb sp on a.sphh=sp.sphh 
                           where a.djlb in (1,-1,2,-2) and a.djbs=1  and sp.kfbh=@kfbh
                           ) a
                         inner join yx_t_khb kh on kh.khid=substring(a.ccid0,0,charindex('-',a.ccid0)) 
                         group by substring(a.ccid0,0,charindex('-',a.ccid0)),kh.khdm,kh.khmc,kh.khfl
{"lx":"kh","khid":"","mdid":"","sphh":"","lbid":"","kfbh":"20154","ksrq":"","jsrq":"","khlb":"","zmdfl":"","roleid":"99","curkhid":"","curkhfl":"","order":{"col":"","direc":""}}
【2017-2-9 8:58:07】  销售数据查询结束！
【2017-2-9 8:58:07】  @kfbh=20154
【2017-2-9 8:58:07】  dt_dd-rows:66 dt_ls-rows:67
【2017-2-9 8:58:13】   select convert(varchar(10),a.khid) khid,upper(kh.khdm) khdm,kh.khmc,kh.khfl,sum(a.sl) ddsl
                            from yx_v_dddjmx a                                                            
                             inner join yx_t_spdmb sp on a.sphh=sp.sphh  inner join yx_t_khb kh on a.khid=kh.khid and kh.ty=0                                 
                            where a.djlx=201 and a.djbs=1  and kh.khfl=@khfl and sp.kfbh=@kfbh and a.tzid=1
                            group by a.khid,kh.khdm,kh.khmc,kh.khfl order by sum(a.sl) desc
{"lx":"kh","khid":"","mdid":"","sphh":"","lbid":"","kfbh":"20154","ksrq":"","jsrq":"","khlb":"xf","zmdfl":"","roleid":"99","curkhid":"","curkhfl":"","order":{"col":"","direc":""}}
【2017-2-9 8:58:14】  订单数据查询结束！server='192.168.35.10';database=tlsoft;uid=ABEASD14AD;pwd=+AuDkDew
【2017-2-9 8:58:14】  select substring(a.ccid0,0,charindex('-',a.ccid0)) khid,upper(kh.khdm) khdm,kh.khmc,kh.khfl,sum(a.sl) xssl
                         from (
                           select a.khid,replace(kh.ccid,'-1-','')+'-' ccid0,a.djlb/abs(a.djlb)*sl sl
                           from zmd_v_lsdjmx a                                                     
                            inner join t_mdb md on a.mdid=md.mdid and md.ty=0  inner join yx_t_khb kh on md.khid=kh.khid and kh.ty=0  inner join yx_t_spdmb sp on a.sphh=sp.sphh 
                           where a.djlb in (1,-1,2,-2) and a.djbs=1  and sp.kfbh=@kfbh
                           ) a
                         inner join yx_t_khb kh on kh.khid=substring(a.ccid0,0,charindex('-',a.ccid0))  and kh.khfl=@khfl
                         group by substring(a.ccid0,0,charindex('-',a.ccid0)),kh.khdm,kh.khmc,kh.khfl
{"lx":"kh","khid":"","mdid":"","sphh":"","lbid":"","kfbh":"20154","ksrq":"","jsrq":"","khlb":"xf","zmdfl":"","roleid":"99","curkhid":"","curkhfl":"","order":{"col":"","direc":""}}
【2017-2-9 8:58:18】  销售数据查询结束！
【2017-2-9 8:58:18】  @kfbh=20154
【2017-2-9 8:58:18】  @khfl=xf
【2017-2-9 8:58:18】  dt_dd-rows:27 dt_ls-rows:27
【2017-2-9 8:58:22】   select convert(varchar(10),a.khid) khid,upper(kh.khdm) khdm,kh.khmc,kh.khfl,sum(a.sl) ddsl
                            from yx_v_dddjmx a                                                            
                             inner join yx_t_spdmb sp on a.sphh=sp.sphh  inner join yx_t_khb kh on a.khid=kh.khid and kh.ty=0                                 
                            where a.djlx=201 and a.djbs=1  and kh.khfl=@khfl and sp.kfbh=@kfbh and a.tzid=1
                            group by a.khid,kh.khdm,kh.khmc,kh.khfl order by sum(a.sl) desc
{"lx":"kh","khid":"","mdid":"","sphh":"","lbid":"","kfbh":"20154","ksrq":"","jsrq":"","khlb":"xf","zmdfl":"xz","roleid":"99","curkhid":"","curkhfl":"","order":{"col":"","direc":""}}
【2017-2-9 8:58:22】  订单数据查询结束！server='192.168.35.10';database=tlsoft;uid=ABEASD14AD;pwd=+AuDkDew
【2017-2-9 8:58:22】  select substring(a.ccid0,0,charindex('-',a.ccid0)) khid,upper(kh.khdm) khdm,kh.khmc,kh.khfl,sum(a.sl) xssl
                         from (
                           select a.khid,replace(kh.ccid,'-1-','')+'-' ccid0,a.djlb/abs(a.djlb)*sl sl
                           from zmd_v_lsdjmx a                                                     
                            inner join t_mdb md on a.mdid=md.mdid and md.ty=0  inner join yx_t_khb kh on md.khid=kh.khid and kh.ty=0  inner join yx_t_spdmb sp on a.sphh=sp.sphh 
                           where a.djlb in (1,-1,2,-2) and a.djbs=1  and sp.kfbh=@kfbh and kh.khfl=@zmdfl 
                           ) a
                         inner join yx_t_khb kh on kh.khid=substring(a.ccid0,0,charindex('-',a.ccid0))  and kh.khfl=@khfl
                         group by substring(a.ccid0,0,charindex('-',a.ccid0)),kh.khdm,kh.khmc,kh.khfl
{"lx":"kh","khid":"","mdid":"","sphh":"","lbid":"","kfbh":"20154","ksrq":"","jsrq":"","khlb":"xf","zmdfl":"xz","roleid":"99","curkhid":"","curkhfl":"","order":{"col":"","direc":""}}
【2017-2-9 8:58:26】  销售数据查询结束！
【2017-2-9 8:58:26】  @kfbh=20154
【2017-2-9 8:58:26】  @zmdfl=xz
【2017-2-9 8:58:26】  @khfl=xf
【2017-2-9 8:58:26】  dt_dd-rows:27 dt_ls-rows:26
【2017-2-9 9:08:12】  select sp.sphh,sp.spmc,sum(a.sl) ddsl into #zb
                            from yx_v_dddjmx a                            
                             inner join yx_t_spdmb sp on a.sphh=sp.sphh                                 
                            where a.tzid=1 and a.djlx=201 and a.djbs=1  and sp.kfbh=@kfbh
                            group by sp.sphh,sp.spmc order by sum(a.sl) desc;
                            --备货量与周转量
                            select distinct sphh into #sphh from #zb;
                            select a.sphh,isnull(a.tcl,0) tcl,c.bhl,isnull(a.tcl,0)-isnull(b.ddsl,0) zzl into #zzbh
                            from #sphh s
                            left join (
                              --统筹计划量
                              select a.sphh,sum(b.sl0) tcl 
                              from #sphh s inner join yx_t_tcjhb a on s.sphh=a.sphh
                              inner join yx_t_tcjhcmmx b on a.id=b.id
                              where a.tzid=1 and a.shbs=1 group by a.sphh
                            ) a on s.sphh=a.sphh
                              --订单数量
                            left join (
                              select a.sphh,sum(a.sl) ddsl  
                              from #sphh s inner join yx_v_dddjmx a on a.sphh=s.sphh
                              where a.djlx=201 and a.djbs=1 group by a.sphh
                            ) b on a.sphh=b.sphh
                            left join (
                              --备货库存
                              select a.sphh,sum(a.sl0-a.dbdf0-a.qtdf0) bhl 
                              from #sphh s inner join YX_T_Spkccmmx a on a.sphh=s.sphh
                              where a.tzid=1 and a.ckid not in (9325,6671,7013) group by a.sphh
                            ) c on a.sphh=c.sphh
                            
                            select a.*,b.zzl,b.bhl from #zb a left join #zzbh b on a.sphh=b.sphh

                            drop table #zb;drop table #sphh;drop table #zzbh;
{"lx":"sphh","khid":"","mdid":"","sphh":"","lbid":"","kfbh":"20154","ksrq":"","jsrq":"","khlb":"","zmdfl":"","roleid":"99","curkhid":"","curkhfl":"","order":{"col":"","direc":""}}
【2017-2-9 9:08:14】  订单数据查询结束！server='192.168.35.10';database=tlsoft;uid=ABEASD14AD;pwd=+AuDkDew
【2017-2-9 9:08:14】  select a.sphh,sp.spmc,sum(a.djlb/abs(a.djlb)*sl) xssl
                         from zmd_v_lsdjmx a
                          inner join yx_t_spdmb sp on a.sphh=sp.sphh 
                         where a.djlb in (1,-1,2,-2) and a.djbs=1  and sp.kfbh=@kfbh
                         group by a.sphh,sp.spmc
{"lx":"sphh","khid":"","mdid":"","sphh":"","lbid":"","kfbh":"20154","ksrq":"","jsrq":"","khlb":"","zmdfl":"","roleid":"99","curkhid":"","curkhfl":"","order":{"col":"","direc":""}}
【2017-2-9 9:08:18】  销售数据查询结束！
【2017-2-9 9:08:18】  @kfbh=20154
【2017-2-9 9:08:18】  dt_dd-rows:1924 dt_ls-rows:1875
【2017-2-9 9:08:24】   select convert(varchar(10),a.khid) khid,upper(kh.khdm) khdm,kh.khmc,kh.khfl,sum(a.sl) ddsl
                            from yx_v_dddjmx a                                                            
                             inner join yx_t_spdmb sp on a.sphh=sp.sphh  inner join yx_t_khb kh on a.khid=kh.khid and kh.ty=0                                 
                            where a.djlx=201 and a.djbs=1  and sp.kfbh=@kfbh and a.tzid=1
                            group by a.khid,kh.khdm,kh.khmc,kh.khfl order by sum(a.sl) desc
{"lx":"kh","khid":"","mdid":"","sphh":"","lbid":"","kfbh":"20154","ksrq":"","jsrq":"","khlb":"","zmdfl":"","roleid":"99","curkhid":"","curkhfl":"","order":{"col":"","direc":""}}
【2017-2-9 9:08:25】  订单数据查询结束！server='192.168.35.10';database=tlsoft;uid=ABEASD14AD;pwd=+AuDkDew
【2017-2-9 9:08:25】  select substring(a.ccid0,0,charindex('-',a.ccid0)) khid,upper(kh.khdm) khdm,kh.khmc,kh.khfl,sum(a.sl) xssl
                         from (
                           select a.khid,replace(kh.ccid,'-1-','')+'-' ccid0,a.djlb/abs(a.djlb)*sl sl
                           from zmd_v_lsdjmx a                                                     
                            inner join t_mdb md on a.mdid=md.mdid and md.ty=0  inner join yx_t_khb kh on md.khid=kh.khid and kh.ty=0  inner join yx_t_spdmb sp on a.sphh=sp.sphh 
                           where a.djlb in (1,-1,2,-2) and a.djbs=1  and sp.kfbh=@kfbh
                           ) a
                         inner join yx_t_khb kh on kh.khid=substring(a.ccid0,0,charindex('-',a.ccid0)) 
                         group by substring(a.ccid0,0,charindex('-',a.ccid0)),kh.khdm,kh.khmc,kh.khfl
{"lx":"kh","khid":"","mdid":"","sphh":"","lbid":"","kfbh":"20154","ksrq":"","jsrq":"","khlb":"","zmdfl":"","roleid":"99","curkhid":"","curkhfl":"","order":{"col":"","direc":""}}
【2017-2-9 9:08:28】  销售数据查询结束！
【2017-2-9 9:08:28】  @kfbh=20154
【2017-2-9 9:08:28】  dt_dd-rows:66 dt_ls-rows:67
【2017-2-9 9:08:33】   select convert(varchar(10),a.khid) khid,upper(kh.khdm) khdm,kh.khmc,kh.khfl,sum(a.sl) ddsl
                            from yx_v_dddjmx a                                                            
                             inner join yx_t_spdmb sp on a.sphh=sp.sphh  inner join yx_t_khb kh on a.khid=kh.khid and kh.ty=0                                 
                            where a.djlx=201 and a.djbs=1  and kh.khfl=@khfl and sp.kfbh=@kfbh and a.tzid=1
                            group by a.khid,kh.khdm,kh.khmc,kh.khfl order by sum(a.sl) desc
{"lx":"kh","khid":"","mdid":"","sphh":"","lbid":"","kfbh":"20154","ksrq":"","jsrq":"","khlb":"xf","zmdfl":"","roleid":"99","curkhid":"","curkhfl":"","order":{"col":"","direc":""}}
【2017-2-9 9:08:34】  订单数据查询结束！server='192.168.35.10';database=tlsoft;uid=ABEASD14AD;pwd=+AuDkDew
【2017-2-9 9:08:34】  select substring(a.ccid0,0,charindex('-',a.ccid0)) khid,upper(kh.khdm) khdm,kh.khmc,kh.khfl,sum(a.sl) xssl
                         from (
                           select a.khid,replace(kh.ccid,'-1-','')+'-' ccid0,a.djlb/abs(a.djlb)*sl sl
                           from zmd_v_lsdjmx a                                                     
                            inner join t_mdb md on a.mdid=md.mdid and md.ty=0  inner join yx_t_khb kh on md.khid=kh.khid and kh.ty=0  inner join yx_t_spdmb sp on a.sphh=sp.sphh 
                           where a.djlb in (1,-1,2,-2) and a.djbs=1  and sp.kfbh=@kfbh
                           ) a
                         inner join yx_t_khb kh on kh.khid=substring(a.ccid0,0,charindex('-',a.ccid0))  and kh.khfl=@khfl
                         group by substring(a.ccid0,0,charindex('-',a.ccid0)),kh.khdm,kh.khmc,kh.khfl
{"lx":"kh","khid":"","mdid":"","sphh":"","lbid":"","kfbh":"20154","ksrq":"","jsrq":"","khlb":"xf","zmdfl":"","roleid":"99","curkhid":"","curkhfl":"","order":{"col":"","direc":""}}
【2017-2-9 9:08:37】  销售数据查询结束！
【2017-2-9 9:08:37】  @kfbh=20154
【2017-2-9 9:08:37】  @khfl=xf
【2017-2-9 9:08:37】  dt_dd-rows:27 dt_ls-rows:27
【2017-2-9 9:19:38】  select sp.sphh,sp.spmc,sum(a.sl) ddsl into #zb
                            from yx_v_dddjmx a                            
                             inner join yx_t_spdmb sp on a.sphh=sp.sphh                                 
                            where a.tzid=1 and a.djlx=201 and a.djbs=1  and sp.kfbh=@kfbh
                            group by sp.sphh,sp.spmc order by sum(a.sl) desc;
                            --备货量与周转量
                            select distinct sphh into #sphh from #zb;
                            select a.sphh,isnull(a.tcl,0) tcl,c.bhl,isnull(a.tcl,0)-isnull(b.ddsl,0) zzl into #zzbh
                            from #sphh s
                            left join (
                              --统筹计划量
                              select a.sphh,sum(b.sl0) tcl 
                              from #sphh s inner join yx_t_tcjhb a on s.sphh=a.sphh
                              inner join yx_t_tcjhcmmx b on a.id=b.id
                              where a.tzid=1 and a.shbs=1 group by a.sphh
                            ) a on s.sphh=a.sphh
                              --订单数量
                            left join (
                              select a.sphh,sum(a.sl) ddsl  
                              from #sphh s inner join yx_v_dddjmx a on a.sphh=s.sphh
                              where a.djlx=201 and a.djbs=1 group by a.sphh
                            ) b on a.sphh=b.sphh
                            left join (
                              --备货库存
                              select a.sphh,sum(a.sl0-a.dbdf0-a.qtdf0) bhl 
                              from #sphh s inner join YX_T_Spkccmmx a on a.sphh=s.sphh
                              where a.tzid=1 and a.ckid not in (9325,6671,7013) group by a.sphh
                            ) c on a.sphh=c.sphh
                            
                            select a.*,b.zzl,b.bhl from #zb a left join #zzbh b on a.sphh=b.sphh

                            drop table #zb;drop table #sphh;drop table #zzbh;
{"lx":"sphh","khid":"","mdid":"","sphh":"","lbid":"","kfbh":"20154","ksrq":"","jsrq":"","khlb":"","zmdfl":"","roleid":"99","curkhid":"","curkhfl":"","order":{"col":"","direc":""}}
【2017-2-9 9:19:40】  订单数据查询结束！server='192.168.35.10';database=tlsoft;uid=ABEASD14AD;pwd=+AuDkDew
【2017-2-9 9:19:40】  select a.sphh,sp.spmc,sum(a.djlb/abs(a.djlb)*sl) xssl
                         from zmd_v_lsdjmx a
                          inner join yx_t_spdmb sp on a.sphh=sp.sphh 
                         where a.djlb in (1,-1,2,-2) and a.djbs=1  and sp.kfbh=@kfbh
                         group by a.sphh,sp.spmc
{"lx":"sphh","khid":"","mdid":"","sphh":"","lbid":"","kfbh":"20154","ksrq":"","jsrq":"","khlb":"","zmdfl":"","roleid":"99","curkhid":"","curkhfl":"","order":{"col":"","direc":""}}
【2017-2-9 9:19:44】  销售数据查询结束！
【2017-2-9 9:19:44】  @kfbh=20154
【2017-2-9 9:19:44】  dt_dd-rows:1924 dt_ls-rows:1875
【2017-2-9 9:34:54】  select sp.sphh,sp.spmc,sum(a.sl) ddsl into #zb
                            from yx_v_dddjmx a                            
                             inner join yx_t_spdmb sp on a.sphh=sp.sphh                                 
                            where a.tzid=1 and a.djlx=201 and a.djbs=1  and sp.kfbh=@kfbh
                            group by sp.sphh,sp.spmc order by sum(a.sl) desc;
                            --备货量与周转量
                            select distinct sphh into #sphh from #zb;
                            select a.sphh,isnull(a.tcl,0) tcl,c.bhl,isnull(a.tcl,0)-isnull(b.ddsl,0) zzl into #zzbh
                            from #sphh s
                            left join (
                              --统筹计划量
                              select a.sphh,sum(b.sl0) tcl 
                              from #sphh s inner join yx_t_tcjhb a on s.sphh=a.sphh
                              inner join yx_t_tcjhcmmx b on a.id=b.id
                              where a.tzid=1 and a.shbs=1 group by a.sphh
                            ) a on s.sphh=a.sphh
                              --订单数量
                            left join (
                              select a.sphh,sum(a.sl) ddsl  
                              from #sphh s inner join yx_v_dddjmx a on a.sphh=s.sphh
                              where a.djlx=201 and a.djbs=1 group by a.sphh
                            ) b on a.sphh=b.sphh
                            left join (
                              --备货库存
                              select a.sphh,sum(a.sl0-a.dbdf0-a.qtdf0) bhl 
                              from #sphh s inner join YX_T_Spkccmmx a on a.sphh=s.sphh
                              where a.tzid=1 and a.ckid not in (9325,6671,7013) group by a.sphh
                            ) c on a.sphh=c.sphh
                            
                            select a.*,b.zzl,b.bhl from #zb a left join #zzbh b on a.sphh=b.sphh

                            drop table #zb;drop table #sphh;drop table #zzbh;
{"lx":"sphh","khid":"","mdid":"","sphh":"","lbid":"","kfbh":"20154","ksrq":"","jsrq":"","khlb":"","zmdfl":"","roleid":"99","curkhid":"","curkhfl":"","order":{"col":"","direc":""}}
【2017-2-9 9:34:55】  订单数据查询结束！server='192.168.35.10';database=tlsoft;uid=ABEASD14AD;pwd=+AuDkDew
【2017-2-9 9:34:55】  select a.sphh,sp.spmc,sum(a.djlb/abs(a.djlb)*sl) xssl
                         from zmd_v_lsdjmx a
                          inner join yx_t_spdmb sp on a.sphh=sp.sphh 
                         where a.djlb in (1,-1,2,-2) and a.djbs=1  and sp.kfbh=@kfbh
                         group by a.sphh,sp.spmc
{"lx":"sphh","khid":"","mdid":"","sphh":"","lbid":"","kfbh":"20154","ksrq":"","jsrq":"","khlb":"","zmdfl":"","roleid":"99","curkhid":"","curkhfl":"","order":{"col":"","direc":""}}
【2017-2-9 9:35:00】  销售数据查询结束！
【2017-2-9 9:35:00】  @kfbh=20154
【2017-2-9 9:35:00】  dt_dd-rows:1924 dt_ls-rows:1875
