【2017-1-2 17:19:16】   select sp.sphh,sp.spmc,'' zzl,'' bhl,sum(a.sl) ddsl
                            from yx_v_dddjmx a                                                            
                             inner join yx_t_spdmb sp on a.sphh=sp.sphh                                 
                            where a.djlx=201 and a.djbs=1  and a.rq>=convert(datetime,@ksrq) and a.rq<dateadd(day,1,convert(datetime,@jsrq)) and a.khid=@mdkhid and sp.kfbh=@kfbh
                            group by sp.sphh,sp.spmc order by sum(a.sl) desc
{"lx":"sphh","khid":"","mdid":"","sphh":"","lbid":"","kfbh":"20164","ksrq":"2017-01-01","jsrq":"2017-01-02","khlb":"","roleid":"2","curkhid":"1906","curkhfl":"","order":{"col":"","direc":""}}
【2017-1-2 17:19:16】  订单数据查询结束！server='192.168.35.11';database=FXDB;uid=ABEASD14AD;pwd=+AuDkDew
【2017-1-2 17:19:16】  select a.sphh,sp.spmc,sum(a.djlb/abs(a.djlb)*sl) xssl
                         from zmd_v_lsdjmx a
                          inner join t_mdb md on a.mdid=md.mdid and md.ty=0  inner join yx_t_khb kh on md.khid=kh.khid and kh.ty=0  inner join yx_t_spdmb sp on a.sphh=sp.sphh 
                         where a.djlb in (1,-1,2,-2) and a.djbs=1  and kh.ccid+'-' like @khid and a.rq>=convert(datetime,@ksrq) and a.rq<convert(datetime,@jsrq) and a.khid=@mdkhid and sp.kfbh=@kfbh
                         group by a.sphh,sp.spmc
{"lx":"sphh","khid":"","mdid":"","sphh":"","lbid":"","kfbh":"20164","ksrq":"2017-01-01","jsrq":"2017-01-02","khlb":"","roleid":"2","curkhid":"1906","curkhfl":"","order":{"col":"","direc":""}}
【2017-1-2 17:19:18】  销售数据查询结束！
【2017-1-2 17:19:18】  @khid=-1-1906-%
【2017-1-2 17:19:18】  @ksrq=2017-01-01
【2017-1-2 17:19:18】  @jsrq=2017-01-02
【2017-1-2 17:19:18】  @mdkhid=1906
【2017-1-2 17:19:18】  @kfbh=20164
【2017-1-2 17:19:18】  dt_dd-rows:0 dt_ls-rows:0
【2017-1-2 17:21:12】   select sp.sphh,sp.spmc,'' zzl,'' bhl,sum(a.sl) ddsl
                            from yx_v_dddjmx a                                                            
                             inner join yx_t_spdmb sp on a.sphh=sp.sphh                                 
                            where a.djlx=201 and a.djbs=1  and a.rq>=convert(datetime,@ksrq) and a.rq<dateadd(day,1,convert(datetime,@jsrq)) and a.khid=@mdkhid and sp.kfbh=@kfbh
                            group by sp.sphh,sp.spmc order by sum(a.sl) desc
{"lx":"sphh","khid":"","mdid":"","sphh":"","lbid":"","kfbh":"20164","ksrq":"2017-01-01","jsrq":"2017-01-02","khlb":"","roleid":"2","curkhid":"1906","curkhfl":"","order":{"col":"","direc":""}}
【2017-1-2 17:21:12】  订单数据查询结束！server='192.168.35.11';database=FXDB;uid=ABEASD14AD;pwd=+AuDkDew
【2017-1-2 17:21:12】  select a.sphh,sp.spmc,sum(a.djlb/abs(a.djlb)*sl) xssl
                         from zmd_v_lsdjmx a
                          inner join t_mdb md on a.mdid=md.mdid and md.ty=0  inner join yx_t_khb kh on md.khid=kh.khid and kh.ty=0  inner join yx_t_spdmb sp on a.sphh=sp.sphh 
                         where a.djlb in (1,-1,2,-2) and a.djbs=1  and kh.ccid+'-' like @khid and a.rq>=convert(datetime,@ksrq) and a.rq<convert(datetime,@jsrq) and a.khid=@mdkhid and sp.kfbh=@kfbh
                         group by a.sphh,sp.spmc
{"lx":"sphh","khid":"","mdid":"","sphh":"","lbid":"","kfbh":"20164","ksrq":"2017-01-01","jsrq":"2017-01-02","khlb":"","roleid":"2","curkhid":"1906","curkhfl":"","order":{"col":"","direc":""}}
【2017-1-2 17:21:15】  销售数据查询结束！
【2017-1-2 17:21:15】  @khid=-1-1906-%
【2017-1-2 17:21:15】  @ksrq=2017-01-01
【2017-1-2 17:21:15】  @jsrq=2017-01-02
【2017-1-2 17:21:15】  @mdkhid=1906
【2017-1-2 17:21:15】  @kfbh=20164
【2017-1-2 17:21:15】  dt_dd-rows:0 dt_ls-rows:0
【2017-1-2 17:21:23】   select sp.sphh,sp.spmc,'' zzl,'' bhl,sum(a.sl) ddsl
                            from yx_v_dddjmx a                                                            
                             inner join yx_t_spdmb sp on a.sphh=sp.sphh                                 
                            where a.djlx=201 and a.djbs=1  and a.khid=@mdkhid and sp.kfbh=@kfbh
                            group by sp.sphh,sp.spmc order by sum(a.sl) desc
{"lx":"sphh","khid":"","mdid":"","sphh":"","lbid":"","kfbh":"20164","ksrq":"","jsrq":"","khlb":"","roleid":"2","curkhid":"1906","curkhfl":"","order":{"col":"","direc":""}}
【2017-1-2 17:21:25】  订单数据查询结束！server='192.168.35.11';database=FXDB;uid=ABEASD14AD;pwd=+AuDkDew
【2017-1-2 17:21:25】  select a.sphh,sp.spmc,sum(a.djlb/abs(a.djlb)*sl) xssl
                         from zmd_v_lsdjmx a
                          inner join t_mdb md on a.mdid=md.mdid and md.ty=0  inner join yx_t_khb kh on md.khid=kh.khid and kh.ty=0  inner join yx_t_spdmb sp on a.sphh=sp.sphh 
                         where a.djlb in (1,-1,2,-2) and a.djbs=1  and kh.ccid+'-' like @khid and a.khid=@mdkhid and sp.kfbh=@kfbh
                         group by a.sphh,sp.spmc
{"lx":"sphh","khid":"","mdid":"","sphh":"","lbid":"","kfbh":"20164","ksrq":"","jsrq":"","khlb":"","roleid":"2","curkhid":"1906","curkhfl":"","order":{"col":"","direc":""}}
【2017-1-2 17:21:27】  销售数据查询结束！
【2017-1-2 17:21:27】  @khid=-1-1906-%
【2017-1-2 17:21:27】  @mdkhid=1906
【2017-1-2 17:21:27】  @kfbh=20164
【2017-1-2 17:21:27】  dt_dd-rows:220 dt_ls-rows:0
【2017-1-2 17:21:32】   select sp.sphh,sp.spmc,'' zzl,'' bhl,sum(a.sl) ddsl
                            from yx_v_dddjmx a                                                            
                             inner join yx_t_spdmb sp on a.sphh=sp.sphh                                 
                            where a.djlx=201 and a.djbs=1  and a.rq>=convert(datetime,@ksrq) and a.rq<dateadd(day,1,convert(datetime,@jsrq)) and a.khid=@mdkhid and sp.kfbh=@kfbh
                            group by sp.sphh,sp.spmc order by sum(a.sl) desc
{"lx":"sphh","khid":"","mdid":"","sphh":"","lbid":"","kfbh":"20164","ksrq":"2017-01-01","jsrq":"2017-01-02","khlb":"","roleid":"2","curkhid":"1906","curkhfl":"","order":{"col":"","direc":""}}
【2017-1-2 17:21:32】  订单数据查询结束！server='192.168.35.11';database=FXDB;uid=ABEASD14AD;pwd=+AuDkDew
【2017-1-2 17:21:32】  select a.sphh,sp.spmc,sum(a.djlb/abs(a.djlb)*sl) xssl
                         from zmd_v_lsdjmx a
                          inner join t_mdb md on a.mdid=md.mdid and md.ty=0  inner join yx_t_khb kh on md.khid=kh.khid and kh.ty=0  inner join yx_t_spdmb sp on a.sphh=sp.sphh 
                         where a.djlb in (1,-1,2,-2) and a.djbs=1  and kh.ccid+'-' like @khid and a.rq>=convert(datetime,@ksrq) and a.rq<convert(datetime,@jsrq) and a.khid=@mdkhid and sp.kfbh=@kfbh
                         group by a.sphh,sp.spmc
{"lx":"sphh","khid":"","mdid":"","sphh":"","lbid":"","kfbh":"20164","ksrq":"2017-01-01","jsrq":"2017-01-02","khlb":"","roleid":"2","curkhid":"1906","curkhfl":"","order":{"col":"","direc":""}}
【2017-1-2 17:21:34】  销售数据查询结束！
【2017-1-2 17:21:34】  @khid=-1-1906-%
【2017-1-2 17:21:34】  @ksrq=2017-01-01
【2017-1-2 17:21:34】  @jsrq=2017-01-02
【2017-1-2 17:21:34】  @mdkhid=1906
【2017-1-2 17:21:34】  @kfbh=20164
【2017-1-2 17:21:34】  dt_dd-rows:0 dt_ls-rows:0
【2017-1-2 17:26:19】   select sp.sphh,sp.spmc,'' zzl,'' bhl,sum(a.sl) ddsl
                            from yx_v_dddjmx a                                                            
                             inner join yx_t_spdmb sp on a.sphh=sp.sphh                                 
                            where a.djlx=201 and a.djbs=1  and a.rq>=convert(datetime,@ksrq) and a.rq<dateadd(day,1,convert(datetime,@jsrq)) and a.khid=@mdkhid and sp.kfbh=@kfbh
                            group by sp.sphh,sp.spmc order by sum(a.sl) desc
{"lx":"sphh","khid":"","mdid":"","sphh":"","lbid":"","kfbh":"20164","ksrq":"2017-01-01","jsrq":"2017-01-02","khlb":"","roleid":"2","curkhid":"1906","curkhfl":"","order":{"col":"","direc":""}}
【2017-1-2 17:26:19】  订单数据查询结束！server='192.168.35.11';database=FXDB;uid=ABEASD14AD;pwd=+AuDkDew
【2017-1-2 17:26:19】  select a.sphh,sp.spmc,sum(a.djlb/abs(a.djlb)*sl) xssl
                         from zmd_v_lsdjmx a
                          inner join t_mdb md on a.mdid=md.mdid and md.ty=0  inner join yx_t_khb kh on md.khid=kh.khid and kh.ty=0  inner join yx_t_spdmb sp on a.sphh=sp.sphh 
                         where a.djlb in (1,-1,2,-2) and a.djbs=1  and kh.ccid+'-' like @khid and a.rq>=convert(datetime,@ksrq) and a.rq<convert(datetime,@jsrq) and a.khid=@mdkhid and sp.kfbh=@kfbh
                         group by a.sphh,sp.spmc
{"lx":"sphh","khid":"","mdid":"","sphh":"","lbid":"","kfbh":"20164","ksrq":"2017-01-01","jsrq":"2017-01-02","khlb":"","roleid":"2","curkhid":"1906","curkhfl":"","order":{"col":"","direc":""}}
【2017-1-2 17:26:24】  销售数据查询结束！
【2017-1-2 17:26:24】  @khid=-1-1906-%
【2017-1-2 17:26:24】  @ksrq=2017-01-01
【2017-1-2 17:26:24】  @jsrq=2017-01-02
【2017-1-2 17:26:24】  @mdkhid=1906
【2017-1-2 17:26:24】  @kfbh=20164
【2017-1-2 17:26:24】  dt_dd-rows:0 dt_ls-rows:0
【2017-1-2 17:27:56】   select sp.sphh,sp.spmc,'' zzl,'' bhl,sum(a.sl) ddsl
                            from yx_v_dddjmx a                                                            
                             inner join yx_t_spdmb sp on a.sphh=sp.sphh                                 
                            where a.djlx=201 and a.djbs=1  and a.rq>=convert(datetime,@ksrq) and a.rq<dateadd(day,1,convert(datetime,@jsrq)) and a.khid=@mdkhid and sp.kfbh=@kfbh
                            group by sp.sphh,sp.spmc order by sum(a.sl) desc
{"lx":"sphh","khid":"","mdid":"","sphh":"","lbid":"","kfbh":"20164","ksrq":"2017-01-01","jsrq":"2017-01-02","khlb":"","roleid":"2","curkhid":"1906","curkhfl":"","order":{"col":"","direc":""}}
【2017-1-2 17:27:56】  订单数据查询结束！server='192.168.35.11';database=FXDB;uid=ABEASD14AD;pwd=+AuDkDew
【2017-1-2 17:27:56】  select a.sphh,sp.spmc,sum(a.djlb/abs(a.djlb)*sl) xssl
                         from zmd_v_lsdjmx a
                          inner join t_mdb md on a.mdid=md.mdid and md.ty=0  inner join yx_t_khb kh on md.khid=kh.khid and kh.ty=0  inner join yx_t_spdmb sp on a.sphh=sp.sphh 
                         where a.djlb in (1,-1,2,-2) and a.djbs=1  and kh.ccid+'-' like @khid and a.rq>=convert(datetime,@ksrq) and a.rq<convert(datetime,@jsrq) and a.khid=@mdkhid and sp.kfbh=@kfbh
                         group by a.sphh,sp.spmc
{"lx":"sphh","khid":"","mdid":"","sphh":"","lbid":"","kfbh":"20164","ksrq":"2017-01-01","jsrq":"2017-01-02","khlb":"","roleid":"2","curkhid":"1906","curkhfl":"","order":{"col":"","direc":""}}
【2017-1-2 17:28:00】  销售数据查询结束！
【2017-1-2 17:28:00】  @khid=-1-1906-%
【2017-1-2 17:28:00】  @ksrq=2017-01-01
【2017-1-2 17:28:00】  @jsrq=2017-01-02
【2017-1-2 17:28:00】  @mdkhid=1906
【2017-1-2 17:28:00】  @kfbh=20164
【2017-1-2 17:28:00】  dt_dd-rows:0 dt_ls-rows:0
【2017-1-2 17:28:16】   select sp.sphh,sp.spmc,'' zzl,'' bhl,sum(a.sl) ddsl
                            from yx_v_dddjmx a                                                            
                             inner join yx_t_spdmb sp on a.sphh=sp.sphh                                 
                            where a.djlx=201 and a.djbs=1  and a.rq>=convert(datetime,@ksrq) and a.rq<dateadd(day,1,convert(datetime,@jsrq)) and a.khid=@mdkhid and sp.kfbh=@kfbh
                            group by sp.sphh,sp.spmc order by sum(a.sl) desc
{"lx":"sphh","khid":"","mdid":"","sphh":"","lbid":"","kfbh":"20164","ksrq":"2017-01-01","jsrq":"2017-01-02","khlb":"","roleid":"2","curkhid":"1906","curkhfl":"","order":{"col":"","direc":""}}
【2017-1-2 17:28:16】  订单数据查询结束！server='192.168.35.11';database=FXDB;uid=ABEASD14AD;pwd=+AuDkDew
【2017-1-2 17:28:16】  select a.sphh,sp.spmc,sum(a.djlb/abs(a.djlb)*sl) xssl
                         from zmd_v_lsdjmx a
                          inner join t_mdb md on a.mdid=md.mdid and md.ty=0  inner join yx_t_khb kh on md.khid=kh.khid and kh.ty=0  inner join yx_t_spdmb sp on a.sphh=sp.sphh 
                         where a.djlb in (1,-1,2,-2) and a.djbs=1  and kh.ccid+'-' like @khid and a.rq>=convert(datetime,@ksrq) and a.rq<convert(datetime,@jsrq) and a.khid=@mdkhid and sp.kfbh=@kfbh
                         group by a.sphh,sp.spmc
{"lx":"sphh","khid":"","mdid":"","sphh":"","lbid":"","kfbh":"20164","ksrq":"2017-01-01","jsrq":"2017-01-02","khlb":"","roleid":"2","curkhid":"1906","curkhfl":"","order":{"col":"","direc":""}}
【2017-1-2 17:28:21】  销售数据查询结束！
【2017-1-2 17:28:21】  @khid=-1-1906-%
【2017-1-2 17:28:21】  @ksrq=2017-01-01
【2017-1-2 17:28:21】  @jsrq=2017-01-02
【2017-1-2 17:28:21】  @mdkhid=1906
【2017-1-2 17:28:21】  @kfbh=20164
【2017-1-2 17:28:21】  dt_dd-rows:0 dt_ls-rows:0
【2017-1-2 17:29:24】   select sp.sphh,sp.spmc,'' zzl,'' bhl,sum(a.sl) ddsl
                            from yx_v_dddjmx a                                                            
                             inner join yx_t_spdmb sp on a.sphh=sp.sphh                                 
                            where a.djlx=201 and a.djbs=1  and a.rq>=convert(datetime,@ksrq) and a.rq<dateadd(day,1,convert(datetime,@jsrq)) and a.khid=@mdkhid and sp.kfbh=@kfbh
                            group by sp.sphh,sp.spmc order by sum(a.sl) desc
{"lx":"sphh","khid":"","mdid":"","sphh":"","lbid":"","kfbh":"20164","ksrq":"2017-01-01","jsrq":"2017-01-02","khlb":"","roleid":"2","curkhid":"1906","curkhfl":"","order":{"col":"","direc":""}}
【2017-1-2 17:29:24】  订单数据查询结束！server='192.168.35.11';database=FXDB;uid=ABEASD14AD;pwd=+AuDkDew
【2017-1-2 17:29:24】  select a.sphh,sp.spmc,sum(a.djlb/abs(a.djlb)*sl) xssl
                         from zmd_v_lsdjmx a
                          inner join t_mdb md on a.mdid=md.mdid and md.ty=0  inner join yx_t_khb kh on md.khid=kh.khid and kh.ty=0  inner join yx_t_spdmb sp on a.sphh=sp.sphh 
                         where a.djlb in (1,-1,2,-2) and a.djbs=1  and kh.ccid+'-' like @khid and a.rq>=convert(datetime,@ksrq) and a.rq<convert(datetime,@jsrq) and a.khid=@mdkhid and sp.kfbh=@kfbh
                         group by a.sphh,sp.spmc
{"lx":"sphh","khid":"","mdid":"","sphh":"","lbid":"","kfbh":"20164","ksrq":"2017-01-01","jsrq":"2017-01-02","khlb":"","roleid":"2","curkhid":"1906","curkhfl":"","order":{"col":"","direc":""}}
【2017-1-2 17:29:28】  销售数据查询结束！
【2017-1-2 17:29:28】  @khid=-1-1906-%
【2017-1-2 17:29:28】  @ksrq=2017-01-01
【2017-1-2 17:29:28】  @jsrq=2017-01-02
【2017-1-2 17:29:28】  @mdkhid=1906
【2017-1-2 17:29:28】  @kfbh=20164
【2017-1-2 17:29:28】  dt_dd-rows:0 dt_ls-rows:0
【2017-1-2 17:29:28】   select sp.sphh,sp.spmc,'' zzl,'' bhl,sum(a.sl) ddsl
                            from yx_v_dddjmx a                                                            
                             inner join yx_t_spdmb sp on a.sphh=sp.sphh                                 
                            where a.djlx=201 and a.djbs=1  and a.rq>=convert(datetime,@ksrq) and a.rq<dateadd(day,1,convert(datetime,@jsrq)) and a.khid=@mdkhid and sp.kfbh=@kfbh
                            group by sp.sphh,sp.spmc order by sum(a.sl) desc
{"lx":"sphh","khid":"","mdid":"","sphh":"","lbid":"","kfbh":"20164","ksrq":"2017-01-01","jsrq":"2017-01-02","khlb":"","roleid":"2","curkhid":"1906","curkhfl":"","order":{"col":"","direc":""}}
【2017-1-2 17:29:28】  订单数据查询结束！server='192.168.35.11';database=FXDB;uid=ABEASD14AD;pwd=+AuDkDew
【2017-1-2 17:29:28】  select a.sphh,sp.spmc,sum(a.djlb/abs(a.djlb)*sl) xssl
                         from zmd_v_lsdjmx a
                          inner join t_mdb md on a.mdid=md.mdid and md.ty=0  inner join yx_t_khb kh on md.khid=kh.khid and kh.ty=0  inner join yx_t_spdmb sp on a.sphh=sp.sphh 
                         where a.djlb in (1,-1,2,-2) and a.djbs=1  and kh.ccid+'-' like @khid and a.rq>=convert(datetime,@ksrq) and a.rq<convert(datetime,@jsrq) and a.khid=@mdkhid and sp.kfbh=@kfbh
                         group by a.sphh,sp.spmc
{"lx":"sphh","khid":"","mdid":"","sphh":"","lbid":"","kfbh":"20164","ksrq":"2017-01-01","jsrq":"2017-01-02","khlb":"","roleid":"2","curkhid":"1906","curkhfl":"","order":{"col":"","direc":""}}
【2017-1-2 17:29:31】  销售数据查询结束！
【2017-1-2 17:29:31】  @khid=-1-1906-%
【2017-1-2 17:29:31】  @ksrq=2017-01-01
【2017-1-2 17:29:31】  @jsrq=2017-01-02
【2017-1-2 17:29:31】  @mdkhid=1906
【2017-1-2 17:29:31】  @kfbh=20164
【2017-1-2 17:29:31】  dt_dd-rows:0 dt_ls-rows:0
【2017-1-2 17:29:36】   select sp.sphh,sp.spmc,'' zzl,'' bhl,sum(a.sl) ddsl
                            from yx_v_dddjmx a                                                            
                             inner join yx_t_spdmb sp on a.sphh=sp.sphh                                 
                            where a.djlx=201 and a.djbs=1  and a.rq>=convert(datetime,@ksrq) and a.rq<dateadd(day,1,convert(datetime,@jsrq)) and a.khid=@mdkhid and sp.kfbh=@kfbh
                            group by sp.sphh,sp.spmc order by sum(a.sl) desc
{"lx":"sphh","khid":"","mdid":"","sphh":"","lbid":"","kfbh":"20164","ksrq":"2017-01-01","jsrq":"2017-01-02","khlb":"","roleid":"2","curkhid":"1906","curkhfl":"","order":{"col":"","direc":""}}
【2017-1-2 17:29:36】  订单数据查询结束！server='192.168.35.11';database=FXDB;uid=ABEASD14AD;pwd=+AuDkDew
【2017-1-2 17:29:36】  select a.sphh,sp.spmc,sum(a.djlb/abs(a.djlb)*sl) xssl
                         from zmd_v_lsdjmx a
                          inner join t_mdb md on a.mdid=md.mdid and md.ty=0  inner join yx_t_khb kh on md.khid=kh.khid and kh.ty=0  inner join yx_t_spdmb sp on a.sphh=sp.sphh 
                         where a.djlb in (1,-1,2,-2) and a.djbs=1  and kh.ccid+'-' like @khid and a.rq>=convert(datetime,@ksrq) and a.rq<convert(datetime,@jsrq) and a.khid=@mdkhid and sp.kfbh=@kfbh
                         group by a.sphh,sp.spmc
{"lx":"sphh","khid":"","mdid":"","sphh":"","lbid":"","kfbh":"20164","ksrq":"2017-01-01","jsrq":"2017-01-02","khlb":"","roleid":"2","curkhid":"1906","curkhfl":"","order":{"col":"","direc":""}}
【2017-1-2 17:29:42】  销售数据查询结束！
【2017-1-2 17:29:42】  @khid=-1-1906-%
【2017-1-2 17:29:42】  @ksrq=2017-01-01
【2017-1-2 17:29:42】  @jsrq=2017-01-02
【2017-1-2 17:29:42】  @mdkhid=1906
【2017-1-2 17:29:42】  @kfbh=20164
【2017-1-2 17:29:42】  dt_dd-rows:0 dt_ls-rows:0
【2017-1-2 17:31:11】   select sp.sphh,sp.spmc,'' zzl,'' bhl,sum(a.sl) ddsl
                            from yx_v_dddjmx a                                                            
                             inner join yx_t_spdmb sp on a.sphh=sp.sphh                                 
                            where a.djlx=201 and a.djbs=1  and a.khid=@mdkhid and sp.kfbh=@kfbh
                            group by sp.sphh,sp.spmc order by sum(a.sl) desc
{"lx":"sphh","khid":"","mdid":"","sphh":"","lbid":"","kfbh":"20164","ksrq":"","jsrq":"","khlb":"","roleid":"2","curkhid":"1906","curkhfl":"","order":{"col":"","direc":""}}
【2017-1-2 17:31:12】  订单数据查询结束！server='192.168.35.11';database=FXDB;uid=ABEASD14AD;pwd=+AuDkDew
【2017-1-2 17:31:12】  select a.sphh,sp.spmc,sum(a.djlb/abs(a.djlb)*sl) xssl
                         from zmd_v_lsdjmx a
                          inner join t_mdb md on a.mdid=md.mdid and md.ty=0  inner join yx_t_khb kh on md.khid=kh.khid and kh.ty=0  inner join yx_t_spdmb sp on a.sphh=sp.sphh 
                         where a.djlb in (1,-1,2,-2) and a.djbs=1  and kh.ccid+'-' like @khid and a.khid=@mdkhid and sp.kfbh=@kfbh
                         group by a.sphh,sp.spmc
{"lx":"sphh","khid":"","mdid":"","sphh":"","lbid":"","kfbh":"20164","ksrq":"","jsrq":"","khlb":"","roleid":"2","curkhid":"1906","curkhfl":"","order":{"col":"","direc":""}}
【2017-1-2 17:31:14】  销售数据查询结束！
【2017-1-2 17:31:14】  @khid=-1-1906-%
【2017-1-2 17:31:14】  @mdkhid=1906
【2017-1-2 17:31:14】  @kfbh=20164
【2017-1-2 17:31:14】  dt_dd-rows:220 dt_ls-rows:0
【2017-1-2 17:32:03】   select sp.sphh,sp.spmc,'' zzl,'' bhl,sum(a.sl) ddsl
                            from yx_v_dddjmx a                                                            
                             inner join yx_t_spdmb sp on a.sphh=sp.sphh                                 
                            where a.djlx=201 and a.djbs=1  and a.khid=@mdkhid and sp.kfbh=@kfbh
                            group by sp.sphh,sp.spmc order by sum(a.sl) desc
{"lx":"sphh","khid":"","mdid":"","sphh":"","lbid":"","kfbh":"20164","ksrq":"","jsrq":"","khlb":"","roleid":"2","curkhid":"1906","curkhfl":"","order":{"col":"","direc":""}}
【2017-1-2 17:32:04】  订单数据查询结束！server='192.168.35.11';database=FXDB;uid=ABEASD14AD;pwd=+AuDkDew
【2017-1-2 17:32:04】  select a.sphh,sp.spmc,sum(a.djlb/abs(a.djlb)*sl) xssl
                         from zmd_v_lsdjmx a
                          inner join t_mdb md on a.mdid=md.mdid and md.ty=0  inner join yx_t_khb kh on md.khid=kh.khid and kh.ty=0  inner join yx_t_spdmb sp on a.sphh=sp.sphh 
                         where a.djlb in (1,-1,2,-2) and a.djbs=1  and kh.ccid+'-' like @khid and a.khid=@mdkhid and sp.kfbh=@kfbh
                         group by a.sphh,sp.spmc
{"lx":"sphh","khid":"","mdid":"","sphh":"","lbid":"","kfbh":"20164","ksrq":"","jsrq":"","khlb":"","roleid":"2","curkhid":"1906","curkhfl":"","order":{"col":"","direc":""}}
【2017-1-2 17:32:11】  销售数据查询结束！
【2017-1-2 17:32:11】  @khid=-1-1906-%
【2017-1-2 17:32:11】  @mdkhid=1906
【2017-1-2 17:32:11】  @kfbh=20164
【2017-1-2 17:32:11】  dt_dd-rows:220 dt_ls-rows:0
【2017-1-2 17:32:12】   select sp.sphh,sp.spmc,'' zzl,'' bhl,sum(a.sl) ddsl
                            from yx_v_dddjmx a                                                            
                             inner join yx_t_spdmb sp on a.sphh=sp.sphh                                 
                            where a.djlx=201 and a.djbs=1  and a.khid=@mdkhid and sp.kfbh=@kfbh
                            group by sp.sphh,sp.spmc order by sum(a.sl) desc
{"lx":"sphh","khid":"","mdid":"","sphh":"","lbid":"","kfbh":"20164","ksrq":"","jsrq":"","khlb":"","roleid":"2","curkhid":"1906","curkhfl":"","order":{"col":"","direc":""}}
【2017-1-2 17:32:13】  订单数据查询结束！server='192.168.35.11';database=FXDB;uid=ABEASD14AD;pwd=+AuDkDew
【2017-1-2 17:32:13】  select a.sphh,sp.spmc,sum(a.djlb/abs(a.djlb)*sl) xssl
                         from zmd_v_lsdjmx a
                          inner join t_mdb md on a.mdid=md.mdid and md.ty=0  inner join yx_t_khb kh on md.khid=kh.khid and kh.ty=0  inner join yx_t_spdmb sp on a.sphh=sp.sphh 
                         where a.djlb in (1,-1,2,-2) and a.djbs=1  and kh.ccid+'-' like @khid and a.khid=@mdkhid and sp.kfbh=@kfbh
                         group by a.sphh,sp.spmc
{"lx":"sphh","khid":"","mdid":"","sphh":"","lbid":"","kfbh":"20164","ksrq":"","jsrq":"","khlb":"","roleid":"2","curkhid":"1906","curkhfl":"","order":{"col":"","direc":""}}
【2017-1-2 17:32:19】  销售数据查询结束！
【2017-1-2 17:32:19】  @khid=-1-1906-%
【2017-1-2 17:32:19】  @mdkhid=1906
【2017-1-2 17:32:19】  @kfbh=20164
【2017-1-2 17:32:19】  dt_dd-rows:220 dt_ls-rows:0
【2017-1-2 17:32:23】   select sp.sphh,sp.spmc,'' zzl,'' bhl,sum(a.sl) ddsl
                            from yx_v_dddjmx a                                                            
                             inner join yx_t_spdmb sp on a.sphh=sp.sphh                                 
                            where a.djlx=201 and a.djbs=1  and a.khid=@mdkhid and sp.kfbh=@kfbh
                            group by sp.sphh,sp.spmc order by sum(a.sl) desc
{"lx":"sphh","khid":"","mdid":"","sphh":"","lbid":"","kfbh":"20164","ksrq":"","jsrq":"","khlb":"","roleid":"2","curkhid":"1906","curkhfl":"","order":{"col":"","direc":""}}
【2017-1-2 17:32:24】  订单数据查询结束！server='192.168.35.11';database=FXDB;uid=ABEASD14AD;pwd=+AuDkDew
【2017-1-2 17:32:24】  select a.sphh,sp.spmc,sum(a.djlb/abs(a.djlb)*sl) xssl
                         from zmd_v_lsdjmx a
                          inner join t_mdb md on a.mdid=md.mdid and md.ty=0  inner join yx_t_khb kh on md.khid=kh.khid and kh.ty=0  inner join yx_t_spdmb sp on a.sphh=sp.sphh 
                         where a.djlb in (1,-1,2,-2) and a.djbs=1  and kh.ccid+'-' like @khid and a.khid=@mdkhid and sp.kfbh=@kfbh
                         group by a.sphh,sp.spmc
{"lx":"sphh","khid":"","mdid":"","sphh":"","lbid":"","kfbh":"20164","ksrq":"","jsrq":"","khlb":"","roleid":"2","curkhid":"1906","curkhfl":"","order":{"col":"","direc":""}}
【2017-1-2 17:32:30】  销售数据查询结束！
【2017-1-2 17:32:30】  @khid=-1-1906-%
【2017-1-2 17:32:30】  @mdkhid=1906
【2017-1-2 17:32:30】  @kfbh=20164
【2017-1-2 17:32:30】  dt_dd-rows:220 dt_ls-rows:0
