【2017-3-16 14:18:22】  订单数据查询结束！server='192.168.35.10';database=tlsoft;uid=ABEASD14AD;pwd=+AuDkDew
【2017-3-16 14:18:22】  select a.sphh,sp.spmc,sum(a.djlb/abs(a.djlb)*sl) xssl
                         from zmd_v_lsdjmx a
                          inner join yx_t_spdmb sp on a.sphh=sp.sphh 
                         where a.djlb in (1,-1,2,-2) and a.djbs=1  and sp.kfbh=@kfbh
                         group by a.sphh,sp.spmc
{"lx":"sphh","khid":"","mdid":"","sphh":"","lbid":"","kfbh":"20171","ksrq":"","jsrq":"","khlb":"","zmdfl":"","roleid":"99","curkhid":"","curkhfl":"","order":{"col":"","direc":""}}
【2017-3-16 14:18:26】  销售数据查询结束！
【2017-3-16 14:18:26】  @kfbh=20171
【2017-3-16 14:18:50】  订单数据查询结束！server='192.168.35.10';database=tlsoft;uid=ABEASD14AD;pwd=+AuDkDew
【2017-3-16 14:18:50】  select substring(a.ccid0,0,charindex('-',a.ccid0)) khid,upper(kh.khdm) khdm,kh.khmc,kh.khfl,sum(a.sl) xssl
                         from (
                           select a.khid,replace(gx.ccid,'-1-','')+'-' ccid0,a.djlb/abs(a.djlb)*sl sl
                           from zmd_v_lsdjmx a                                                     
                            inner join t_mdb md on a.mdid=md.mdid and md.ty=0  inner join yx_t_khgxb gx on md.khid=gx.gxid and gx.ty=0 and a.rq>=convert(datetime,gx.ksny+'01') and a.rq<dateadd(month,1,convert(datetime,gx.jsny+'01'))  inner join yx_t_spdmb sp on a.sphh=sp.sphh 
                           where a.djlb in (1,-1,2,-2) and a.djbs=1  and sp.kfbh=@kfbh
                           ) a
                         inner join yx_t_khb kh on kh.khid=substring(a.ccid0,0,charindex('-',a.ccid0)) 
                         group by substring(a.ccid0,0,charindex('-',a.ccid0)),kh.khdm,kh.khmc,kh.khfl
{"lx":"kh","khid":"","mdid":"","sphh":"","lbid":"","kfbh":"20171","ksrq":"","jsrq":"","khlb":"","zmdfl":"","roleid":"99","curkhid":"","curkhfl":"","order":{"col":"","direc":""}}
【2017-3-16 14:18:54】  销售数据查询结束！
【2017-3-16 14:18:54】  @kfbh=20171
【2017-3-16 14:18:58】  订单数据查询结束！server='192.168.35.10';database=tlsoft;uid=ABEASD14AD;pwd=+AuDkDew
【2017-3-16 14:18:58】  select substring(a.ccid0,0,charindex('-',a.ccid0)) khid,upper(kh.khdm) khdm,kh.khmc,kh.khfl,sum(a.sl) xssl
                         from (
                           select a.khid,replace(gx.ccid,'-1-','')+'-' ccid0,a.djlb/abs(a.djlb)*sl sl
                           from zmd_v_lsdjmx a                                                     
                            inner join t_mdb md on a.mdid=md.mdid and md.ty=0  inner join yx_t_khgxb gx on md.khid=gx.gxid and gx.ty=0 and a.rq>=convert(datetime,gx.ksny+'01') and a.rq<dateadd(month,1,convert(datetime,gx.jsny+'01'))  inner join yx_t_spdmb sp on a.sphh=sp.sphh 
                           where a.djlb in (1,-1,2,-2) and a.djbs=1  and sp.kfbh=@kfbh and kh.khfl=@zmdfl 
                           ) a
                         inner join yx_t_khb kh on kh.khid=substring(a.ccid0,0,charindex('-',a.ccid0)) 
                         group by substring(a.ccid0,0,charindex('-',a.ccid0)),kh.khdm,kh.khmc,kh.khfl
{"lx":"kh","khid":"","mdid":"","sphh":"","lbid":"","kfbh":"20161","ksrq":"","jsrq":"","khlb":"","zmdfl":"xz","roleid":"99","curkhid":"","curkhfl":"","order":{"col":"","direc":""}}
【2017-3-16 14:18:58】  销售数据查询结束！
【2017-3-16 14:18:58】  @kfbh=20161
【2017-3-16 14:18:58】  @zmdfl=xz
【2017-3-16 14:18:58】  【数据库操作错误】无法绑定由多个部分组成的标识符 "kh.khfl"。
