【2017-1-18 10:30:48】  select sp.sphh,sp.spmc,sum(a.sl) ddsl into #zb
                            from yx_v_dddjmx a                            
                             inner join yx_t_spdmb sp on a.sphh=sp.sphh                                 
                            where a.tzid=1 and a.djlx=201 and a.djbs=1 
                            group by sp.sphh,sp.spmc order by sum(a.sl) desc;
                            --备货量与周转量
                            select distinct sphh into #sphh from #zb;
                            select a.sphh,isnull(a.tcl,0) tcl,c.bhl,isnull(a.tcl,0)-isnull(b.ddsl,0) zzl into #zzbh
                            from #sphh s
                            left join (
                              --统筹计划量
                              select a.sphh,sum(b.sl0) tcl 
                              from #sphh s inner join yx_t_tcjhb a on s.sphh=a.sphh
                              inner join yx_t_tcjhcmmx b on a.id=b.id
                              where a.tzid=1 and a.shbs=1 group by a.sphh
                            ) a on s.sphh=a.sphh
                              --订单数量
                            left join (
                              select a.sphh,sum(a.sl) ddsl  
                              from #sphh s inner join yx_v_dddjmx a on a.sphh=s.sphh
                              where a.djlx=201 and a.djbs=1 group by a.sphh
                            ) b on a.sphh=b.sphh
                            left join (
                              --备货库存
                              select a.sphh,sum(a.sl0-a.dbdf0-a.qtdf0) bhl 
                              from #sphh s inner join YX_T_Spkccmmx a on a.sphh=s.sphh
                              where a.tzid=1 and a.ckid not in (9325,6671,7013) group by a.sphh
                            ) c on a.sphh=c.sphh
                            
                            select a.*,b.zzl,b.bhl from #zb a left join #zzbh b on a.sphh=b.sphh

                            drop table #zb;drop table #sphh;drop table #zzbh;
{"lx":"sphh","khid":"","mdid":"","sphh":"","lbid":"","kfbh":"","ksrq":"","jsrq":"","khlb":"","roleid":"99","curkhid":"","curkhfl":"","order":{"col":"","direc":""}}
【2017-1-18 10:31:05】  订单数据查询结束！server='192.168.35.10';database=tlsoft;uid=ABEASD14AD;pwd=+AuDkDew
【2017-1-18 10:31:05】  select a.sphh,sp.spmc,sum(a.djlb/abs(a.djlb)*sl) xssl
                         from zmd_v_lsdjmx a
                          inner join yx_t_spdmb sp on a.sphh=sp.sphh 
                         where a.djlb in (1,-1,2,-2) and a.djbs=1 
                         group by a.sphh,sp.spmc
{"lx":"sphh","khid":"","mdid":"","sphh":"","lbid":"","kfbh":"","ksrq":"","jsrq":"","khlb":"","roleid":"99","curkhid":"","curkhfl":"","order":{"col":"","direc":""}}
【2017-1-18 10:31:25】  销售数据查询结束！
【2017-1-18 10:31:25】  dt_dd-rows:68020 dt_ls-rows:55593
【2017-1-18 10:31:29】  select sp.sphh,sp.spmc,sum(a.sl) ddsl into #zb
                            from yx_v_dddjmx a                            
                             inner join yx_t_spdmb sp on a.sphh=sp.sphh                                 
                            where a.tzid=1 and a.djlx=201 and a.djbs=1  and sp.kfbh=@kfbh
                            group by sp.sphh,sp.spmc order by sum(a.sl) desc;
                            --备货量与周转量
                            select distinct sphh into #sphh from #zb;
                            select a.sphh,isnull(a.tcl,0) tcl,c.bhl,isnull(a.tcl,0)-isnull(b.ddsl,0) zzl into #zzbh
                            from #sphh s
                            left join (
                              --统筹计划量
                              select a.sphh,sum(b.sl0) tcl 
                              from #sphh s inner join yx_t_tcjhb a on s.sphh=a.sphh
                              inner join yx_t_tcjhcmmx b on a.id=b.id
                              where a.tzid=1 and a.shbs=1 group by a.sphh
                            ) a on s.sphh=a.sphh
                              --订单数量
                            left join (
                              select a.sphh,sum(a.sl) ddsl  
                              from #sphh s inner join yx_v_dddjmx a on a.sphh=s.sphh
                              where a.djlx=201 and a.djbs=1 group by a.sphh
                            ) b on a.sphh=b.sphh
                            left join (
                              --备货库存
                              select a.sphh,sum(a.sl0-a.dbdf0-a.qtdf0) bhl 
                              from #sphh s inner join YX_T_Spkccmmx a on a.sphh=s.sphh
                              where a.tzid=1 and a.ckid not in (9325,6671,7013) group by a.sphh
                            ) c on a.sphh=c.sphh
                            
                            select a.*,b.zzl,b.bhl from #zb a left join #zzbh b on a.sphh=b.sphh

                            drop table #zb;drop table #sphh;drop table #zzbh;
{"lx":"sphh","khid":"","mdid":"","sphh":"","lbid":"","kfbh":"20161","ksrq":"","jsrq":"","khlb":"xz-xz","roleid":"99","curkhid":"","curkhfl":"","order":{"col":"","direc":""}}
【2017-1-18 10:31:32】  订单数据查询结束！server='192.168.35.10';database=tlsoft;uid=ABEASD14AD;pwd=+AuDkDew
【2017-1-18 10:31:32】  select a.sphh,sp.spmc,sum(a.djlb/abs(a.djlb)*sl) xssl
                         from zmd_v_lsdjmx a
                          inner join yx_t_spdmb sp on a.sphh=sp.sphh 
                         where a.djlb in (1,-1,2,-2) and a.djbs=1  and sp.kfbh=@kfbh
                         group by a.sphh,sp.spmc
{"lx":"sphh","khid":"","mdid":"","sphh":"","lbid":"","kfbh":"20161","ksrq":"","jsrq":"","khlb":"xz-xz","roleid":"99","curkhid":"","curkhfl":"","order":{"col":"","direc":""}}
【2017-1-18 10:31:36】  销售数据查询结束！
【2017-1-18 10:31:36】  @kfbh=20161
【2017-1-18 10:31:36】  dt_dd-rows:809 dt_ls-rows:777
【2017-1-18 10:32:02】  select sp.sphh,sp.spmc,sum(a.sl) ddsl into #zb
                            from yx_v_dddjmx a                            
                             inner join yx_t_spdmb sp on a.sphh=sp.sphh                                 
                            where a.tzid=1 and a.djlx=201 and a.djbs=1 
                            group by sp.sphh,sp.spmc order by sum(a.sl) desc;
                            --备货量与周转量
                            select distinct sphh into #sphh from #zb;
                            select a.sphh,isnull(a.tcl,0) tcl,c.bhl,isnull(a.tcl,0)-isnull(b.ddsl,0) zzl into #zzbh
                            from #sphh s
                            left join (
                              --统筹计划量
                              select a.sphh,sum(b.sl0) tcl 
                              from #sphh s inner join yx_t_tcjhb a on s.sphh=a.sphh
                              inner join yx_t_tcjhcmmx b on a.id=b.id
                              where a.tzid=1 and a.shbs=1 group by a.sphh
                            ) a on s.sphh=a.sphh
                              --订单数量
                            left join (
                              select a.sphh,sum(a.sl) ddsl  
                              from #sphh s inner join yx_v_dddjmx a on a.sphh=s.sphh
                              where a.djlx=201 and a.djbs=1 group by a.sphh
                            ) b on a.sphh=b.sphh
                            left join (
                              --备货库存
                              select a.sphh,sum(a.sl0-a.dbdf0-a.qtdf0) bhl 
                              from #sphh s inner join YX_T_Spkccmmx a on a.sphh=s.sphh
                              where a.tzid=1 and a.ckid not in (9325,6671,7013) group by a.sphh
                            ) c on a.sphh=c.sphh
                            
                            select a.*,b.zzl,b.bhl from #zb a left join #zzbh b on a.sphh=b.sphh

                            drop table #zb;drop table #sphh;drop table #zzbh;
{"lx":"sphh","khid":"","mdid":"","sphh":"","lbid":"","kfbh":"","ksrq":"","jsrq":"","khlb":"","roleid":"99","curkhid":"","curkhfl":"","order":{"col":"","direc":""}}
【2017-1-18 10:32:15】  select sp.sphh,sp.spmc,sum(a.sl) ddsl into #zb
                            from yx_v_dddjmx a                            
                             inner join yx_t_spdmb sp on a.sphh=sp.sphh                                 
                            where a.tzid=1 and a.djlx=201 and a.djbs=1  and sp.kfbh=@kfbh
                            group by sp.sphh,sp.spmc order by sum(a.sl) desc;
                            --备货量与周转量
                            select distinct sphh into #sphh from #zb;
                            select a.sphh,isnull(a.tcl,0) tcl,c.bhl,isnull(a.tcl,0)-isnull(b.ddsl,0) zzl into #zzbh
                            from #sphh s
                            left join (
                              --统筹计划量
                              select a.sphh,sum(b.sl0) tcl 
                              from #sphh s inner join yx_t_tcjhb a on s.sphh=a.sphh
                              inner join yx_t_tcjhcmmx b on a.id=b.id
                              where a.tzid=1 and a.shbs=1 group by a.sphh
                            ) a on s.sphh=a.sphh
                              --订单数量
                            left join (
                              select a.sphh,sum(a.sl) ddsl  
                              from #sphh s inner join yx_v_dddjmx a on a.sphh=s.sphh
                              where a.djlx=201 and a.djbs=1 group by a.sphh
                            ) b on a.sphh=b.sphh
                            left join (
                              --备货库存
                              select a.sphh,sum(a.sl0-a.dbdf0-a.qtdf0) bhl 
                              from #sphh s inner join YX_T_Spkccmmx a on a.sphh=s.sphh
                              where a.tzid=1 and a.ckid not in (9325,6671,7013) group by a.sphh
                            ) c on a.sphh=c.sphh
                            
                            select a.*,b.zzl,b.bhl from #zb a left join #zzbh b on a.sphh=b.sphh

                            drop table #zb;drop table #sphh;drop table #zzbh;
{"lx":"sphh","khid":"","mdid":"","sphh":"","lbid":"","kfbh":"20161","ksrq":"","jsrq":"","khlb":"xz-xj","roleid":"99","curkhid":"","curkhfl":"","order":{"col":"","direc":""}}
【2017-1-18 10:32:17】  订单数据查询结束！server='192.168.35.10';database=tlsoft;uid=ABEASD14AD;pwd=+AuDkDew
【2017-1-18 10:32:17】  select a.sphh,sp.spmc,sum(a.djlb/abs(a.djlb)*sl) xssl
                         from zmd_v_lsdjmx a
                          inner join yx_t_spdmb sp on a.sphh=sp.sphh 
                         where a.djlb in (1,-1,2,-2) and a.djbs=1  and sp.kfbh=@kfbh
                         group by a.sphh,sp.spmc
{"lx":"sphh","khid":"","mdid":"","sphh":"","lbid":"","kfbh":"20161","ksrq":"","jsrq":"","khlb":"xz-xj","roleid":"99","curkhid":"","curkhfl":"","order":{"col":"","direc":""}}
【2017-1-18 10:32:17】  订单数据查询结束！server='192.168.35.10';database=tlsoft;uid=ABEASD14AD;pwd=+AuDkDew
【2017-1-18 10:32:17】  select a.sphh,sp.spmc,sum(a.djlb/abs(a.djlb)*sl) xssl
                         from zmd_v_lsdjmx a
                          inner join yx_t_spdmb sp on a.sphh=sp.sphh 
                         where a.djlb in (1,-1,2,-2) and a.djbs=1 
                         group by a.sphh,sp.spmc
{"lx":"sphh","khid":"","mdid":"","sphh":"","lbid":"","kfbh":"","ksrq":"","jsrq":"","khlb":"","roleid":"99","curkhid":"","curkhfl":"","order":{"col":"","direc":""}}
【2017-1-18 10:32:23】  销售数据查询结束！
【2017-1-18 10:32:23】  @kfbh=20161
【2017-1-18 10:32:23】  dt_dd-rows:809 dt_ls-rows:777
【2017-1-18 10:32:48】  销售数据查询结束！
【2017-1-18 10:32:48】  dt_dd-rows:68020 dt_ls-rows:55593
【2017-1-18 10:32:52】  select sp.sphh,sp.spmc,sum(a.sl) ddsl into #zb
                            from yx_v_dddjmx a                            
                             inner join yx_t_spdmb sp on a.sphh=sp.sphh                                 
                            where a.tzid=1 and a.djlx=201 and a.djbs=1  and sp.kfbh=@kfbh
                            group by sp.sphh,sp.spmc order by sum(a.sl) desc;
                            --备货量与周转量
                            select distinct sphh into #sphh from #zb;
                            select a.sphh,isnull(a.tcl,0) tcl,c.bhl,isnull(a.tcl,0)-isnull(b.ddsl,0) zzl into #zzbh
                            from #sphh s
                            left join (
                              --统筹计划量
                              select a.sphh,sum(b.sl0) tcl 
                              from #sphh s inner join yx_t_tcjhb a on s.sphh=a.sphh
                              inner join yx_t_tcjhcmmx b on a.id=b.id
                              where a.tzid=1 and a.shbs=1 group by a.sphh
                            ) a on s.sphh=a.sphh
                              --订单数量
                            left join (
                              select a.sphh,sum(a.sl) ddsl  
                              from #sphh s inner join yx_v_dddjmx a on a.sphh=s.sphh
                              where a.djlx=201 and a.djbs=1 group by a.sphh
                            ) b on a.sphh=b.sphh
                            left join (
                              --备货库存
                              select a.sphh,sum(a.sl0-a.dbdf0-a.qtdf0) bhl 
                              from #sphh s inner join YX_T_Spkccmmx a on a.sphh=s.sphh
                              where a.tzid=1 and a.ckid not in (9325,6671,7013) group by a.sphh
                            ) c on a.sphh=c.sphh
                            
                            select a.*,b.zzl,b.bhl from #zb a left join #zzbh b on a.sphh=b.sphh

                            drop table #zb;drop table #sphh;drop table #zzbh;
{"lx":"sphh","khid":"","mdid":"","sphh":"","lbid":"","kfbh":"20154","ksrq":"","jsrq":"","khlb":"xz-xj","roleid":"99","curkhid":"","curkhfl":"","order":{"col":"","direc":""}}
【2017-1-18 10:32:54】  订单数据查询结束！server='192.168.35.10';database=tlsoft;uid=ABEASD14AD;pwd=+AuDkDew
【2017-1-18 10:32:54】  select a.sphh,sp.spmc,sum(a.djlb/abs(a.djlb)*sl) xssl
                         from zmd_v_lsdjmx a
                          inner join yx_t_spdmb sp on a.sphh=sp.sphh 
                         where a.djlb in (1,-1,2,-2) and a.djbs=1  and sp.kfbh=@kfbh
                         group by a.sphh,sp.spmc
{"lx":"sphh","khid":"","mdid":"","sphh":"","lbid":"","kfbh":"20154","ksrq":"","jsrq":"","khlb":"xz-xj","roleid":"99","curkhid":"","curkhfl":"","order":{"col":"","direc":""}}
【2017-1-18 10:32:59】  销售数据查询结束！
【2017-1-18 10:32:59】  @kfbh=20154
【2017-1-18 10:32:59】  dt_dd-rows:1924 dt_ls-rows:1874
【2017-1-18 10:37:23】  select sp.sphh,sp.spmc,sum(a.sl) ddsl into #zb
                            from yx_v_dddjmx a                            
                             inner join yx_t_spdmb sp on a.sphh=sp.sphh                                 
                            where a.tzid=1 and a.djlx=201 and a.djbs=1  and sp.kfbh=@kfbh
                            group by sp.sphh,sp.spmc order by sum(a.sl) desc;
                            --备货量与周转量
                            select distinct sphh into #sphh from #zb;
                            select a.sphh,isnull(a.tcl,0) tcl,c.bhl,isnull(a.tcl,0)-isnull(b.ddsl,0) zzl into #zzbh
                            from #sphh s
                            left join (
                              --统筹计划量
                              select a.sphh,sum(b.sl0) tcl 
                              from #sphh s inner join yx_t_tcjhb a on s.sphh=a.sphh
                              inner join yx_t_tcjhcmmx b on a.id=b.id
                              where a.tzid=1 and a.shbs=1 group by a.sphh
                            ) a on s.sphh=a.sphh
                              --订单数量
                            left join (
                              select a.sphh,sum(a.sl) ddsl  
                              from #sphh s inner join yx_v_dddjmx a on a.sphh=s.sphh
                              where a.djlx=201 and a.djbs=1 group by a.sphh
                            ) b on a.sphh=b.sphh
                            left join (
                              --备货库存
                              select a.sphh,sum(a.sl0-a.dbdf0-a.qtdf0) bhl 
                              from #sphh s inner join YX_T_Spkccmmx a on a.sphh=s.sphh
                              where a.tzid=1 and a.ckid not in (9325,6671,7013) group by a.sphh
                            ) c on a.sphh=c.sphh
                            
                            select a.*,b.zzl,b.bhl from #zb a left join #zzbh b on a.sphh=b.sphh

                            drop table #zb;drop table #sphh;drop table #zzbh;
{"lx":"sphh","khid":"","mdid":"","sphh":"","lbid":"","kfbh":"20161","ksrq":"","jsrq":"","khlb":"","roleid":"99","curkhid":"","curkhfl":"","order":{"col":"","direc":""}}
【2017-1-18 10:37:25】  订单数据查询结束！server='192.168.35.10';database=tlsoft;uid=ABEASD14AD;pwd=+AuDkDew
【2017-1-18 10:37:25】  select a.sphh,sp.spmc,sum(a.djlb/abs(a.djlb)*sl) xssl
                         from zmd_v_lsdjmx a
                          inner join yx_t_spdmb sp on a.sphh=sp.sphh 
                         where a.djlb in (1,-1,2,-2) and a.djbs=1  and sp.kfbh=@kfbh
                         group by a.sphh,sp.spmc
{"lx":"sphh","khid":"","mdid":"","sphh":"","lbid":"","kfbh":"20161","ksrq":"","jsrq":"","khlb":"","roleid":"99","curkhid":"","curkhfl":"","order":{"col":"","direc":""}}
【2017-1-18 10:37:29】  销售数据查询结束！
【2017-1-18 10:37:29】  @kfbh=20161
【2017-1-18 10:37:29】  dt_dd-rows:809 dt_ls-rows:777
【2017-1-18 10:42:02】  select sp.sphh,sp.spmc,sum(a.sl) ddsl into #zb
                            from yx_v_dddjmx a                            
                             inner join yx_t_spdmb sp on a.sphh=sp.sphh                                 
                            where a.tzid=1 and a.djlx=201 and a.djbs=1  and sp.kfbh=@kfbh
                            group by sp.sphh,sp.spmc order by sum(a.sl) desc;
                            --备货量与周转量
                            select distinct sphh into #sphh from #zb;
                            select a.sphh,isnull(a.tcl,0) tcl,c.bhl,isnull(a.tcl,0)-isnull(b.ddsl,0) zzl into #zzbh
                            from #sphh s
                            left join (
                              --统筹计划量
                              select a.sphh,sum(b.sl0) tcl 
                              from #sphh s inner join yx_t_tcjhb a on s.sphh=a.sphh
                              inner join yx_t_tcjhcmmx b on a.id=b.id
                              where a.tzid=1 and a.shbs=1 group by a.sphh
                            ) a on s.sphh=a.sphh
                              --订单数量
                            left join (
                              select a.sphh,sum(a.sl) ddsl  
                              from #sphh s inner join yx_v_dddjmx a on a.sphh=s.sphh
                              where a.djlx=201 and a.djbs=1 group by a.sphh
                            ) b on a.sphh=b.sphh
                            left join (
                              --备货库存
                              select a.sphh,sum(a.sl0-a.dbdf0-a.qtdf0) bhl 
                              from #sphh s inner join YX_T_Spkccmmx a on a.sphh=s.sphh
                              where a.tzid=1 and a.ckid not in (9325,6671,7013) group by a.sphh
                            ) c on a.sphh=c.sphh
                            
                            select a.*,b.zzl,b.bhl from #zb a left join #zzbh b on a.sphh=b.sphh

                            drop table #zb;drop table #sphh;drop table #zzbh;
{"lx":"sphh","khid":"","mdid":"","sphh":"","lbid":"","kfbh":"20161","ksrq":"","jsrq":"","khlb":"xf-xz","roleid":"99","curkhid":"","curkhfl":"","order":{"col":"","direc":""}}
【2017-1-18 10:42:04】  订单数据查询结束！server='192.168.35.10';database=tlsoft;uid=ABEASD14AD;pwd=+AuDkDew
【2017-1-18 10:42:04】  select a.sphh,sp.spmc,sum(a.djlb/abs(a.djlb)*sl) xssl
                         from zmd_v_lsdjmx a
                          inner join yx_t_spdmb sp on a.sphh=sp.sphh 
                         where a.djlb in (1,-1,2,-2) and a.djbs=1  and sp.kfbh=@kfbh
                         group by a.sphh,sp.spmc
{"lx":"sphh","khid":"","mdid":"","sphh":"","lbid":"","kfbh":"20161","ksrq":"","jsrq":"","khlb":"xf-xz","roleid":"99","curkhid":"","curkhfl":"","order":{"col":"","direc":""}}
【2017-1-18 10:42:07】  销售数据查询结束！
【2017-1-18 10:42:07】  @kfbh=20161
【2017-1-18 10:42:07】  dt_dd-rows:809 dt_ls-rows:777
【2017-1-18 10:47:10】  select sp.sphh,sp.spmc,sum(a.sl) ddsl into #zb
                            from yx_v_dddjmx a                            
                             inner join yx_t_spdmb sp on a.sphh=sp.sphh                                 
                            where a.tzid=1 and a.djlx=201 and a.djbs=1  and sp.kfbh=@kfbh
                            group by sp.sphh,sp.spmc order by sum(a.sl) desc;
                            --备货量与周转量
                            select distinct sphh into #sphh from #zb;
                            select a.sphh,isnull(a.tcl,0) tcl,c.bhl,isnull(a.tcl,0)-isnull(b.ddsl,0) zzl into #zzbh
                            from #sphh s
                            left join (
                              --统筹计划量
                              select a.sphh,sum(b.sl0) tcl 
                              from #sphh s inner join yx_t_tcjhb a on s.sphh=a.sphh
                              inner join yx_t_tcjhcmmx b on a.id=b.id
                              where a.tzid=1 and a.shbs=1 group by a.sphh
                            ) a on s.sphh=a.sphh
                              --订单数量
                            left join (
                              select a.sphh,sum(a.sl) ddsl  
                              from #sphh s inner join yx_v_dddjmx a on a.sphh=s.sphh
                              where a.djlx=201 and a.djbs=1 group by a.sphh
                            ) b on a.sphh=b.sphh
                            left join (
                              --备货库存
                              select a.sphh,sum(a.sl0-a.dbdf0-a.qtdf0) bhl 
                              from #sphh s inner join YX_T_Spkccmmx a on a.sphh=s.sphh
                              where a.tzid=1 and a.ckid not in (9325,6671,7013) group by a.sphh
                            ) c on a.sphh=c.sphh
                            
                            select a.*,b.zzl,b.bhl from #zb a left join #zzbh b on a.sphh=b.sphh

                            drop table #zb;drop table #sphh;drop table #zzbh;
{"lx":"sphh","khid":"","mdid":"","sphh":"","lbid":"","kfbh":"20161","ksrq":"","jsrq":"","khlb":"xf-xj","roleid":"99","curkhid":"","curkhfl":"","order":{"col":"","direc":""}}
【2017-1-18 10:47:12】  订单数据查询结束！server='192.168.35.10';database=tlsoft;uid=ABEASD14AD;pwd=+AuDkDew
【2017-1-18 10:47:12】  select a.sphh,sp.spmc,sum(a.djlb/abs(a.djlb)*sl) xssl
                         from zmd_v_lsdjmx a
                          inner join yx_t_spdmb sp on a.sphh=sp.sphh 
                         where a.djlb in (1,-1,2,-2) and a.djbs=1  and sp.kfbh=@kfbh
                         group by a.sphh,sp.spmc
{"lx":"sphh","khid":"","mdid":"","sphh":"","lbid":"","kfbh":"20161","ksrq":"","jsrq":"","khlb":"xf-xj","roleid":"99","curkhid":"","curkhfl":"","order":{"col":"","direc":""}}
【2017-1-18 10:47:17】  销售数据查询结束！
【2017-1-18 10:47:17】  @kfbh=20161
【2017-1-18 10:47:17】  dt_dd-rows:809 dt_ls-rows:777
【2017-1-18 10:53:47】  select sp.sphh,sp.spmc,sum(a.sl) ddsl into #zb
                            from yx_v_dddjmx a                            
                             inner join yx_t_spdmb sp on a.sphh=sp.sphh                                 
                            where a.tzid=1 and a.djlx=201 and a.djbs=1  and sp.kfbh=@kfbh
                            group by sp.sphh,sp.spmc order by sum(a.sl) desc;
                            --备货量与周转量
                            select distinct sphh into #sphh from #zb;
                            select a.sphh,isnull(a.tcl,0) tcl,c.bhl,isnull(a.tcl,0)-isnull(b.ddsl,0) zzl into #zzbh
                            from #sphh s
                            left join (
                              --统筹计划量
                              select a.sphh,sum(b.sl0) tcl 
                              from #sphh s inner join yx_t_tcjhb a on s.sphh=a.sphh
                              inner join yx_t_tcjhcmmx b on a.id=b.id
                              where a.tzid=1 and a.shbs=1 group by a.sphh
                            ) a on s.sphh=a.sphh
                              --订单数量
                            left join (
                              select a.sphh,sum(a.sl) ddsl  
                              from #sphh s inner join yx_v_dddjmx a on a.sphh=s.sphh
                              where a.djlx=201 and a.djbs=1 group by a.sphh
                            ) b on a.sphh=b.sphh
                            left join (
                              --备货库存
                              select a.sphh,sum(a.sl0-a.dbdf0-a.qtdf0) bhl 
                              from #sphh s inner join YX_T_Spkccmmx a on a.sphh=s.sphh
                              where a.tzid=1 and a.ckid not in (9325,6671,7013) group by a.sphh
                            ) c on a.sphh=c.sphh
                            
                            select a.*,b.zzl,b.bhl from #zb a left join #zzbh b on a.sphh=b.sphh

                            drop table #zb;drop table #sphh;drop table #zzbh;
{"lx":"sphh","khid":"","mdid":"","sphh":"","lbid":"","kfbh":"20161","ksrq":"","jsrq":"","khlb":"","zmdfl":"","roleid":"99","curkhid":"","curkhfl":"","order":{"col":"","direc":""}}
【2017-1-18 10:53:48】  订单数据查询结束！server='192.168.35.10';database=tlsoft;uid=ABEASD14AD;pwd=+AuDkDew
【2017-1-18 10:53:48】  select a.sphh,sp.spmc,sum(a.djlb/abs(a.djlb)*sl) xssl
                         from zmd_v_lsdjmx a
                          inner join yx_t_spdmb sp on a.sphh=sp.sphh 
                         where a.djlb in (1,-1,2,-2) and a.djbs=1  and sp.kfbh=@kfbh
                         group by a.sphh,sp.spmc
{"lx":"sphh","khid":"","mdid":"","sphh":"","lbid":"","kfbh":"20161","ksrq":"","jsrq":"","khlb":"","zmdfl":"","roleid":"99","curkhid":"","curkhfl":"","order":{"col":"","direc":""}}
【2017-1-18 10:53:52】  销售数据查询结束！
【2017-1-18 10:53:52】  @kfbh=20161
【2017-1-18 10:53:52】  dt_dd-rows:809 dt_ls-rows:777
【2017-1-18 10:54:23】  select sp.sphh,sp.spmc,sum(a.sl) ddsl into #zb
                            from yx_v_dddjmx a                            
                             inner join yx_t_spdmb sp on a.sphh=sp.sphh                                 
                            where a.tzid=1 and a.djlx=201 and a.djbs=1  and sp.kfbh=@kfbh
                            group by sp.sphh,sp.spmc order by sum(a.sl) desc;
                            --备货量与周转量
                            select distinct sphh into #sphh from #zb;
                            select a.sphh,isnull(a.tcl,0) tcl,c.bhl,isnull(a.tcl,0)-isnull(b.ddsl,0) zzl into #zzbh
                            from #sphh s
                            left join (
                              --统筹计划量
                              select a.sphh,sum(b.sl0) tcl 
                              from #sphh s inner join yx_t_tcjhb a on s.sphh=a.sphh
                              inner join yx_t_tcjhcmmx b on a.id=b.id
                              where a.tzid=1 and a.shbs=1 group by a.sphh
                            ) a on s.sphh=a.sphh
                              --订单数量
                            left join (
                              select a.sphh,sum(a.sl) ddsl  
                              from #sphh s inner join yx_v_dddjmx a on a.sphh=s.sphh
                              where a.djlx=201 and a.djbs=1 group by a.sphh
                            ) b on a.sphh=b.sphh
                            left join (
                              --备货库存
                              select a.sphh,sum(a.sl0-a.dbdf0-a.qtdf0) bhl 
                              from #sphh s inner join YX_T_Spkccmmx a on a.sphh=s.sphh
                              where a.tzid=1 and a.ckid not in (9325,6671,7013) group by a.sphh
                            ) c on a.sphh=c.sphh
                            
                            select a.*,b.zzl,b.bhl from #zb a left join #zzbh b on a.sphh=b.sphh

                            drop table #zb;drop table #sphh;drop table #zzbh;
{"lx":"sphh","khid":"","mdid":"","sphh":"","lbid":"","kfbh":"20161","ksrq":"","jsrq":"","khlb":"xf","zmdfl":"xz","roleid":"99","curkhid":"","curkhfl":"","order":{"col":"","direc":""}}
【2017-1-18 10:54:24】  订单数据查询结束！server='192.168.35.10';database=tlsoft;uid=ABEASD14AD;pwd=+AuDkDew
【2017-1-18 10:54:24】  select a.sphh,sp.spmc,sum(a.djlb/abs(a.djlb)*sl) xssl
                         from zmd_v_lsdjmx a
                          inner join yx_t_spdmb sp on a.sphh=sp.sphh 
                         where a.djlb in (1,-1,2,-2) and a.djbs=1  and sp.kfbh=@kfbh
                         group by a.sphh,sp.spmc
{"lx":"sphh","khid":"","mdid":"","sphh":"","lbid":"","kfbh":"20161","ksrq":"","jsrq":"","khlb":"xf","zmdfl":"xz","roleid":"99","curkhid":"","curkhfl":"","order":{"col":"","direc":""}}
【2017-1-18 10:54:30】  销售数据查询结束！
【2017-1-18 10:54:30】  @kfbh=20161
【2017-1-18 10:54:30】  dt_dd-rows:809 dt_ls-rows:777
【2017-1-18 10:57:26】  select sp.sphh,sp.spmc,sum(a.sl) ddsl into #zb
                            from yx_v_dddjmx a                            
                             inner join yx_t_spdmb sp on a.sphh=sp.sphh                                 
                            where a.tzid=1 and a.djlx=201 and a.djbs=1  and sp.kfbh=@kfbh
                            group by sp.sphh,sp.spmc order by sum(a.sl) desc;
                            --备货量与周转量
                            select distinct sphh into #sphh from #zb;
                            select a.sphh,isnull(a.tcl,0) tcl,c.bhl,isnull(a.tcl,0)-isnull(b.ddsl,0) zzl into #zzbh
                            from #sphh s
                            left join (
                              --统筹计划量
                              select a.sphh,sum(b.sl0) tcl 
                              from #sphh s inner join yx_t_tcjhb a on s.sphh=a.sphh
                              inner join yx_t_tcjhcmmx b on a.id=b.id
                              where a.tzid=1 and a.shbs=1 group by a.sphh
                            ) a on s.sphh=a.sphh
                              --订单数量
                            left join (
                              select a.sphh,sum(a.sl) ddsl  
                              from #sphh s inner join yx_v_dddjmx a on a.sphh=s.sphh
                              where a.djlx=201 and a.djbs=1 group by a.sphh
                            ) b on a.sphh=b.sphh
                            left join (
                              --备货库存
                              select a.sphh,sum(a.sl0-a.dbdf0-a.qtdf0) bhl 
                              from #sphh s inner join YX_T_Spkccmmx a on a.sphh=s.sphh
                              where a.tzid=1 and a.ckid not in (9325,6671,7013) group by a.sphh
                            ) c on a.sphh=c.sphh
                            
                            select a.*,b.zzl,b.bhl from #zb a left join #zzbh b on a.sphh=b.sphh

                            drop table #zb;drop table #sphh;drop table #zzbh;
{"lx":"sphh","khid":"","mdid":"","sphh":"","lbid":"","kfbh":"20161","ksrq":"","jsrq":"","khlb":"","zmdfl":"","roleid":"99","curkhid":"","curkhfl":"","order":{"col":"","direc":""}}
【2017-1-18 10:57:27】  订单数据查询结束！server='192.168.35.10';database=tlsoft;uid=ABEASD14AD;pwd=+AuDkDew
【2017-1-18 10:57:27】  select a.sphh,sp.spmc,sum(a.djlb/abs(a.djlb)*sl) xssl
                         from zmd_v_lsdjmx a
                          inner join yx_t_spdmb sp on a.sphh=sp.sphh 
                         where a.djlb in (1,-1,2,-2) and a.djbs=1  and sp.kfbh=@kfbh
                         group by a.sphh,sp.spmc
{"lx":"sphh","khid":"","mdid":"","sphh":"","lbid":"","kfbh":"20161","ksrq":"","jsrq":"","khlb":"","zmdfl":"","roleid":"99","curkhid":"","curkhfl":"","order":{"col":"","direc":""}}
【2017-1-18 10:57:34】  销售数据查询结束！
【2017-1-18 10:57:34】  @kfbh=20161
【2017-1-18 10:57:34】  dt_dd-rows:809 dt_ls-rows:777
【2017-1-18 10:57:40】  select sp.sphh,sp.spmc,sum(a.sl) ddsl into #zb
                            from yx_v_dddjmx a                            
                             inner join yx_t_spdmb sp on a.sphh=sp.sphh                                 
                            where a.tzid=1 and a.djlx=201 and a.djbs=1  and sp.kfbh=@kfbh
                            group by sp.sphh,sp.spmc order by sum(a.sl) desc;
                            --备货量与周转量
                            select distinct sphh into #sphh from #zb;
                            select a.sphh,isnull(a.tcl,0) tcl,c.bhl,isnull(a.tcl,0)-isnull(b.ddsl,0) zzl into #zzbh
                            from #sphh s
                            left join (
                              --统筹计划量
                              select a.sphh,sum(b.sl0) tcl 
                              from #sphh s inner join yx_t_tcjhb a on s.sphh=a.sphh
                              inner join yx_t_tcjhcmmx b on a.id=b.id
                              where a.tzid=1 and a.shbs=1 group by a.sphh
                            ) a on s.sphh=a.sphh
                              --订单数量
                            left join (
                              select a.sphh,sum(a.sl) ddsl  
                              from #sphh s inner join yx_v_dddjmx a on a.sphh=s.sphh
                              where a.djlx=201 and a.djbs=1 group by a.sphh
                            ) b on a.sphh=b.sphh
                            left join (
                              --备货库存
                              select a.sphh,sum(a.sl0-a.dbdf0-a.qtdf0) bhl 
                              from #sphh s inner join YX_T_Spkccmmx a on a.sphh=s.sphh
                              where a.tzid=1 and a.ckid not in (9325,6671,7013) group by a.sphh
                            ) c on a.sphh=c.sphh
                            
                            select a.*,b.zzl,b.bhl from #zb a left join #zzbh b on a.sphh=b.sphh

                            drop table #zb;drop table #sphh;drop table #zzbh;
{"lx":"sphh","khid":"","mdid":"","sphh":"","lbid":"","kfbh":"20161","ksrq":"","jsrq":"","khlb":"xg","zmdfl":"xj","roleid":"99","curkhid":"","curkhfl":"","order":{"col":"","direc":""}}
【2017-1-18 10:57:42】  订单数据查询结束！server='192.168.35.10';database=tlsoft;uid=ABEASD14AD;pwd=+AuDkDew
【2017-1-18 10:57:42】  select a.sphh,sp.spmc,sum(a.djlb/abs(a.djlb)*sl) xssl
                         from zmd_v_lsdjmx a
                          inner join yx_t_spdmb sp on a.sphh=sp.sphh 
                         where a.djlb in (1,-1,2,-2) and a.djbs=1  and sp.kfbh=@kfbh
                         group by a.sphh,sp.spmc
{"lx":"sphh","khid":"","mdid":"","sphh":"","lbid":"","kfbh":"20161","ksrq":"","jsrq":"","khlb":"xg","zmdfl":"xj","roleid":"99","curkhid":"","curkhfl":"","order":{"col":"","direc":""}}
【2017-1-18 10:57:47】  销售数据查询结束！
【2017-1-18 10:57:47】  @kfbh=20161
【2017-1-18 10:57:47】  dt_dd-rows:809 dt_ls-rows:777
【2017-1-18 10:58:37】  select sp.sphh,sp.spmc,sum(a.sl) ddsl into #zb
                            from yx_v_dddjmx a                            
                             inner join yx_t_spdmb sp on a.sphh=sp.sphh                                 
                            where a.tzid=1 and a.djlx=201 and a.djbs=1  and sp.kfbh=@kfbh
                            group by sp.sphh,sp.spmc order by sum(a.sl) desc;
                            --备货量与周转量
                            select distinct sphh into #sphh from #zb;
                            select a.sphh,isnull(a.tcl,0) tcl,c.bhl,isnull(a.tcl,0)-isnull(b.ddsl,0) zzl into #zzbh
                            from #sphh s
                            left join (
                              --统筹计划量
                              select a.sphh,sum(b.sl0) tcl 
                              from #sphh s inner join yx_t_tcjhb a on s.sphh=a.sphh
                              inner join yx_t_tcjhcmmx b on a.id=b.id
                              where a.tzid=1 and a.shbs=1 group by a.sphh
                            ) a on s.sphh=a.sphh
                              --订单数量
                            left join (
                              select a.sphh,sum(a.sl) ddsl  
                              from #sphh s inner join yx_v_dddjmx a on a.sphh=s.sphh
                              where a.djlx=201 and a.djbs=1 group by a.sphh
                            ) b on a.sphh=b.sphh
                            left join (
                              --备货库存
                              select a.sphh,sum(a.sl0-a.dbdf0-a.qtdf0) bhl 
                              from #sphh s inner join YX_T_Spkccmmx a on a.sphh=s.sphh
                              where a.tzid=1 and a.ckid not in (9325,6671,7013) group by a.sphh
                            ) c on a.sphh=c.sphh
                            
                            select a.*,b.zzl,b.bhl from #zb a left join #zzbh b on a.sphh=b.sphh

                            drop table #zb;drop table #sphh;drop table #zzbh;
{"lx":"sphh","khid":"","mdid":"","sphh":"","lbid":"","kfbh":"20153","ksrq":"","jsrq":"","khlb":"xg","zmdfl":"xj","roleid":"99","curkhid":"","curkhfl":"","order":{"col":"","direc":""}}
【2017-1-18 10:58:40】  订单数据查询结束！server='192.168.35.10';database=tlsoft;uid=ABEASD14AD;pwd=+AuDkDew
【2017-1-18 10:58:40】  select a.sphh,sp.spmc,sum(a.djlb/abs(a.djlb)*sl) xssl
                         from zmd_v_lsdjmx a
                          inner join yx_t_spdmb sp on a.sphh=sp.sphh 
                         where a.djlb in (1,-1,2,-2) and a.djbs=1  and sp.kfbh=@kfbh
                         group by a.sphh,sp.spmc
{"lx":"sphh","khid":"","mdid":"","sphh":"","lbid":"","kfbh":"20153","ksrq":"","jsrq":"","khlb":"xg","zmdfl":"xj","roleid":"99","curkhid":"","curkhfl":"","order":{"col":"","direc":""}}
【2017-1-18 10:58:48】  销售数据查询结束！
【2017-1-18 10:58:48】  @kfbh=20153
【2017-1-18 10:58:48】  dt_dd-rows:2274 dt_ls-rows:2195
