【2017-3-4 14:49:53】  【数据库操作错误】无法绑定由多个部分组成的标识符 "md.khid"。
【2017-3-4 14:53:24】  【数据库操作错误】无法绑定由多个部分组成的标识符 "md.khid"。
【2017-3-4 14:53:42】  【数据库操作错误】无法绑定由多个部分组成的标识符 "md.khid"。
【2017-3-4 14:53:50】  【数据库操作错误】无法绑定由多个部分组成的标识符 "md.khid"。
【2017-3-4 14:54:55】  【数据库操作错误】无法绑定由多个部分组成的标识符 "md.khid"。
【2017-3-4 14:55:35】  【数据库操作错误】无法绑定由多个部分组成的标识符 "md.khid"。
【2017-3-4 14:55:48】  【数据库操作错误】无法绑定由多个部分组成的标识符 "md.khid"。
【2017-3-4 14:55:56】  【数据库操作错误】无法绑定由多个部分组成的标识符 "md.khid"。
【2017-3-4 14:57:13】  【数据库操作错误】无法绑定由多个部分组成的标识符 "md.khid"。
【2017-3-4 14:59:46】  【数据库操作错误】无法绑定由多个部分组成的标识符 "md.khid"。
【2017-3-4 15:05:38】  【数据库操作错误】无法绑定由多个部分组成的标识符 "md.khid"。
【2017-3-4 15:05:42】  【数据库操作错误】无法绑定由多个部分组成的标识符 "md.khid"。
【2017-3-4 15:10:28】  【数据库操作错误】无法绑定由多个部分组成的标识符 "md.khid"。
【2017-3-4 15:11:01】  【数据库操作错误】无法绑定由多个部分组成的标识符 "gx.ccid"。
【2017-3-4 15:11:38】  【数据库操作错误】无法绑定由多个部分组成的标识符 "gx.ccid"。
【2017-3-4 15:19:00】  订单数据查询结束！server='192.168.35.10';database=tlsoft;uid=ABEASD14AD;pwd=+AuDkDew
【2017-3-4 15:19:00】  select a.sphh,sp.spmc,sum(a.djlb/abs(a.djlb)*sl) xssl
                         from zmd_v_lsdjmx a
                          inner join yx_t_spdmb sp on a.sphh=sp.sphh  inner join t_mdb md on a.mdid=md.mdid and md.ty=0  inner join yx_t_khb kh on md.khid=kh.khid and kh.ty=0 
                         where a.djlb in (1,-1,2,-2) and a.djbs=1  and kh.ccid+'-' like @khid
                         group by a.sphh,sp.spmc
{"lx":"sphh","khid":"1749","mdid":"","sphh":"","lbid":"","kfbh":"","ksrq":"","jsrq":"","khlb":"","zmdfl":"","roleid":"4","curkhid":"1749","curkhfl":"","order":{"col":"","direc":""}}
【2017-3-4 15:19:12】  销售数据查询结束！
【2017-3-4 15:19:12】  @khid=-1-1749-%
【2017-3-4 15:19:12】  dt_dd-rows:32787 dt_ls-rows:20347
