【2017-3-3 9:23:41】  订单数据查询结束！server='192.168.35.10';database=tlsoft;uid=ABEASD14AD;pwd=+AuDkDew
【2017-3-3 9:23:41】  select a.sphh,sp.spmc,sum(a.djlb/abs(a.djlb)*sl) xssl
                         from zmd_v_lsdjmx a
                          inner join yx_t_spdmb sp on a.sphh=sp.sphh 
                         where a.djlb in (1,-1,2,-2) and a.djbs=1 
                         group by a.sphh,sp.spmc
{"lx":"sphh","khid":"","mdid":"","sphh":"","lbid":"","kfbh":"","ksrq":"","jsrq":"","khlb":"","zmdfl":"","roleid":"99","curkhid":"","curkhfl":"","order":{"col":"","direc":""}}
【2017-3-3 9:24:04】  销售数据查询结束！
【2017-3-3 9:24:05】  dt_dd-rows:68060 dt_ls-rows:56524
【2017-3-3 9:24:13】  订单数据查询结束！server='192.168.35.10';database=tlsoft;uid=ABEASD14AD;pwd=+AuDkDew
【2017-3-3 9:24:13】  select a.sphh,sp.spmc,sum(a.djlb/abs(a.djlb)*sl) xssl
                         from zmd_v_lsdjmx a
                          inner join yx_t_spdmb sp on a.sphh=sp.sphh 
                         where a.djlb in (1,-1,2,-2) and a.djbs=1  and sp.kfbh=@kfbh
                         group by a.sphh,sp.spmc
{"lx":"sphh","khid":"","mdid":"","sphh":"","lbid":"","kfbh":"20152","ksrq":"","jsrq":"","khlb":"","zmdfl":"","roleid":"99","curkhid":"","curkhfl":"","order":{"col":"","direc":""}}
【2017-3-3 9:24:18】  销售数据查询结束！
【2017-3-3 9:24:18】  @kfbh=20152
【2017-3-3 9:24:19】  dt_dd-rows:1842 dt_ls-rows:1846
【2017-3-3 9:24:19】  订单数据查询结束！server='192.168.35.10';database=tlsoft;uid=ABEASD14AD;pwd=+AuDkDew
【2017-3-3 9:24:19】  select a.sphh,sp.spmc,sum(a.djlb/abs(a.djlb)*sl) xssl
                         from zmd_v_lsdjmx a
                          inner join yx_t_spdmb sp on a.sphh=sp.sphh 
                         where a.djlb in (1,-1,2,-2) and a.djbs=1  and a.rq>=convert(datetime,@ksrq) and a.rq<convert(datetime,@jsrq) and sp.kfbh=@kfbh
                         group by a.sphh,sp.spmc
{"lx":"sphh","khid":"","mdid":"","sphh":"","lbid":"","kfbh":"20152","ksrq":"2017-03-01","jsrq":"2017-03-03","khlb":"","zmdfl":"","roleid":"99","curkhid":"","curkhfl":"","order":{"col":"","direc":""}}
【2017-3-3 9:24:21】  销售数据查询结束！
【2017-3-3 9:24:21】  @ksrq=2017-03-01
【2017-3-3 9:24:21】  @jsrq=2017-03-03
【2017-3-3 9:24:21】  @kfbh=20152
【2017-3-3 9:24:21】  dt_dd-rows:0 dt_ls-rows:157
【2017-3-3 9:24:35】  订单数据查询结束！server='192.168.35.10';database=tlsoft;uid=ABEASD14AD;pwd=+AuDkDew
【2017-3-3 9:24:35】  select a.sphh,sp.spmc,sum(a.djlb/abs(a.djlb)*sl) xssl
                         from zmd_v_lsdjmx a
                          inner join yx_t_spdmb sp on a.sphh=sp.sphh 
                         where a.djlb in (1,-1,2,-2) and a.djbs=1  and a.rq>=convert(datetime,@ksrq) and a.rq<convert(datetime,@jsrq) and sp.kfbh=@kfbh
                         group by a.sphh,sp.spmc
{"lx":"sphh","khid":"","mdid":"","sphh":"","lbid":"","kfbh":"20154","ksrq":"2017-03-01","jsrq":"2017-03-03","khlb":"","zmdfl":"","roleid":"99","curkhid":"","curkhfl":"","order":{"col":"","direc":""}}
【2017-3-3 9:24:36】  销售数据查询结束！
【2017-3-3 9:24:36】  @ksrq=2017-03-01
【2017-3-3 9:24:36】  @jsrq=2017-03-03
【2017-3-3 9:24:36】  @kfbh=20154
【2017-3-3 9:24:36】  dt_dd-rows:0 dt_ls-rows:664
