2018-05-04 17:59:20 - [信息]{"type":"ERROR","msg":"检测数据同步失败！！！"}
2018-05-04 18:09:33 - [信息]{"type":"ERROR","msg":"检测数据同步失败！！！"}
2018-05-04 18:10:46 - [信息]{"type":"ERROR","msg":"检测数据同步失败！！！"}
2018-05-04 18:16:04 - [信息]{"type":"ERROR","msg":"检测数据同步失败！！！"}
2018-05-05 08:00:35 - [信息]{"type":"ERROR","msg":"检测数据同步失败！！！"}
2018-05-05 08:01:55 - [信息]{"type":"ERROR","msg":"检测数据同步失败！！！"}
2018-05-05 08:04:03 - [信息]{"type":"ERROR","msg":"检测数据同步失败！！！"}
2018-05-05 08:04:36 - [信息]{"type":"ERROR","msg":"检测数据同步失败！！！"}
2018-05-05 12:13:41 - [信息]{"type":"ERROR","msg":"检测数据同步失败！！！"}
2018-05-05 12:17:36 - [信息]{"type":"ERROR","msg":"检测数据同步失败！！！"}
2018-05-05 12:17:40 - [信息]{"type":"ERROR","msg":"检测数据同步失败！！！"}
2018-05-05 12:17:52 - [信息]{"type":"ERROR","msg":"检测数据同步失败！！！"}
2018-05-05 15:17:44 - [信息]{"type":"ERROR","msg":"检测数据同步失败！！！"}
2018-05-05 15:38:29 - [信息]没有对应的委托单！！！
2018-05-05 16:25:45 - [信息]没有对应的委托单！！！
2018-05-05 17:49:02 - [信息]没有对应的委托单！！！
2018-05-06 10:27:05 - [信息]{"type":"ERROR","msg":"无ctrl对应操作！"}
2018-05-06 10:37:44 - [信息]{"type":"ERROR","msg":"无ctrl对应操作！"}
2018-05-06 10:58:57 - [信息]{"type":"ERROR","msg":"无ctrl对应操作！"}
2018-05-06 10:59:17 - [信息]{"type":"ERROR","msg":"无ctrl对应操作！"}
2018-05-06 10:59:30 - [信息]{"type":"ERROR","msg":"无ctrl对应操作！"}
2018-05-06 11:01:58 - [信息]{"type":"ERROR","msg":"无ctrl对应操作！"}
2018-05-06 11:02:41 - [信息]{"type":"ERROR","msg":"无ctrl对应操作！"}
2018-05-06 11:10:48 - [信息]下载pdf失败！！！  
2018-05-06 11:19:54 - [信息]下载pdf失败！！！  
2018-05-06 14:42:55 - [信息]下载pdf失败！！！  
2018-05-07 11:20:20 - [信息]下载pdf失败！！！  
2018-05-07 11:22:54 - [信息]下载pdf失败！！！  
2018-05-07 13:53:15 - [信息]下载pdf失败！！！  
2018-05-08 08:42:59 - [信息]下载pdf失败！！！  
2018-05-08 08:46:35 - [信息]下载pdf失败！！！  
2018-05-08 09:36:58 - [信息]下载pdf失败！！！  
2018-05-08 09:37:58 - [信息]下载pdf失败！！！  
2018-05-16 19:53:10 - [信息]下载pdf失败！！！  
2018-05-16 19:57:33 - [信息]下载pdf失败！！！  
2018-05-16 20:01:35 - [信息]下载pdf失败！！！  
2018-05-16 20:02:10 - [信息]下载pdf失败！！！  
2018-05-16 20:07:40 - [信息]下载pdf失败！！！  
2018-05-16 20:09:33 - [信息]没有对应的委托单！！！
2018-05-16 20:11:03 - [信息]没有对应的委托单！！！
2018-05-16 20:11:50 - [信息]没有对应的委托单！！！
2018-05-17 09:11:56 - [信息]没有对应的委托单！！！
2018-05-17 09:13:49 - [信息]{"type":"WARN","msg":"检测数据不存在！！！"}
2018-05-17 09:17:32 - [信息]没有对应的委托单！！！
2018-05-17 09:18:50 - [信息]没有对应的委托单！！！
2018-05-17 09:18:52 - [信息]没有对应的委托单！！！
2018-05-17 09:18:53 - [信息]没有对应的委托单！！！
2018-05-17 09:23:11 - [信息]没有对应的委托单！！！
2018-05-17 09:23:15 - [信息]没有对应的委托单！！！
2018-05-17 09:23:19 - [信息]没有对应的委托单！！！
2018-05-17 09:24:08 - [信息]没有对应的委托单！！！
2018-05-17 09:24:08 - [信息]没有对应的委托单！！！
2018-05-17 09:24:10 - [信息]没有对应的委托单！！！
2018-05-17 09:31:58 - [信息]没有对应的委托单！！！
2018-05-17 09:40:05 - [信息]没有对应的委托单！！！
2018-05-17 09:40:53 - [信息]没有对应的委托单！！！
2018-05-17 09:42:17 - [信息]没有对应的委托单！！！
2018-05-17 09:42:17 - [信息]没有对应的委托单！！！
2018-05-17 09:49:33 - [信息]没有对应的委托单！！！
2018-05-17 09:52:40 - [信息]没有对应的委托单！！！
2018-05-17 09:56:21 - [信息]没有对应的委托单！！！
2018-05-17 10:07:56 - [信息]没有对应的委托单！！！
2018-05-17 10:08:36 - [信息]没有对应的委托单！！！
2018-05-17 10:12:07 - [信息]没有对应的委托单！！！
2018-05-17 10:12:10 - [信息]没有对应的委托单！！！
2018-05-17 10:12:18 - [信息]没有对应的委托单！！！
2018-05-17 10:21:53 - [信息]下载pdf失败！！！  
2018-05-25 10:42:48 - [信息]没有对应的委托单！！！
2018-05-26 18:18:52 - [信息]{"type":"ERROR","msg":"检测数据同步失败！！！"}
